TN:
SF:dist/lynk.js
FNF:0
FNH:0
DA:1,82
DA:2,82
DA:3,82
DA:4,82
DA:5,82
DA:6,82
DA:7,82
DA:8,82
DA:9,82
DA:10,82
DA:11,82
DA:12,82
DA:13,82
DA:14,82
DA:15,82
DA:16,82
DA:17,82
DA:18,82
DA:19,82
DA:20,82
DA:21,82
DA:22,82
DA:23,82
DA:24,82
DA:25,82
DA:26,82
DA:27,82
DA:28,82
DA:29,82
DA:30,82
DA:31,82
DA:32,82
DA:33,82
DA:34,82
DA:35,82
DA:36,82
DA:37,82
DA:38,82
DA:39,82
DA:40,82
DA:41,82
DA:42,82
DA:43,82
DA:44,82
DA:45,82
DA:46,82
DA:47,82
DA:48,82
DA:49,82
DA:50,82
DA:51,82
DA:52,82
DA:53,82
DA:54,82
DA:55,82
DA:56,82
DA:57,82
DA:58,82
DA:59,82
DA:60,82
DA:61,82
DA:62,82
DA:63,82
DA:64,82
DA:65,82
DA:66,82
DA:67,82
DA:68,82
DA:69,82
DA:70,82
DA:71,82
DA:72,82
DA:73,82
DA:74,82
DA:75,82
DA:76,82
DA:77,82
DA:78,82
DA:79,82
DA:80,82
DA:81,82
DA:82,82
DA:83,82
DA:84,82
DA:85,82
DA:86,82
DA:87,82
DA:88,82
DA:89,82
DA:90,82
DA:91,82
DA:92,82
DA:93,82
DA:94,82
DA:95,82
DA:96,82
DA:97,82
DA:98,82
DA:99,82
DA:100,82
DA:101,82
DA:102,82
DA:103,82
DA:104,82
DA:105,82
DA:106,82
DA:107,82
DA:108,82
DA:109,82
DA:110,82
DA:111,82
DA:112,82
DA:113,82
DA:114,82
DA:115,82
DA:116,82
DA:117,82
DA:118,82
DA:119,82
DA:120,82
DA:121,82
DA:122,82
DA:123,82
DA:124,82
DA:125,82
DA:126,82
DA:127,82
DA:128,82
DA:129,82
DA:130,82
DA:131,82
DA:132,82
DA:133,82
DA:134,82
DA:135,82
DA:136,82
DA:137,82
DA:138,82
DA:139,82
DA:140,82
DA:141,82
DA:142,82
DA:143,82
DA:144,82
DA:145,82
DA:146,82
DA:147,82
DA:148,82
DA:149,82
DA:150,82
DA:151,82
DA:152,82
DA:153,82
DA:154,82
DA:155,82
DA:156,82
DA:157,82
DA:158,82
DA:159,82
DA:160,82
DA:161,82
DA:162,82
DA:163,82
DA:164,82
DA:165,82
DA:166,82
DA:167,82
DA:168,82
DA:169,82
DA:170,82
DA:171,82
DA:172,82
DA:173,82
DA:174,82
DA:175,82
DA:176,82
DA:177,82
DA:178,82
DA:179,82
DA:180,82
DA:181,82
DA:182,82
DA:183,82
DA:184,82
DA:185,82
DA:186,82
DA:187,82
DA:188,82
DA:189,82
DA:190,82
DA:191,82
DA:192,82
DA:193,82
DA:194,82
DA:195,82
DA:196,82
DA:197,82
DA:198,82
DA:199,82
DA:200,82
DA:201,82
DA:202,82
DA:203,82
DA:204,82
DA:205,82
DA:206,82
DA:207,82
DA:208,82
DA:209,82
DA:210,82
DA:211,82
DA:212,82
DA:213,82
DA:214,82
DA:215,82
DA:216,82
DA:217,82
DA:218,82
DA:219,82
DA:220,82
DA:221,82
DA:222,82
DA:223,82
DA:224,82
DA:225,82
DA:226,82
DA:227,82
DA:228,82
DA:229,82
DA:230,82
DA:231,82
DA:232,82
DA:233,82
DA:234,82
DA:235,82
DA:236,82
DA:237,82
DA:238,82
DA:239,82
DA:240,82
DA:241,82
DA:242,82
DA:243,82
DA:244,82
DA:245,82
DA:246,82
DA:247,82
DA:248,82
DA:249,82
DA:250,82
DA:251,82
DA:252,82
DA:253,82
DA:254,82
DA:255,82
DA:256,82
DA:257,82
DA:258,82
DA:259,82
DA:260,82
DA:261,82
DA:262,82
DA:263,82
DA:264,82
DA:265,82
DA:266,82
DA:267,82
DA:268,82
DA:269,82
DA:270,82
DA:271,82
DA:272,82
DA:273,82
DA:274,82
DA:275,82
DA:276,82
DA:277,82
DA:278,82
DA:279,82
DA:280,82
DA:281,82
DA:282,82
DA:283,82
DA:284,82
DA:285,82
DA:286,82
DA:287,82
DA:288,82
DA:289,82
DA:290,82
DA:291,82
DA:292,82
DA:293,82
DA:294,82
DA:295,82
DA:296,82
DA:297,82
DA:298,82
DA:299,82
DA:300,82
DA:301,82
DA:302,82
DA:303,82
DA:304,82
DA:305,82
DA:306,82
DA:307,82
LF:307
LH:307
BRDA:1,0,0,82
BRF:1
BRH:1
end_of_record
TN:
SF:dist/chunks/chunk.24YCMUC5.js
FN:9,ensureAnimation
FN:12,setDefaultAnimation
FN:15,setAnimation
FN:18,getAnimation
FNF:4
FNH:3
FNDA:2132,ensureAnimation
FNDA:2132,setDefaultAnimation
FNDA:0,setAnimation
FNDA:134,getAnimation
DA:1,82
DA:2,82
DA:3,82
DA:4,82
DA:5,82
DA:6,82
DA:7,82
DA:8,82
DA:9,2132
DA:10,2132
DA:11,2132
DA:12,2132
DA:13,2132
DA:14,2132
DA:15,0
DA:16,0
DA:17,0
DA:18,134
DA:19,134
DA:20,134
DA:21,0
DA:22,0
DA:23,134
DA:24,134
DA:25,134
DA:26,134
DA:27,0
DA:28,0
DA:29,0
DA:30,0
DA:31,134
DA:32,82
DA:33,82
DA:34,82
DA:35,82
DA:36,82
DA:37,82
LF:37
LH:28
BRDA:1,0,0,82
BRDA:9,1,0,2132
BRDA:10,2,0,0
BRDA:12,3,0,2132
BRDA:18,4,0,200
BRDA:20,5,0,66
BRDA:20,6,0,66
BRDA:27,7,0,66
BRF:8
BRH:7
end_of_record
TN:
SF:dist/chunks/chunk.2BWKE3WI.js
FN:20,render
FNF:1
FNH:1
FNDA:2,render
DA:1,82
DA:2,82
DA:3,82
DA:4,82
DA:5,82
DA:6,82
DA:7,82
DA:8,82
DA:9,82
DA:10,82
DA:11,82
DA:12,82
DA:13,82
DA:14,82
DA:15,82
DA:16,82
DA:17,82
DA:18,82
DA:19,82
DA:20,82
DA:21,2
DA:22,2
DA:23,2
DA:24,2
DA:25,2
DA:26,2
DA:27,2
DA:28,2
DA:29,2
DA:30,2
DA:31,2
DA:32,2
DA:33,82
DA:34,82
DA:35,82
DA:36,82
DA:37,82
DA:38,82
DA:39,82
DA:40,82
DA:41,82
LF:41
LH:41
BRDA:1,0,0,242
BRDA:20,1,0,242
BRDA:26,2,0,242
BRF:3
BRH:3
end_of_record
TN:
SF:dist/chunks/chunk.2J7HH7MQ.js
FN:20,LynkButtonGroup
FN:24,handleFocus
FN:28,handleBlur
FN:32,handleMouseOver
FN:36,handleMouseOut
FN:40,handleSlotChange
FN:53,render
FN:80,findButton
FNF:8
FNH:8
FNDA:18,LynkButtonGroup
FNDA:8,handleFocus
FNDA:8,handleBlur
FNDA:2,handleMouseOver
FNDA:2,handleMouseOut
FNDA:18,handleSlotChange
FNDA:18,render
FNDA:68,findButton
DA:1,82
DA:2,82
DA:3,82
DA:4,82
DA:5,82
DA:6,82
DA:7,82
DA:8,82
DA:9,82
DA:10,82
DA:11,82
DA:12,82
DA:13,82
DA:14,82
DA:15,82
DA:16,82
DA:17,82
DA:18,82
DA:19,82
DA:20,82
DA:21,18
DA:22,18
DA:23,18
DA:24,82
DA:25,8
DA:26,8
DA:27,8
DA:28,82
DA:29,8
DA:30,8
DA:31,8
DA:32,82
DA:33,2
DA:34,2
DA:35,2
DA:36,82
DA:37,2
DA:38,2
DA:39,2
DA:40,82
DA:41,18
DA:42,18
DA:43,48
DA:44,48
DA:45,48
DA:46,48
DA:47,48
DA:48,48
DA:49,48
DA:50,48
DA:51,18
DA:52,18
DA:53,82
DA:54,18
DA:55,18
DA:56,18
DA:57,18
DA:58,18
DA:59,18
DA:60,18
DA:61,18
DA:62,18
DA:63,18
DA:64,18
DA:65,18
DA:66,18
DA:67,18
DA:68,18
DA:69,82
DA:70,82
DA:71,82
DA:72,82
DA:73,82
DA:74,82
DA:75,82
DA:76,82
DA:77,82
DA:78,82
DA:79,82
DA:80,68
DA:81,68
DA:82,68
DA:83,82
DA:84,82
DA:85,82
DA:86,82
LF:86
LH:86
BRDA:1,0,0,1465
BRDA:20,1,0,1465
BRDA:24,2,0,1465
BRDA:26,3,0,1465
BRDA:28,4,0,1465
BRDA:30,5,0,1465
BRDA:32,6,0,1465
BRDA:34,7,0,1465
BRDA:36,8,0,1465
BRDA:38,9,0,1465
BRDA:40,10,0,1465
BRDA:42,11,0,1465
BRDA:48,12,0,1465
BRDA:53,13,0,1465
BRDA:80,14,0,1465
BRDA:81,15,0,1465
BRF:16
BRH:16
end_of_record
TN:
SF:dist/chunks/chunk.2JQPDYNA.js
FN:3,e
FN:5,i
FN:7,get _$AU
FN:10,_$AT
FN:13,_$AS
FN:16,update
FNF:6
FNH:5
FNDA:492,e
FNDA:1466,i
FNDA:0,get _$AU
FNDA:1466,_$AT
FNDA:2756,_$AS
FNDA:740,update
DA:1,82
DA:2,82
DA:3,82
DA:4,82
DA:5,82
DA:6,1466
DA:7,82
DA:8,0
DA:9,0
DA:10,82
DA:11,1466
DA:12,1466
DA:13,82
DA:14,2756
DA:15,2756
DA:16,82
DA:17,740
DA:18,740
DA:19,82
DA:20,82
DA:21,82
DA:22,82
DA:23,82
DA:24,82
DA:25,82
DA:26,82
DA:27,82
DA:28,82
DA:29,82
DA:30,82
LF:30
LH:28
BRDA:1,0,0,82
BRDA:3,1,0,978
BRDA:3,2,0,978
BRDA:5,3,0,1502
BRDA:10,4,0,1502
BRDA:13,5,0,2792
BRDA:16,6,0,796
BRF:7
BRH:7
end_of_record
TN:
SF:dist/chunks/chunk.2JS6NR3B.js
FN:38,LynkSelect
FN:68,connectedCallback
FN:76,firstUpdated
FN:81,disconnectedCallback
FN:85,reportValidity
FN:88,setCustomValidity
FN:92,getValueAsArray
FN:98,focus
FN:101,blur
FN:104,handleBlur
FN:110,handleClearClick
FN:116,handleDisabledChange
FN:125,handleFocus
FN:131,handleKeyDown
FN:170,handleLabelClick
FN:175,handleMenuSelect
FN:184,handleMenuShow
FN:188,handleMenuHide
FN:192,handleMenuItemLabelChange
FN:198,handleMultipleChange
FN:204,handleMenuSlotChange
FN:216,handleTagInteraction
FN:229,handleValueChange
FN:237,resizeMenu
FN:241,syncItemsFromValue
FN:299,syncValueFromItems
FN:308,render
FNF:27
FNH:20
FNDA:16,LynkSelect
FNDA:16,connectedCallback
FNDA:16,firstUpdated
FNDA:16,disconnectedCallback
FNDA:2,reportValidity
FNDA:0,setCustomValidity
FNDA:66,getValueAsArray
FNDA:2,focus
FNDA:0,blur
FNDA:8,handleBlur
FNDA:0,handleClearClick
FNDA:0,handleDisabledChange
FNDA:8,handleFocus
FNDA:6,handleKeyDown
FNDA:2,handleLabelClick
FNDA:0,handleMenuSelect
FNDA:2,handleMenuShow
FNDA:2,handleMenuHide
FNDA:2,handleMenuItemLabelChange
FNDA:16,handleMultipleChange
FNDA:16,handleMenuSlotChange
FNDA:0,handleTagInteraction
FNDA:2,handleValueChange
FNDA:18,resizeMenu
FNDA:50,syncItemsFromValue
FNDA:0,syncValueFromItems
FNDA:70,render
DA:1,82
DA:2,82
DA:3,82
DA:4,82
DA:5,82
DA:6,82
DA:7,82
DA:8,82
DA:9,82
DA:10,82
DA:11,82
DA:12,82
DA:13,82
DA:14,82
DA:15,82
DA:16,82
DA:17,82
DA:18,82
DA:19,82
DA:20,82
DA:21,82
DA:22,82
DA:23,82
DA:24,82
DA:25,82
DA:26,82
DA:27,82
DA:28,82
DA:29,82
DA:30,82
DA:31,82
DA:32,82
DA:33,82
DA:34,82
DA:35,82
DA:36,82
DA:37,82
DA:38,82
DA:39,16
DA:40,16
DA:41,16
DA:42,16
DA:43,16
DA:44,16
DA:45,16
DA:46,16
DA:47,16
DA:48,16
DA:49,16
DA:50,16
DA:51,16
DA:52,16
DA:53,16
DA:54,16
DA:55,16
DA:56,16
DA:57,16
DA:58,16
DA:59,16
DA:60,16
DA:61,16
DA:62,16
DA:63,16
DA:64,16
DA:65,16
DA:66,16
DA:67,16
DA:68,82
DA:69,16
DA:70,16
DA:71,16
DA:72,16
DA:73,16
DA:74,16
DA:75,16
DA:76,82
DA:77,16
DA:78,2
DA:79,2
DA:80,16
DA:81,82
DA:82,16
DA:83,16
DA:84,16
DA:85,82
DA:86,2
DA:87,2
DA:88,82
DA:89,0
DA:90,0
DA:91,0
DA:92,82
DA:93,66
DA:94,0
DA:95,0
DA:96,66
DA:97,66
DA:98,82
DA:99,2
DA:100,2
DA:101,82
DA:102,0
DA:103,0
DA:104,82
DA:105,8
DA:106,6
DA:107,6
DA:108,6
DA:109,8
DA:110,82
DA:111,0
DA:112,0
DA:113,0
DA:114,0
DA:115,0
DA:116,82
DA:117,0
DA:118,0
DA:119,0
DA:120,0
DA:121,0
DA:122,0
DA:123,0
DA:124,0
DA:125,82
DA:126,8
DA:127,8
DA:128,8
DA:129,8
DA:130,8
DA:131,82
DA:132,6
DA:133,6
DA:134,6
DA:135,6
DA:136,0
DA:137,0
DA:138,6
DA:139,0
DA:140,0
DA:141,0
DA:142,0
DA:143,0
DA:144,6
DA:145,0
DA:146,0
DA:147,0
DA:148,0
DA:149,0
DA:150,0
DA:151,0
DA:152,0
DA:153,0
DA:154,0
DA:155,0
DA:156,0
DA:157,0
DA:158,0
DA:159,0
DA:160,6
DA:161,4
DA:162,4
DA:163,6
DA:164,2
DA:165,2
DA:166,2
DA:167,2
DA:168,2
DA:169,6
DA:170,82
DA:171,2
DA:172,2
DA:173,2
DA:174,2
DA:175,82
DA:176,0
DA:177,0
DA:178,0
DA:179,0
DA:180,0
DA:181,0
DA:182,0
DA:183,0
DA:184,82
DA:185,2
DA:186,2
DA:187,2
DA:188,82
DA:189,2
DA:190,2
DA:191,2
DA:192,82
DA:193,2
DA:194,2
DA:195,2
DA:196,2
DA:197,2
DA:198,82
DA:199,16
DA:200,16
DA:201,16
DA:202,16
DA:203,16
DA:204,82
DA:205,16
DA:206,16
DA:207,16
DA:208,48
DA:209,0
DA:210,0
DA:211,48
DA:212,16
DA:213,16
DA:214,16
DA:215,16
DA:216,82
DA:217,0
DA:218,0
DA:219,0
DA:220,0
DA:221,0
DA:222,0
DA:223,0
DA:224,0
DA:225,0
DA:226,0
DA:227,0
DA:228,0
DA:229,82
DA:230,2
DA:231,2
DA:232,2
DA:233,0
DA:234,0
DA:235,2
DA:236,2
DA:237,82
DA:238,18
DA:239,18
DA:240,18
DA:241,82
DA:242,50
DA:243,50
DA:244,50
DA:245,0
DA:246,0
DA:247,0
DA:248,0
DA:249,0
DA:250,0
DA:251,0
DA:252,0
DA:253,0
DA:254,0
DA:255,0
DA:256,0
DA:257,0
DA:258,0
DA:259,0
DA:260,0
DA:261,0
DA:262,0
DA:263,0
DA:264,0
DA:265,0
DA:266,0
DA:267,0
DA:268,0
DA:269,0
DA:270,0
DA:271,0
DA:272,0
DA:273,0
DA:274,0
DA:275,0
DA:276,0
DA:277,0
DA:278,0
DA:279,0
DA:280,0
DA:281,0
DA:282,0
DA:283,0
DA:284,0
DA:285,0
DA:286,0
DA:287,0
DA:288,0
DA:289,0
DA:290,0
DA:291,0
DA:292,0
DA:293,50
DA:294,50
DA:295,50
DA:296,50
DA:297,50
DA:298,50
DA:299,82
DA:300,0
DA:301,0
DA:302,0
DA:303,0
DA:304,0
DA:305,0
DA:306,0
DA:307,0
DA:308,82
DA:309,70
DA:310,70
DA:311,70
DA:312,70
DA:313,70
DA:314,70
DA:315,70
DA:316,70
DA:317,70
DA:318,70
DA:319,70
DA:320,70
DA:321,70
DA:322,70
DA:323,70
DA:324,70
DA:325,70
DA:326,70
DA:327,70
DA:328,70
DA:329,70
DA:330,70
DA:331,70
DA:332,70
DA:333,70
DA:334,70
DA:335,70
DA:336,70
DA:337,70
DA:338,70
DA:339,70
DA:340,70
DA:341,70
DA:342,70
DA:343,70
DA:344,70
DA:345,10
DA:346,10
DA:347,10
DA:348,70
DA:349,70
DA:350,70
DA:351,0
DA:352,0
DA:353,0
DA:354,0
DA:355,0
DA:356,0
DA:357,70
DA:358,70
DA:359,70
DA:360,70
DA:361,70
DA:362,70
DA:363,70
DA:364,70
DA:365,70
DA:366,70
DA:367,70
DA:368,70
DA:369,70
DA:370,70
DA:371,70
DA:372,70
DA:373,70
DA:374,70
DA:375,70
DA:376,70
DA:377,70
DA:378,70
DA:379,70
DA:380,70
DA:381,70
DA:382,70
DA:383,70
DA:384,70
DA:385,70
DA:386,70
DA:387,70
DA:388,70
DA:389,70
DA:390,70
DA:391,70
DA:392,70
DA:393,70
DA:394,70
DA:395,70
DA:396,70
DA:397,70
DA:398,70
DA:399,70
DA:400,70
DA:401,70
DA:402,70
DA:403,70
DA:404,70
DA:405,70
DA:406,70
DA:407,70
DA:408,70
DA:409,70
DA:410,70
DA:411,70
DA:412,70
DA:413,70
DA:414,70
DA:415,70
DA:416,70
DA:417,70
DA:418,0
DA:419,0
DA:420,0
DA:421,0
DA:422,0
DA:423,0
DA:424,0
DA:425,0
DA:426,0
DA:427,0
DA:428,0
DA:429,70
DA:430,70
DA:431,70
DA:432,70
DA:433,70
DA:434,70
DA:435,70
DA:436,70
DA:437,70
DA:438,70
DA:439,70
DA:440,70
DA:441,70
DA:442,70
DA:443,70
DA:444,70
DA:445,70
DA:446,70
DA:447,70
DA:448,70
DA:449,70
DA:450,70
DA:451,70
DA:452,70
DA:453,70
DA:454,70
DA:455,70
DA:456,70
DA:457,70
DA:458,70
DA:459,70
DA:460,70
DA:461,70
DA:462,70
DA:463,70
DA:464,70
DA:465,70
DA:466,70
DA:467,70
DA:468,70
DA:469,70
DA:470,82
DA:471,82
DA:472,82
DA:473,82
DA:474,82
DA:475,82
DA:476,82
DA:477,82
DA:478,82
DA:479,82
DA:480,82
DA:481,82
DA:482,82
DA:483,82
DA:484,82
DA:485,82
DA:486,82
DA:487,82
DA:488,82
DA:489,82
DA:490,82
DA:491,82
DA:492,82
DA:493,82
DA:494,82
DA:495,82
DA:496,82
DA:497,82
DA:498,82
DA:499,82
DA:500,82
DA:501,82
DA:502,82
DA:503,82
DA:504,82
DA:505,82
DA:506,82
DA:507,82
DA:508,82
DA:509,82
DA:510,82
DA:511,82
DA:512,82
DA:513,82
DA:514,82
DA:515,82
DA:516,82
DA:517,82
DA:518,82
DA:519,82
DA:520,82
DA:521,82
DA:522,82
DA:523,82
DA:524,82
DA:525,82
DA:526,82
DA:527,82
DA:528,82
DA:529,82
DA:530,82
DA:531,82
DA:532,82
DA:533,82
DA:534,82
DA:535,82
DA:536,82
DA:537,82
DA:538,82
DA:539,82
DA:540,82
DA:541,82
DA:542,82
DA:543,82
DA:544,82
DA:545,82
DA:546,82
DA:547,82
DA:548,82
DA:549,82
DA:550,82
DA:551,82
DA:552,82
DA:553,82
DA:554,82
DA:555,82
DA:556,82
DA:557,82
DA:558,82
DA:559,82
DA:560,82
DA:561,82
DA:562,82
DA:563,82
DA:564,82
DA:565,82
DA:566,82
DA:567,82
DA:568,82
DA:569,82
DA:570,82
DA:571,82
LF:571
LH:432
BRDA:1,0,0,7440
BRDA:38,1,0,7440
BRDA:68,2,0,7440
BRDA:70,3,0,7440
BRDA:71,4,0,7440
BRDA:76,5,0,7440
BRDA:77,6,0,7440
BRDA:81,7,0,7440
BRDA:85,8,0,7440
BRDA:86,9,0,7440
BRDA:92,10,0,7440
BRDA:93,11,0,7440
BRDA:93,12,0,7440
BRDA:96,13,0,7440
BRDA:98,14,0,7440
BRDA:104,15,0,7440
BRDA:105,16,0,7440
BRDA:125,17,0,7440
BRDA:131,18,0,7440
BRDA:135,19,0,7440
BRDA:138,20,0,7440
BRDA:144,21,0,7440
BRDA:160,22,0,7440
BRDA:160,23,0,7440
BRDA:163,24,0,7440
BRDA:163,25,0,7440
BRDA:170,26,0,7440
BRDA:184,27,0,7440
BRDA:188,28,0,7440
BRDA:192,29,0,7440
BRDA:195,30,0,7440
BRDA:194,31,0,7440
BRDA:198,32,0,7440
BRDA:201,33,0,7440
BRDA:201,34,0,7440
BRDA:204,35,0,7440
BRDA:207,36,0,7440
BRDA:208,37,0,7440
BRDA:213,38,0,7440
BRDA:229,39,0,7440
BRDA:232,40,0,7440
BRDA:237,41,0,7440
BRDA:241,42,0,7440
BRDA:244,43,0,7440
BRDA:295,44,0,7440
BRDA:295,45,0,7440
BRDA:243,46,0,7440
BRDA:294,47,0,7440
BRDA:308,48,0,7440
BRDA:312,49,0,7440
BRDA:313,50,0,7440
BRDA:313,51,0,7440
BRDA:314,52,0,7440
BRDA:315,53,0,7440
BRDA:316,54,0,7440
BRDA:316,55,0,7440
BRDA:339,56,0,7440
BRDA:339,57,0,7440
BRDA:344,58,0,7440
BRDA:348,59,0,7440
BRDA:350,60,0,7440
BRDA:367,61,0,7440
BRDA:379,62,0,7440
BRDA:401,63,0,7440
BRDA:401,64,0,7440
BRDA:402,65,0,7440
BRDA:402,66,0,7440
BRDA:404,67,0,7440
BRDA:404,68,0,7440
BRDA:414,69,0,7440
BRDA:414,70,0,7440
BRDA:414,71,0,7440
BRDA:417,72,0,7440
BRDA:446,73,0,7440
BRDA:446,74,0,7440
BRDA:463,75,0,7440
BRDA:448,76,0,7440
BRF:77
BRH:77
end_of_record
TN:
SF:dist/chunks/chunk.2NKVYHBY.js
FNF:0
FNH:0
DA:1,82
DA:2,82
DA:3,82
DA:4,82
DA:5,82
DA:6,82
DA:7,82
DA:8,82
DA:9,82
DA:10,82
DA:11,82
DA:12,82
DA:13,82
DA:14,82
DA:15,82
DA:16,82
DA:17,82
DA:18,82
DA:19,82
LF:19
LH:19
BRDA:1,0,0,82
BRF:1
BRH:1
end_of_record
TN:
SF:dist/chunks/chunk.2QFTUD46.js
FNF:0
FNH:0
DA:1,82
DA:2,82
DA:3,82
DA:4,82
DA:5,82
DA:6,82
DA:7,82
DA:8,82
DA:9,82
DA:10,82
DA:11,82
DA:12,82
DA:13,82
DA:14,82
DA:15,82
DA:16,82
DA:17,82
DA:18,82
DA:19,82
DA:20,82
DA:21,82
DA:22,82
DA:23,82
DA:24,82
DA:25,82
DA:26,82
DA:27,82
DA:28,82
DA:29,82
DA:30,82
DA:31,82
LF:31
LH:31
BRDA:1,0,0,82
BRF:1
BRH:1
end_of_record
TN:
SF:dist/chunks/chunk.2XHEMIC4.js
FNF:0
FNH:0
DA:1,82
DA:2,82
DA:3,82
DA:4,82
DA:5,82
DA:6,82
DA:7,82
DA:8,82
DA:9,82
DA:10,82
DA:11,82
DA:12,82
DA:13,82
DA:14,82
DA:15,82
DA:16,82
DA:17,82
DA:18,82
DA:19,82
DA:20,82
DA:21,82
DA:22,82
DA:23,82
DA:24,82
DA:25,82
DA:26,82
DA:27,82
DA:28,82
DA:29,82
DA:30,82
DA:31,82
DA:32,82
DA:33,82
DA:34,82
DA:35,82
DA:36,82
DA:37,82
DA:38,82
DA:39,82
DA:40,82
DA:41,82
DA:42,82
DA:43,82
DA:44,82
DA:45,82
DA:46,82
DA:47,82
DA:48,82
DA:49,82
DA:50,82
DA:51,82
DA:52,82
DA:53,82
DA:54,82
DA:55,82
DA:56,82
DA:57,82
DA:58,82
DA:59,82
DA:60,82
DA:61,82
DA:62,82
DA:63,82
DA:64,82
DA:65,82
DA:66,82
DA:67,82
DA:68,82
DA:69,82
DA:70,82
DA:71,82
DA:72,82
DA:73,82
DA:74,82
DA:75,82
DA:76,82
DA:77,82
DA:78,82
DA:79,82
DA:80,82
DA:81,82
DA:82,82
DA:83,82
DA:84,82
DA:85,82
DA:86,82
DA:87,82
DA:88,82
DA:89,82
DA:90,82
DA:91,82
DA:92,82
DA:93,82
DA:94,82
DA:95,82
DA:96,82
DA:97,82
DA:98,82
DA:99,82
DA:100,82
DA:101,82
DA:102,82
DA:103,82
LF:103
LH:103
BRDA:1,0,0,82
BRF:1
BRH:1
end_of_record
TN:
SF:dist/chunks/chunk.3M5T3GOV.js
FNF:0
FNH:0
DA:1,82
DA:2,82
DA:3,82
DA:4,82
DA:5,82
DA:6,82
DA:7,82
DA:8,82
DA:9,82
DA:10,82
DA:11,82
DA:12,82
DA:13,82
DA:14,82
DA:15,82
DA:16,82
DA:17,82
DA:18,82
DA:19,82
DA:20,82
DA:21,82
DA:22,82
DA:23,82
DA:24,82
DA:25,82
DA:26,82
DA:27,82
DA:28,82
DA:29,82
DA:30,82
DA:31,82
DA:32,82
DA:33,82
DA:34,82
DA:35,82
DA:36,82
DA:37,82
DA:38,82
DA:39,82
DA:40,82
DA:41,82
DA:42,82
DA:43,82
DA:44,82
DA:45,82
DA:46,82
DA:47,82
DA:48,82
DA:49,82
DA:50,82
DA:51,82
DA:52,82
DA:53,82
DA:54,82
DA:55,82
DA:56,82
DA:57,82
DA:58,82
DA:59,82
DA:60,82
DA:61,82
DA:62,82
DA:63,82
DA:64,82
DA:65,82
DA:66,82
DA:67,82
DA:68,82
DA:69,82
DA:70,82
DA:71,82
DA:72,82
DA:73,82
DA:74,82
DA:75,82
DA:76,82
DA:77,82
DA:78,82
DA:79,82
DA:80,82
DA:81,82
DA:82,82
DA:83,82
DA:84,82
DA:85,82
DA:86,82
DA:87,82
DA:88,82
DA:89,82
DA:90,82
DA:91,82
DA:92,82
DA:93,82
DA:94,82
DA:95,82
DA:96,82
DA:97,82
DA:98,82
DA:99,82
DA:100,82
DA:101,82
DA:102,82
DA:103,82
DA:104,82
DA:105,82
DA:106,82
DA:107,82
DA:108,82
DA:109,82
DA:110,82
DA:111,82
DA:112,82
DA:113,82
DA:114,82
DA:115,82
DA:116,82
DA:117,82
DA:118,82
DA:119,82
DA:120,82
DA:121,82
DA:122,82
DA:123,82
DA:124,82
DA:125,82
DA:126,82
DA:127,82
DA:128,82
DA:129,82
DA:130,82
DA:131,82
DA:132,82
DA:133,82
DA:134,82
DA:135,82
DA:136,82
DA:137,82
DA:138,82
DA:139,82
DA:140,82
DA:141,82
DA:142,82
DA:143,82
DA:144,82
LF:144
LH:144
BRDA:1,0,0,82
BRF:1
BRH:1
end_of_record
TN:
SF:dist/chunks/chunk.3UB5K25V.js
FN:17,render
FNF:1
FNH:1
FNDA:28,render
DA:1,82
DA:2,82
DA:3,82
DA:4,82
DA:5,82
DA:6,82
DA:7,82
DA:8,82
DA:9,82
DA:10,82
DA:11,82
DA:12,82
DA:13,82
DA:14,82
DA:15,82
DA:16,82
DA:17,82
DA:18,28
DA:19,28
DA:20,82
DA:21,82
DA:22,82
DA:23,82
DA:24,82
DA:25,82
DA:26,82
DA:27,82
DA:28,82
LF:28
LH:28
BRDA:1,0,0,189
BRDA:17,1,0,189
BRF:2
BRH:2
end_of_record
TN:
SF:dist/chunks/chunk.3XPPIJU4.js
FN:40,LynkRadioButton
FN:53,connectedCallback
FN:57,click
FN:60,focus
FN:63,blur
FN:66,reportValidity
FN:69,setCustomValidity
FN:72,handleBlur
FN:76,handleClick
FN:81,handleFocus
FN:85,handleCheckedChange
FN:91,handleDisabledChange
FN:98,render
FN:43,value
FNF:14
FNH:12
FNDA:26,LynkRadioButton
FNDA:26,connectedCallback
FNDA:4,click
FNDA:2,focus
FNDA:0,blur
FNDA:10,reportValidity
FNDA:2,setCustomValidity
FNDA:6,handleBlur
FNDA:6,handleClick
FNDA:6,handleFocus
FNDA:36,handleCheckedChange
FNDA:0,handleDisabledChange
FNDA:46,render
FNDA:6,value
DA:1,82
DA:2,82
DA:3,82
DA:4,82
DA:5,82
DA:6,82
DA:7,82
DA:8,82
DA:9,82
DA:10,82
DA:11,82
DA:12,82
DA:13,82
DA:14,82
DA:15,82
DA:16,82
DA:17,82
DA:18,82
DA:19,82
DA:20,82
DA:21,82
DA:22,82
DA:23,82
DA:24,82
DA:25,82
DA:26,82
DA:27,82
DA:28,82
DA:29,82
DA:30,82
DA:31,82
DA:32,82
DA:33,82
DA:34,82
DA:35,82
DA:36,82
DA:37,82
DA:38,82
DA:39,82
DA:40,82
DA:41,26
DA:42,26
DA:43,26
DA:44,26
DA:45,26
DA:46,26
DA:47,26
DA:48,26
DA:49,26
DA:50,26
DA:51,26
DA:52,26
DA:53,82
DA:54,26
DA:55,26
DA:56,26
DA:57,82
DA:58,4
DA:59,4
DA:60,82
DA:61,2
DA:62,2
DA:63,82
DA:64,0
DA:65,0
DA:66,82
DA:67,10
DA:68,10
DA:69,82
DA:70,2
DA:71,2
DA:72,82
DA:73,6
DA:74,6
DA:75,6
DA:76,82
DA:77,6
DA:78,6
DA:79,6
DA:80,6
DA:81,82
DA:82,6
DA:83,6
DA:84,6
DA:85,82
DA:86,36
DA:87,36
DA:88,10
DA:89,10
DA:90,36
DA:91,82
DA:92,0
DA:93,0
DA:94,0
DA:95,0
DA:96,0
DA:97,0
DA:98,82
DA:99,46
DA:100,46
DA:101,46
DA:102,46
DA:103,46
DA:104,46
DA:105,46
DA:106,46
DA:107,46
DA:108,46
DA:109,46
DA:110,46
DA:111,46
DA:112,46
DA:113,46
DA:114,46
DA:115,46
DA:116,46
DA:117,46
DA:118,46
DA:119,46
DA:120,46
DA:121,46
DA:122,46
DA:123,46
DA:124,46
DA:125,46
DA:126,46
DA:127,46
DA:128,46
DA:129,46
DA:130,46
DA:131,46
DA:132,46
DA:133,46
DA:134,46
DA:135,46
DA:136,46
DA:137,46
DA:138,46
DA:139,46
DA:140,82
DA:141,82
DA:142,82
DA:143,82
DA:144,82
DA:145,82
DA:146,82
DA:147,82
DA:148,82
DA:149,82
DA:150,82
DA:151,82
DA:152,82
DA:153,82
DA:154,82
DA:155,82
DA:156,82
DA:157,82
DA:158,82
DA:159,82
DA:160,82
DA:161,82
DA:162,82
DA:163,82
DA:164,82
DA:165,82
DA:166,82
DA:167,82
DA:168,82
DA:169,82
DA:170,82
DA:171,82
DA:172,82
DA:173,82
DA:174,82
DA:175,82
DA:176,82
DA:177,82
DA:178,82
DA:179,82
DA:180,82
DA:181,82
DA:182,82
DA:183,82
DA:184,82
LF:184
LH:176
BRDA:1,0,0,1659
BRDA:40,1,0,1659
BRDA:43,2,0,1659
BRDA:43,3,0,1659
BRDA:43,4,0,1659
BRDA:53,5,0,1659
BRDA:57,6,0,1659
BRDA:60,7,0,1659
BRDA:66,8,0,1659
BRDA:69,9,0,1659
BRDA:72,10,0,1659
BRDA:76,11,0,1659
BRDA:81,12,0,1659
BRDA:85,13,0,1659
BRDA:86,14,0,1659
BRDA:86,15,0,1659
BRDA:87,16,0,1659
BRDA:98,17,0,1659
BRF:18
BRH:18
end_of_record
TN:
SF:dist/chunks/chunk.44BQKD4V.js
FN:17,LynkFormatBytes
FN:24,render
FNF:2
FNH:2
FNDA:18,LynkFormatBytes
FNDA:66,render
DA:1,82
DA:2,82
DA:3,82
DA:4,82
DA:5,82
DA:6,82
DA:7,82
DA:8,82
DA:9,82
DA:10,82
DA:11,82
DA:12,82
DA:13,82
DA:14,82
DA:15,82
DA:16,82
DA:17,82
DA:18,18
DA:19,18
DA:20,18
DA:21,18
DA:22,18
DA:23,18
DA:24,82
DA:25,66
DA:26,0
DA:27,0
DA:28,66
DA:29,66
DA:30,66
DA:31,66
DA:32,66
DA:33,66
DA:34,66
DA:35,66
DA:36,66
DA:37,66
DA:38,66
DA:39,66
DA:40,82
DA:41,82
DA:42,82
DA:43,82
DA:44,82
DA:45,82
DA:46,82
DA:47,82
DA:48,82
DA:49,82
DA:50,82
DA:51,82
DA:52,82
DA:53,82
DA:54,82
DA:55,82
DA:56,82
DA:57,82
DA:58,82
DA:59,82
LF:59
LH:57
BRDA:1,0,0,627
BRDA:17,1,0,627
BRDA:24,2,0,627
BRDA:25,3,0,627
BRDA:30,4,0,627
BRDA:30,5,0,627
BRF:6
BRH:6
end_of_record
TN:
SF:dist/chunks/chunk.4CDXMBLS.js
FNF:0
FNH:0
DA:1,82
DA:2,82
DA:3,82
DA:4,82
DA:5,82
DA:6,82
DA:7,82
DA:8,82
DA:9,82
DA:10,82
DA:11,82
DA:12,82
DA:13,82
DA:14,82
DA:15,82
DA:16,82
DA:17,82
DA:18,82
DA:19,82
LF:19
LH:19
BRDA:1,0,0,82
BRF:1
BRH:1
end_of_record
TN:
SF:dist/chunks/chunk.4N4MAY7Y.js
FN:6,emit
FN:16,waitForEvent
FN:18,done
FNF:3
FNH:3
FNDA:1370,emit
FNDA:82,waitForEvent
FNDA:66,done
DA:1,82
DA:2,82
DA:3,82
DA:4,82
DA:5,82
DA:6,1370
DA:7,1370
DA:8,1370
DA:9,1370
DA:10,1370
DA:11,1370
DA:12,1370
DA:13,1370
DA:14,1370
DA:15,1370
DA:16,82
DA:17,82
DA:18,82
DA:19,66
DA:20,66
DA:21,66
DA:22,66
DA:23,66
DA:24,82
DA:25,82
DA:26,82
DA:27,82
DA:28,82
DA:29,82
DA:30,82
DA:31,82
LF:31
LH:31
BRDA:1,0,0,82
BRDA:6,1,0,1412
BRDA:16,2,0,148
BRDA:17,3,0,148
BRDA:18,4,0,134
BRF:5
BRH:5
end_of_record
TN:
SF:dist/chunks/chunk.5I43CMBG.js
FN:38,LynkAccordion
FN:43,firstUpdated
FN:47,show
FN:54,hide
FN:61,handleSummaryClick
FN:71,handleSummaryKeyDown
FN:89,handleOpenChange
FN:108,render
FNF:8
FNH:6
FNDA:16,LynkAccordion
FNDA:16,firstUpdated
FNDA:6,show
FNDA:2,hide
FNDA:0,handleSummaryClick
FNDA:0,handleSummaryKeyDown
FNDA:12,handleOpenChange
FNDA:28,render
DA:1,82
DA:2,82
DA:3,82
DA:4,82
DA:5,82
DA:6,82
DA:7,82
DA:8,82
DA:9,82
DA:10,82
DA:11,82
DA:12,82
DA:13,82
DA:14,82
DA:15,82
DA:16,82
DA:17,82
DA:18,82
DA:19,82
DA:20,82
DA:21,82
DA:22,82
DA:23,82
DA:24,82
DA:25,82
DA:26,82
DA:27,82
DA:28,82
DA:29,82
DA:30,82
DA:31,82
DA:32,82
DA:33,82
DA:34,82
DA:35,82
DA:36,82
DA:37,82
DA:38,82
DA:39,16
DA:40,16
DA:41,16
DA:42,16
DA:43,82
DA:44,16
DA:45,16
DA:46,16
DA:47,82
DA:48,6
DA:49,0
DA:50,0
DA:51,6
DA:52,6
DA:53,6
DA:54,82
DA:55,2
DA:56,0
DA:57,0
DA:58,2
DA:59,2
DA:60,2
DA:61,82
DA:62,0
DA:63,0
DA:64,0
DA:65,0
DA:66,0
DA:67,0
DA:68,0
DA:69,0
DA:70,0
DA:71,82
DA:72,0
DA:73,0
DA:74,0
DA:75,0
DA:76,0
DA:77,0
DA:78,0
DA:79,0
DA:80,0
DA:81,0
DA:82,0
DA:83,0
DA:84,0
DA:85,0
DA:86,0
DA:87,0
DA:88,0
DA:89,82
DA:90,12
DA:91,8
DA:92,8
DA:93,8
DA:94,8
DA:95,8
DA:96,8
DA:97,8
DA:98,12
DA:99,4
DA:100,4
DA:101,4
DA:102,4
DA:103,4
DA:104,4
DA:105,4
DA:106,4
DA:107,12
DA:108,82
DA:109,28
DA:110,28
DA:111,28
DA:112,28
DA:113,28
DA:114,28
DA:115,28
DA:116,28
DA:117,28
DA:118,28
DA:119,28
DA:120,28
DA:121,28
DA:122,28
DA:123,28
DA:124,28
DA:125,28
DA:126,28
DA:127,28
DA:128,28
DA:129,28
DA:130,28
DA:131,28
DA:132,28
DA:133,28
DA:134,28
DA:135,28
DA:136,28
DA:137,28
DA:138,28
DA:139,28
DA:140,28
DA:141,28
DA:142,28
DA:143,28
DA:144,28
DA:145,28
DA:146,28
DA:147,82
DA:148,82
DA:149,82
DA:150,82
DA:151,82
DA:152,82
DA:153,82
DA:154,82
DA:155,82
DA:156,82
DA:157,82
DA:158,82
DA:159,82
DA:160,82
DA:161,82
DA:162,82
DA:163,82
DA:164,82
DA:165,82
DA:166,82
DA:167,82
DA:168,82
DA:169,82
DA:170,82
DA:171,82
DA:172,82
DA:173,82
DA:174,82
DA:175,82
DA:176,82
DA:177,82
DA:178,82
DA:179,82
DA:180,82
DA:181,82
DA:182,82
DA:183,82
DA:184,82
DA:185,82
DA:186,82
DA:187,82
DA:188,82
DA:189,82
DA:190,82
LF:190
LH:160
BRDA:1,0,0,82
BRDA:38,1,0,96
BRDA:43,2,0,96
BRDA:45,3,0,86
BRDA:45,4,0,90
BRDA:47,5,0,86
BRDA:48,6,0,80
BRDA:54,7,0,82
BRDA:55,8,0,80
BRDA:89,9,0,92
BRDA:90,10,0,88
BRDA:98,11,0,84
BRDA:108,12,0,108
BRDA:123,13,0,94
BRDA:123,14,0,94
BRDA:125,15,0,80
BRDA:126,16,0,80
BRF:17
BRH:17
end_of_record
TN:
SF:dist/chunks/chunk.5JFPG7JJ.js
FNF:0
FNH:0
DA:1,82
DA:2,82
DA:3,82
DA:4,82
DA:5,82
DA:6,82
DA:7,82
DA:8,82
DA:9,82
DA:10,82
DA:11,82
DA:12,82
DA:13,82
DA:14,82
DA:15,82
DA:16,82
DA:17,82
DA:18,82
DA:19,82
DA:20,82
DA:21,82
DA:22,82
DA:23,82
DA:24,82
DA:25,82
DA:26,82
DA:27,82
DA:28,82
DA:29,82
DA:30,82
DA:31,82
DA:32,82
DA:33,82
DA:34,82
DA:35,82
DA:36,82
DA:37,82
DA:38,82
DA:39,82
DA:40,82
DA:41,82
DA:42,82
DA:43,82
DA:44,82
DA:45,82
DA:46,82
DA:47,82
DA:48,82
DA:49,82
DA:50,82
DA:51,82
DA:52,82
DA:53,82
DA:54,82
DA:55,82
DA:56,82
DA:57,82
DA:58,82
DA:59,82
DA:60,82
DA:61,82
DA:62,82
DA:63,82
DA:64,82
DA:65,82
DA:66,82
DA:67,82
DA:68,82
DA:69,82
DA:70,82
DA:71,82
DA:72,82
DA:73,82
DA:74,82
DA:75,82
DA:76,82
DA:77,82
DA:78,82
DA:79,82
DA:80,82
DA:81,82
DA:82,82
DA:83,82
DA:84,82
DA:85,82
DA:86,82
DA:87,82
DA:88,82
DA:89,82
DA:90,82
DA:91,82
DA:92,82
DA:93,82
DA:94,82
DA:95,82
DA:96,82
DA:97,82
DA:98,82
DA:99,82
DA:100,82
DA:101,82
DA:102,82
DA:103,82
DA:104,82
DA:105,82
DA:106,82
DA:107,82
DA:108,82
DA:109,82
DA:110,82
DA:111,82
DA:112,82
DA:113,82
DA:114,82
DA:115,82
DA:116,82
DA:117,82
DA:118,82
DA:119,82
DA:120,82
DA:121,82
DA:122,82
DA:123,82
DA:124,82
DA:125,82
DA:126,82
DA:127,82
DA:128,82
DA:129,82
DA:130,82
DA:131,82
DA:132,82
DA:133,82
DA:134,82
DA:135,82
DA:136,82
DA:137,82
DA:138,82
DA:139,82
DA:140,82
DA:141,82
DA:142,82
DA:143,82
DA:144,82
DA:145,82
DA:146,82
DA:147,82
DA:148,82
DA:149,82
DA:150,82
DA:151,82
DA:152,82
DA:153,82
DA:154,82
DA:155,82
DA:156,82
DA:157,82
DA:158,82
DA:159,82
DA:160,82
LF:160
LH:160
BRDA:1,0,0,82
BRF:1
BRH:1
end_of_record
TN:
SF:dist/chunks/chunk.5WWTY3FW.js
FNF:0
FNH:0
DA:1,82
DA:2,82
DA:3,82
DA:4,82
DA:5,82
DA:6,82
DA:7,82
DA:8,82
DA:9,82
DA:10,82
DA:11,82
DA:12,82
DA:13,82
DA:14,82
DA:15,82
DA:16,82
DA:17,82
DA:18,82
DA:19,82
DA:20,82
DA:21,82
DA:22,82
DA:23,82
DA:24,82
DA:25,82
DA:26,82
DA:27,82
DA:28,82
DA:29,82
DA:30,82
DA:31,82
DA:32,82
DA:33,82
DA:34,82
DA:35,82
DA:36,82
DA:37,82
DA:38,82
DA:39,82
DA:40,82
DA:41,82
DA:42,82
DA:43,82
DA:44,82
DA:45,82
DA:46,82
DA:47,82
DA:48,82
DA:49,82
DA:50,82
DA:51,82
DA:52,82
DA:53,82
DA:54,82
DA:55,82
DA:56,82
DA:57,82
DA:58,82
DA:59,82
DA:60,82
DA:61,82
DA:62,82
DA:63,82
DA:64,82
DA:65,82
DA:66,82
DA:67,82
DA:68,82
DA:69,82
DA:70,82
DA:71,82
DA:72,82
DA:73,82
DA:74,82
DA:75,82
DA:76,82
DA:77,82
DA:78,82
DA:79,82
DA:80,82
DA:81,82
DA:82,82
DA:83,82
DA:84,82
DA:85,82
DA:86,82
DA:87,82
DA:88,82
DA:89,82
DA:90,82
DA:91,82
DA:92,82
DA:93,82
DA:94,82
DA:95,82
DA:96,82
DA:97,82
DA:98,82
DA:99,82
DA:100,82
DA:101,82
DA:102,82
DA:103,82
DA:104,82
DA:105,82
DA:106,82
DA:107,82
DA:108,82
DA:109,82
DA:110,82
DA:111,82
DA:112,82
DA:113,82
DA:114,82
DA:115,82
DA:116,82
DA:117,82
LF:117
LH:117
BRDA:1,0,0,82
BRF:1
BRH:1
end_of_record
TN:
SF:dist/chunks/chunk.5Y4YEBGP.js
FNF:0
FNH:0
DA:1,82
DA:2,82
DA:3,82
DA:4,82
DA:5,82
DA:6,82
DA:7,82
DA:8,82
DA:9,82
DA:10,82
DA:11,82
DA:12,82
DA:13,82
DA:14,82
DA:15,82
DA:16,82
DA:17,82
DA:18,82
DA:19,82
DA:20,82
DA:21,82
DA:22,82
DA:23,82
DA:24,82
DA:25,82
DA:26,82
DA:27,82
DA:28,82
DA:29,82
DA:30,82
DA:31,82
DA:32,82
DA:33,82
DA:34,82
DA:35,82
DA:36,82
DA:37,82
DA:38,82
DA:39,82
DA:40,82
DA:41,82
DA:42,82
DA:43,82
DA:44,82
DA:45,82
LF:45
LH:45
BRDA:1,0,0,82
BRF:1
BRH:1
end_of_record
TN:
SF:dist/chunks/chunk.62AILUCB.js
FN:8,l
FN:12,i
FN:19,a
FNF:3
FNH:3
FNDA:8758,l
FNDA:444,i
FNDA:164,a
DA:1,82
DA:2,82
DA:3,82
DA:4,82
DA:5,82
DA:6,82
DA:7,82
DA:8,82
DA:9,8758
DA:10,8758
DA:11,82
DA:12,82
DA:13,0
DA:14,0
DA:15,0
DA:16,0
DA:17,82
DA:18,82
DA:19,82
DA:20,578
DA:21,578
DA:22,578
DA:23,578
DA:24,578
DA:25,8314
DA:26,8314
DA:27,8314
DA:28,8314
DA:29,578
DA:30,444
DA:31,444
DA:32,444
DA:33,578
DA:34,82
DA:35,82
DA:36,82
DA:37,82
DA:38,82
DA:39,82
DA:40,82
DA:41,82
DA:42,82
DA:43,82
DA:44,82
DA:45,82
DA:46,82
LF:46
LH:42
BRDA:1,0,0,11335
BRDA:19,1,0,19556
BRDA:8,2,0,11335
BRDA:9,3,0,11335
BRDA:10,4,0,11335
BRDA:10,5,0,11335
BRDA:12,6,0,11335
BRDA:19,7,0,19556
BRDA:24,8,0,19556
BRDA:25,9,0,19556
BRDA:26,10,0,19556
BRDA:29,11,0,19556
BRDA:29,12,0,19556
BRDA:31,13,0,19556
BRF:14
BRH:14
end_of_record
TN:
SF:dist/chunks/chunk.66MX4L7B.js
FN:27,LynkMenu
FN:31,firstUpdated
FN:34,getAllItems
FN:45,getCurrentItem
FN:48,setCurrentItem
FN:55,typeToSelect
FN:82,handleClick
FN:89,handleKeyUp
FN:97,handleKeyDown
FN:134,handleMouseDown
FN:143,handleSlotChange
FN:149,render
FNF:12
FNH:7
FNDA:40,LynkMenu
FNDA:40,firstUpdated
FNDA:86,getAllItems
FNDA:0,getCurrentItem
FNDA:40,setCurrentItem
FNDA:6,typeToSelect
FNDA:0,handleClick
FNDA:0,handleKeyUp
FNDA:0,handleKeyDown
FNDA:0,handleMouseDown
FNDA:40,handleSlotChange
FNDA:40,render
DA:1,82
DA:2,82
DA:3,82
DA:4,82
DA:5,82
DA:6,82
DA:7,82
DA:8,82
DA:9,82
DA:10,82
DA:11,82
DA:12,82
DA:13,82
DA:14,82
DA:15,82
DA:16,82
DA:17,82
DA:18,82
DA:19,82
DA:20,82
DA:21,82
DA:22,82
DA:23,82
DA:24,82
DA:25,82
DA:26,82
DA:27,82
DA:28,40
DA:29,40
DA:30,40
DA:31,82
DA:32,40
DA:33,40
DA:34,82
DA:35,86
DA:36,210
DA:37,0
DA:38,0
DA:39,210
DA:40,0
DA:41,0
DA:42,210
DA:43,86
DA:44,86
DA:45,82
DA:46,0
DA:47,0
DA:48,82
DA:49,40
DA:50,40
DA:51,40
DA:52,102
DA:53,40
DA:54,40
DA:55,82
DA:56,6
DA:57,6
DA:58,6
DA:59,6
DA:60,6
DA:61,0
DA:62,0
DA:63,0
DA:64,0
DA:65,0
DA:66,6
DA:67,6
DA:68,6
DA:69,6
DA:70,0
DA:71,0
DA:72,6
DA:73,10
DA:74,10
DA:75,10
DA:76,0
DA:77,0
DA:78,0
DA:79,0
DA:80,10
DA:81,6
DA:82,82
DA:83,0
DA:84,0
DA:85,0
DA:86,0
DA:87,0
DA:88,0
DA:89,82
DA:90,0
DA:91,0
DA:92,0
DA:93,0
DA:94,0
DA:95,0
DA:96,0
DA:97,82
DA:98,0
DA:99,0
DA:100,0
DA:101,0
DA:102,0
DA:103,0
DA:104,0
DA:105,0
DA:106,0
DA:107,0
DA:108,0
DA:109,0
DA:110,0
DA:111,0
DA:112,0
DA:113,0
DA:114,0
DA:115,0
DA:116,0
DA:117,0
DA:118,0
DA:119,0
DA:120,0
DA:121,0
DA:122,0
DA:123,0
DA:124,0
DA:125,0
DA:126,0
DA:127,0
DA:128,0
DA:129,0
DA:130,0
DA:131,0
DA:132,0
DA:133,0
DA:134,82
DA:135,0
DA:136,0
DA:137,0
DA:138,0
DA:139,0
DA:140,0
DA:141,0
DA:142,0
DA:143,82
DA:144,40
DA:145,40
DA:146,38
DA:147,38
DA:148,40
DA:149,82
DA:150,40
DA:151,40
DA:152,40
DA:153,40
DA:154,40
DA:155,40
DA:156,40
DA:157,40
DA:158,40
DA:159,40
DA:160,40
DA:161,40
DA:162,40
DA:163,82
DA:164,82
DA:165,82
DA:166,82
DA:167,82
DA:168,82
DA:169,82
DA:170,82
DA:171,82
DA:172,82
DA:173,82
DA:174,82
DA:175,82
DA:176,82
DA:177,82
LF:177
LH:103
BRDA:1,0,0,2458
BRDA:27,1,0,2458
BRDA:31,2,0,2458
BRDA:34,3,0,2458
BRDA:35,4,0,2458
BRDA:36,5,0,2458
BRDA:39,6,0,2458
BRDA:48,7,0,2458
BRDA:50,8,0,2458
BRDA:51,9,0,2458
BRDA:52,10,0,2458
BRDA:52,11,0,2458
BRDA:55,12,0,2458
BRDA:60,13,0,2458
BRDA:69,14,0,2458
BRDA:73,15,0,2458
BRDA:75,16,0,2458
BRDA:59,17,0,2458
BRDA:143,18,0,2458
BRDA:145,19,0,2458
BRDA:149,20,0,2458
BRDA:72,21,0,2458
BRF:22
BRH:22
end_of_record
TN:
SF:dist/chunks/chunk.6QD7WDAI.js
FNF:0
FNH:0
DA:1,82
DA:2,82
DA:3,82
DA:4,82
DA:5,82
DA:6,82
DA:7,82
DA:8,82
DA:9,82
DA:10,82
DA:11,82
DA:12,82
DA:13,82
DA:14,82
DA:15,82
DA:16,82
DA:17,82
DA:18,82
DA:19,82
DA:20,82
DA:21,82
DA:22,82
DA:23,82
DA:24,82
DA:25,82
DA:26,82
DA:27,82
DA:28,82
DA:29,82
DA:30,82
DA:31,82
DA:32,82
DA:33,82
DA:34,82
DA:35,82
DA:36,82
DA:37,82
DA:38,82
DA:39,82
DA:40,82
DA:41,82
DA:42,82
DA:43,82
DA:44,82
DA:45,82
DA:46,82
DA:47,82
DA:48,82
DA:49,82
DA:50,82
DA:51,82
DA:52,82
DA:53,82
DA:54,82
DA:55,82
DA:56,82
DA:57,82
DA:58,82
DA:59,82
DA:60,82
DA:61,82
DA:62,82
DA:63,82
DA:64,82
DA:65,82
DA:66,82
DA:67,82
DA:68,82
DA:69,82
DA:70,82
DA:71,82
DA:72,82
DA:73,82
DA:74,82
DA:75,82
DA:76,82
DA:77,82
DA:78,82
DA:79,82
DA:80,82
DA:81,82
DA:82,82
DA:83,82
DA:84,82
DA:85,82
DA:86,82
DA:87,82
DA:88,82
DA:89,82
DA:90,82
DA:91,82
DA:92,82
LF:92
LH:92
BRDA:1,0,0,82
BRF:1
BRH:1
end_of_record
TN:
SF:dist/chunks/chunk.6R55ER2K.js
FN:28,LynkAnimation
FN:43,get currentTime
FN:47,set currentTime
FN:52,connectedCallback
FN:58,disconnectedCallback
FN:62,handleAnimationChange
FN:68,handleAnimationFinish
FN:73,handleAnimationCancel
FN:78,handlePlayChange
FN:93,handlePlaybackRateChange
FN:98,handleSlotChange
FN:102,createAnimation
FN:133,destroyAnimation
FN:141,cancel
FN:145,finish
FN:149,render
FNF:16
FNH:0
FNDA:0,LynkAnimation
FNDA:0,get currentTime
FNDA:0,set currentTime
FNDA:0,connectedCallback
FNDA:0,disconnectedCallback
FNDA:0,handleAnimationChange
FNDA:0,handleAnimationFinish
FNDA:0,handleAnimationCancel
FNDA:0,handlePlayChange
FNDA:0,handlePlaybackRateChange
FNDA:0,handleSlotChange
FNDA:0,createAnimation
FNDA:0,destroyAnimation
FNDA:0,cancel
FNDA:0,finish
FNDA:0,render
DA:1,82
DA:2,82
DA:3,82
DA:4,82
DA:5,82
DA:6,82
DA:7,82
DA:8,82
DA:9,82
DA:10,82
DA:11,82
DA:12,82
DA:13,82
DA:14,82
DA:15,82
DA:16,82
DA:17,82
DA:18,82
DA:19,82
DA:20,82
DA:21,82
DA:22,82
DA:23,82
DA:24,82
DA:25,82
DA:26,82
DA:27,82
DA:28,82
DA:29,0
DA:30,0
DA:31,0
DA:32,0
DA:33,0
DA:34,0
DA:35,0
DA:36,0
DA:37,0
DA:38,0
DA:39,0
DA:40,0
DA:41,0
DA:42,0
DA:43,82
DA:44,0
DA:45,0
DA:46,0
DA:47,82
DA:48,0
DA:49,0
DA:50,0
DA:51,0
DA:52,82
DA:53,0
DA:54,0
DA:55,0
DA:56,0
DA:57,0
DA:58,82
DA:59,0
DA:60,0
DA:61,0
DA:62,82
DA:63,0
DA:64,0
DA:65,0
DA:66,0
DA:67,0
DA:68,82
DA:69,0
DA:70,0
DA:71,0
DA:72,0
DA:73,82
DA:74,0
DA:75,0
DA:76,0
DA:77,0
DA:78,82
DA:79,0
DA:80,0
DA:81,0
DA:82,0
DA:83,0
DA:84,0
DA:85,0
DA:86,0
DA:87,0
DA:88,0
DA:89,0
DA:90,0
DA:91,0
DA:92,0
DA:93,82
DA:94,0
DA:95,0
DA:96,0
DA:97,0
DA:98,82
DA:99,0
DA:100,0
DA:101,0
DA:102,82
DA:103,0
DA:104,0
DA:105,0
DA:106,0
DA:107,0
DA:108,0
DA:109,0
DA:110,0
DA:111,0
DA:112,0
DA:113,0
DA:114,0
DA:115,0
DA:116,0
DA:117,0
DA:118,0
DA:119,0
DA:120,0
DA:121,0
DA:122,0
DA:123,0
DA:124,0
DA:125,0
DA:126,0
DA:127,0
DA:128,0
DA:129,0
DA:130,0
DA:131,0
DA:132,0
DA:133,82
DA:134,0
DA:135,0
DA:136,0
DA:137,0
DA:138,0
DA:139,0
DA:140,0
DA:141,82
DA:142,0
DA:143,0
DA:144,0
DA:145,82
DA:146,0
DA:147,0
DA:148,0
DA:149,82
DA:150,0
DA:151,0
DA:152,82
DA:153,82
DA:154,82
DA:155,82
DA:156,82
DA:157,82
DA:158,82
DA:159,82
DA:160,82
DA:161,82
DA:162,82
DA:163,82
DA:164,82
DA:165,82
DA:166,82
DA:167,82
DA:168,82
DA:169,82
DA:170,82
DA:171,82
DA:172,82
DA:173,82
DA:174,82
DA:175,82
DA:176,82
DA:177,82
DA:178,82
DA:179,82
DA:180,82
DA:181,82
DA:182,82
DA:183,82
DA:184,82
DA:185,82
DA:186,82
DA:187,82
DA:188,82
DA:189,82
DA:190,82
DA:191,82
DA:192,82
DA:193,82
DA:194,82
DA:195,82
DA:196,82
DA:197,82
DA:198,82
DA:199,82
DA:200,82
DA:201,82
DA:202,82
DA:203,82
DA:204,82
DA:205,82
DA:206,82
DA:207,82
DA:208,82
DA:209,82
DA:210,82
DA:211,82
DA:212,82
DA:213,82
DA:214,82
DA:215,82
DA:216,82
DA:217,82
LF:217
LH:109
BRDA:1,0,0,82
BRF:1
BRH:1
end_of_record
TN:
SF:dist/chunks/chunk.6UGX2YNG.js
FNF:0
FNH:0
DA:1,82
DA:2,82
DA:3,82
DA:4,82
DA:5,82
DA:6,82
DA:7,82
DA:8,82
DA:9,82
DA:10,82
DA:11,82
DA:12,82
DA:13,82
DA:14,82
DA:15,82
DA:16,82
DA:17,82
DA:18,82
DA:19,82
LF:19
LH:19
BRDA:1,0,0,82
BRF:1
BRH:1
end_of_record
TN:
SF:dist/chunks/chunk.6WB7SKVC.js
FN:41,LynkAlert
FN:49,firstUpdated
FN:52,show
FN:59,hide
FN:66,toast
FN:89,restartAutoHide
FN:95,handleCloseClick
FN:98,handleMouseMove
FN:101,handleOpenChange
FN:122,handleDurationChange
FN:125,render
FNF:11
FNH:8
FNDA:12,LynkAlert
FNDA:12,firstUpdated
FNDA:2,show
FNDA:2,hide
FNDA:0,toast
FNDA:12,restartAutoHide
FNDA:0,handleCloseClick
FNDA:0,handleMouseMove
FNDA:8,handleOpenChange
FNDA:12,handleDurationChange
FNDA:20,render
DA:1,82
DA:2,82
DA:3,82
DA:4,82
DA:5,82
DA:6,82
DA:7,82
DA:8,82
DA:9,82
DA:10,82
DA:11,82
DA:12,82
DA:13,82
DA:14,82
DA:15,82
DA:16,82
DA:17,82
DA:18,82
DA:19,82
DA:20,82
DA:21,82
DA:22,82
DA:23,82
DA:24,82
DA:25,82
DA:26,82
DA:27,82
DA:28,82
DA:29,82
DA:30,82
DA:31,82
DA:32,82
DA:33,82
DA:34,82
DA:35,82
DA:36,82
DA:37,82
DA:38,82
DA:39,82
DA:40,82
DA:41,82
DA:42,12
DA:43,12
DA:44,12
DA:45,12
DA:46,12
DA:47,12
DA:48,12
DA:49,82
DA:50,12
DA:51,12
DA:52,82
DA:53,2
DA:54,0
DA:55,0
DA:56,2
DA:57,2
DA:58,2
DA:59,82
DA:60,2
DA:61,0
DA:62,0
DA:63,2
DA:64,2
DA:65,2
DA:66,82
DA:67,0
DA:68,0
DA:69,0
DA:70,0
DA:71,0
DA:72,0
DA:73,0
DA:74,0
DA:75,0
DA:76,0
DA:77,0
DA:78,0
DA:79,0
DA:80,0
DA:81,0
DA:82,0
DA:83,0
DA:84,0
DA:85,0
DA:86,0
DA:87,0
DA:88,0
DA:89,82
DA:90,12
DA:91,12
DA:92,0
DA:93,0
DA:94,12
DA:95,82
DA:96,0
DA:97,0
DA:98,82
DA:99,0
DA:100,0
DA:101,82
DA:102,8
DA:103,4
DA:104,4
DA:105,0
DA:106,0
DA:107,4
DA:108,4
DA:109,4
DA:110,4
DA:111,4
DA:112,8
DA:113,4
DA:114,4
DA:115,4
DA:116,4
DA:117,4
DA:118,4
DA:119,4
DA:120,4
DA:121,8
DA:122,82
DA:123,12
DA:124,12
DA:125,82
DA:126,20
DA:127,20
DA:128,20
DA:129,20
DA:130,20
DA:131,20
DA:132,20
DA:133,20
DA:134,20
DA:135,20
DA:136,20
DA:137,20
DA:138,20
DA:139,20
DA:140,20
DA:141,20
DA:142,20
DA:143,20
DA:144,20
DA:145,20
DA:146,20
DA:147,20
DA:148,20
DA:149,20
DA:150,20
DA:151,20
DA:152,20
DA:153,20
DA:154,20
DA:155,20
DA:156,20
DA:157,20
DA:158,20
DA:159,20
DA:160,20
DA:161,20
DA:162,0
DA:163,0
DA:164,0
DA:165,20
DA:166,20
DA:167,20
DA:168,0
DA:169,0
DA:170,0
DA:171,0
DA:172,0
DA:173,0
DA:174,0
DA:175,0
DA:176,20
DA:177,20
DA:178,20
DA:179,20
DA:180,82
DA:181,82
DA:182,82
DA:183,82
DA:184,82
DA:185,82
DA:186,82
DA:187,82
DA:188,82
DA:189,82
DA:190,82
DA:191,82
DA:192,82
DA:193,82
DA:194,82
DA:195,82
DA:196,82
DA:197,82
DA:198,82
DA:199,82
DA:200,82
DA:201,82
DA:202,82
DA:203,82
DA:204,82
DA:205,82
DA:206,82
DA:207,82
DA:208,82
DA:209,82
DA:210,82
DA:211,82
DA:212,82
DA:213,82
DA:214,82
DA:215,82
DA:216,82
DA:217,82
DA:218,82
DA:219,82
DA:220,82
DA:221,82
DA:222,82
DA:223,82
LF:223
LH:178
BRDA:1,0,0,2250
BRDA:41,1,0,2250
BRDA:49,2,0,2250
BRDA:52,3,0,2250
BRDA:53,4,0,2250
BRDA:59,5,0,2250
BRDA:60,6,0,2250
BRDA:89,7,0,2250
BRDA:91,8,0,2250
BRDA:91,9,0,2250
BRDA:101,10,0,2250
BRDA:102,11,0,2250
BRDA:104,12,0,2250
BRDA:112,13,0,2250
BRDA:122,14,0,2250
BRDA:125,15,0,2250
BRDA:134,16,0,2250
BRDA:143,17,0,2250
BRDA:143,18,0,2250
BRDA:151,19,0,2250
BRDA:151,20,0,2250
BRDA:151,21,0,2250
BRDA:151,22,0,2250
BRDA:151,23,0,2250
BRDA:153,24,0,2250
BRDA:161,25,0,2250
BRDA:167,26,0,2250
BRF:27
BRH:27
end_of_record
TN:
SF:dist/chunks/chunk.7DIJ2SI4.js
FN:3,HasSlotController
FN:9,hasDefaultSlot
FN:27,hasNamedSlot
FN:30,test
FN:33,hostConnected
FN:36,hostDisconnected
FN:39,handleSlotChange
FN:46,getTextContent
FNF:8
FNH:8
FNDA:398,HasSlotController
FNDA:392,hasDefaultSlot
FNDA:1634,hasNamedSlot
FNDA:2026,test
FNDA:398,hostConnected
FNDA:398,hostDisconnected
FNDA:244,handleSlotChange
FNDA:118,getTextContent
DA:1,82
DA:2,82
DA:3,82
DA:4,398
DA:5,398
DA:6,398
DA:7,398
DA:8,398
DA:9,82
DA:10,392
DA:11,344
DA:12,344
DA:13,344
DA:14,344
DA:15,344
DA:16,344
DA:17,344
DA:18,344
DA:19,344
DA:20,344
DA:21,344
DA:22,344
DA:23,344
DA:24,344
DA:25,392
DA:26,392
DA:27,82
DA:28,1634
DA:29,1634
DA:30,82
DA:31,2026
DA:32,2026
DA:33,82
DA:34,398
DA:35,398
DA:36,82
DA:37,398
DA:38,398
DA:39,82
DA:40,244
DA:41,244
DA:42,156
DA:43,156
DA:44,244
DA:45,82
DA:46,118
DA:47,118
DA:48,0
DA:49,0
DA:50,118
DA:51,118
DA:52,118
DA:53,118
DA:54,118
DA:55,118
DA:56,118
DA:57,118
DA:58,118
DA:59,82
DA:60,82
DA:61,82
DA:62,82
DA:63,82
LF:63
LH:61
BRDA:1,0,0,9581
BRDA:3,1,0,9581
BRDA:27,2,0,9581
BRDA:30,3,0,9581
BRDA:31,4,0,9581
BRDA:33,5,0,9581
BRDA:36,6,0,9581
BRDA:39,7,0,9581
BRDA:41,8,0,9581
BRDA:41,9,0,9581
BRDA:41,10,0,9581
BRDA:9,11,0,9581
BRDA:10,12,0,9581
BRDA:31,13,0,9581
BRDA:41,14,0,9581
BRDA:46,15,0,9581
BRDA:47,16,0,9581
BRDA:52,17,0,9581
BRF:18
BRH:18
end_of_record
TN:
SF:dist/chunks/chunk.7ODSJSU2.js
FN:18,LynkStack
FN:24,render
FNF:2
FNH:2
FNDA:32,LynkStack
FNDA:32,render
DA:1,82
DA:2,82
DA:3,82
DA:4,82
DA:5,82
DA:6,82
DA:7,82
DA:8,82
DA:9,82
DA:10,82
DA:11,82
DA:12,82
DA:13,82
DA:14,82
DA:15,82
DA:16,82
DA:17,82
DA:18,82
DA:19,32
DA:20,32
DA:21,32
DA:22,32
DA:23,32
DA:24,82
DA:25,32
DA:26,32
DA:27,32
DA:28,32
DA:29,32
DA:30,32
DA:31,32
DA:32,32
DA:33,32
DA:34,32
DA:35,32
DA:36,82
DA:37,82
DA:38,82
DA:39,82
DA:40,82
DA:41,82
DA:42,82
DA:43,82
DA:44,82
DA:45,82
DA:46,82
DA:47,82
DA:48,82
DA:49,82
DA:50,82
DA:51,82
DA:52,82
DA:53,82
DA:54,82
DA:55,82
DA:56,82
DA:57,82
DA:58,82
DA:59,82
LF:59
LH:59
BRDA:1,0,0,717
BRDA:18,1,0,717
BRDA:24,2,0,717
BRDA:25,3,0,717
BRDA:26,4,0,717
BRDA:27,5,0,717
BRDA:28,6,0,717
BRDA:25,7,0,717
BRF:8
BRH:8
end_of_record
TN:
SF:dist/chunks/chunk.AFWEKZSG.js
FN:17,render
FNF:1
FNH:1
FNDA:14,render
DA:1,82
DA:2,82
DA:3,82
DA:4,82
DA:5,82
DA:6,82
DA:7,82
DA:8,82
DA:9,82
DA:10,82
DA:11,82
DA:12,82
DA:13,82
DA:14,82
DA:15,82
DA:16,82
DA:17,82
DA:18,14
DA:19,14
DA:20,82
DA:21,82
DA:22,82
DA:23,82
DA:24,82
DA:25,82
DA:26,82
DA:27,82
DA:28,82
LF:28
LH:28
BRDA:1,0,0,175
BRDA:17,1,0,175
BRF:2
BRH:2
end_of_record
TN:
SF:dist/chunks/chunk.ATKEU3HJ.js
FNF:0
FNH:0
DA:1,82
DA:2,82
DA:3,82
DA:4,82
DA:5,82
DA:6,82
DA:7,82
DA:8,82
DA:9,82
DA:10,82
DA:11,82
DA:12,82
DA:13,82
DA:14,82
DA:15,82
DA:16,82
DA:17,82
DA:18,82
DA:19,82
LF:19
LH:19
BRDA:1,0,0,82
BRF:1
BRH:1
end_of_record
TN:
SF:dist/chunks/chunk.BDIZC4YU.js
FN:24,LynkMutationObserver
FN:32,connectedCallback
FN:40,disconnectedCallback
FN:43,handleDisabledChange
FN:50,handleChange
FN:54,handleMutation
FN:59,startObserver
FN:75,stopObserver
FN:78,render
FNF:9
FNH:7
FNDA:2,LynkMutationObserver
FNDA:2,connectedCallback
FNDA:2,disconnectedCallback
FNDA:2,handleDisabledChange
FNDA:0,handleChange
FNDA:0,handleMutation
FNDA:4,startObserver
FNDA:2,stopObserver
FNDA:2,render
DA:1,82
DA:2,82
DA:3,82
DA:4,82
DA:5,82
DA:6,82
DA:7,82
DA:8,82
DA:9,82
DA:10,82
DA:11,82
DA:12,82
DA:13,82
DA:14,82
DA:15,82
DA:16,82
DA:17,82
DA:18,82
DA:19,82
DA:20,82
DA:21,82
DA:22,82
DA:23,82
DA:24,82
DA:25,2
DA:26,2
DA:27,2
DA:28,2
DA:29,2
DA:30,2
DA:31,2
DA:32,82
DA:33,2
DA:34,2
DA:35,2
DA:36,2
DA:37,2
DA:38,2
DA:39,2
DA:40,82
DA:41,2
DA:42,2
DA:43,82
DA:44,2
DA:45,0
DA:46,2
DA:47,2
DA:48,2
DA:49,2
DA:50,82
DA:51,0
DA:52,0
DA:53,0
DA:54,82
DA:55,0
DA:56,0
DA:57,0
DA:58,0
DA:59,82
DA:60,4
DA:61,4
DA:62,4
DA:63,4
DA:64,4
DA:65,4
DA:66,4
DA:67,4
DA:68,4
DA:69,4
DA:70,4
DA:71,4
DA:72,4
DA:73,4
DA:74,4
DA:75,82
DA:76,2
DA:77,2
DA:78,82
DA:79,2
DA:80,2
DA:81,82
DA:82,82
DA:83,82
DA:84,82
DA:85,82
DA:86,82
DA:87,82
DA:88,82
DA:89,82
DA:90,82
DA:91,82
DA:92,82
DA:93,82
DA:94,82
DA:95,82
DA:96,82
DA:97,82
DA:98,82
DA:99,82
DA:100,82
DA:101,82
DA:102,82
DA:103,82
DA:104,82
DA:105,82
DA:106,82
DA:107,82
DA:108,82
DA:109,82
DA:110,82
DA:111,82
DA:112,82
DA:113,82
DA:114,82
DA:115,82
DA:116,82
DA:117,82
LF:117
LH:109
BRDA:1,0,0,967
BRDA:24,1,0,967
BRDA:32,2,0,967
BRDA:40,3,0,967
BRDA:43,4,0,967
BRDA:44,5,0,967
BRDA:59,6,0,967
BRDA:60,7,0,967
BRDA:61,8,0,967
BRDA:61,9,0,967
BRDA:75,10,0,967
BRDA:78,11,0,967
BRF:12
BRH:12
end_of_record
TN:
SF:dist/chunks/chunk.BHGC5XFF.js
FN:6,watch
FN:14,proto.update
FNF:2
FNH:2
FNDA:5494,watch
FNDA:4318,proto.update
DA:1,82
DA:2,82
DA:3,82
DA:4,82
DA:5,82
DA:6,5494
DA:7,5494
DA:8,5494
DA:9,5494
DA:10,5494
DA:11,5494
DA:12,5494
DA:13,5166
DA:14,5166
DA:15,4318
DA:16,2108
DA:17,2108
DA:18,2108
DA:19,2108
DA:20,1648
DA:21,1648
DA:22,2108
DA:23,2108
DA:24,4318
DA:25,5166
DA:26,5166
DA:27,5494
DA:28,5494
DA:29,82
DA:30,82
DA:31,82
DA:32,82
LF:32
LH:32
BRDA:1,0,0,82
BRDA:6,1,0,5494
BRDA:10,2,0,5494
BRDA:12,3,0,5166
BRDA:14,4,0,6838
BRDA:15,5,0,4628
BRDA:19,6,0,3130
BRDA:19,7,0,4168
BRF:8
BRH:8
end_of_record
TN:
SF:dist/chunks/chunk.BNVSDAYD.js
FNF:0
FNH:0
DA:1,82
DA:2,82
DA:3,82
DA:4,82
DA:5,82
DA:6,82
DA:7,82
DA:8,82
DA:9,82
DA:10,82
DA:11,82
DA:12,82
DA:13,82
DA:14,82
DA:15,82
DA:16,82
DA:17,82
DA:18,82
DA:19,82
DA:20,82
DA:21,82
DA:22,82
DA:23,82
DA:24,82
DA:25,82
DA:26,82
DA:27,82
DA:28,82
DA:29,82
DA:30,82
DA:31,82
DA:32,82
DA:33,82
DA:34,82
DA:35,82
DA:36,82
DA:37,82
DA:38,82
DA:39,82
DA:40,82
DA:41,82
DA:42,82
DA:43,82
DA:44,82
DA:45,82
DA:46,82
DA:47,82
DA:48,82
DA:49,82
DA:50,82
DA:51,82
DA:52,82
DA:53,82
DA:54,82
DA:55,82
DA:56,82
DA:57,82
DA:58,82
DA:59,82
DA:60,82
DA:61,82
DA:62,82
DA:63,82
DA:64,82
DA:65,82
DA:66,82
DA:67,82
DA:68,82
DA:69,82
DA:70,82
DA:71,82
DA:72,82
DA:73,82
DA:74,82
DA:75,82
DA:76,82
DA:77,82
DA:78,82
DA:79,82
DA:80,82
DA:81,82
DA:82,82
DA:83,82
DA:84,82
DA:85,82
LF:85
LH:85
BRDA:1,0,0,82
BRF:1
BRH:1
end_of_record
TN:
SF:dist/chunks/chunk.BQLXYG6H.js
FN:8,Modal
FN:15,activate
FN:21,deactivate
FN:27,isActive
FN:30,checkFocus
FN:41,handleFocusIn
FN:44,handleKeyDown
FN:50,handleKeyUp
FNF:8
FNH:6
FNDA:32,Modal
FNDA:28,activate
FNDA:8,deactivate
FNDA:40,isActive
FNDA:40,checkFocus
FNDA:40,handleFocusIn
FNDA:0,handleKeyDown
FNDA:0,handleKeyUp
DA:1,82
DA:2,82
DA:3,82
DA:4,82
DA:5,82
DA:6,82
DA:7,82
DA:8,82
DA:9,32
DA:10,32
DA:11,32
DA:12,32
DA:13,32
DA:14,32
DA:15,82
DA:16,28
DA:17,28
DA:18,28
DA:19,28
DA:20,28
DA:21,82
DA:22,8
DA:23,8
DA:24,8
DA:25,8
DA:26,8
DA:27,82
DA:28,40
DA:29,40
DA:30,82
DA:31,40
DA:32,12
DA:33,0
DA:34,0
DA:35,0
DA:36,0
DA:37,0
DA:38,0
DA:39,12
DA:40,40
DA:41,82
DA:42,40
DA:43,40
DA:44,82
DA:45,0
DA:46,0
DA:47,0
DA:48,0
DA:49,0
DA:50,82
DA:51,0
DA:52,0
DA:53,82
DA:54,82
DA:55,82
DA:56,82
DA:57,82
LF:57
LH:44
BRDA:1,0,0,1003
BRDA:8,1,0,1003
BRDA:15,2,0,1003
BRDA:21,3,0,1003
BRDA:22,4,0,1003
BRDA:27,5,0,1003
BRDA:30,6,0,1003
BRDA:31,7,0,1003
BRDA:32,8,0,1003
BRDA:41,9,0,1003
BRF:10
BRH:10
end_of_record
TN:
SF:dist/chunks/chunk.BYWFU5SY.js
FN:52,uppercaseFirstLetter
FN:58,LynkDrawer
FN:68,connectedCallback
FN:72,firstUpdated
FN:79,disconnectedCallback
FN:83,show
FN:90,hide
FN:97,requestClose
FN:109,handleKeyDown
FN:115,handleOpenChange
FN:168,render
FNF:11
FNH:10
FNDA:10,uppercaseFirstLetter
FNDA:16,LynkDrawer
FNDA:16,connectedCallback
FNDA:16,firstUpdated
FNDA:16,disconnectedCallback
FNDA:4,show
FNDA:2,hide
FNDA:2,requestClose
FNDA:0,handleKeyDown
FNDA:10,handleOpenChange
FNDA:26,render
DA:1,82
DA:2,82
DA:3,82
DA:4,82
DA:5,82
DA:6,82
DA:7,82
DA:8,82
DA:9,82
DA:10,82
DA:11,82
DA:12,82
DA:13,82
DA:14,82
DA:15,82
DA:16,82
DA:17,82
DA:18,82
DA:19,82
DA:20,82
DA:21,82
DA:22,82
DA:23,82
DA:24,82
DA:25,82
DA:26,82
DA:27,82
DA:28,82
DA:29,82
DA:30,82
DA:31,82
DA:32,82
DA:33,82
DA:34,82
DA:35,82
DA:36,82
DA:37,82
DA:38,82
DA:39,82
DA:40,82
DA:41,82
DA:42,82
DA:43,82
DA:44,82
DA:45,82
DA:46,82
DA:47,82
DA:48,82
DA:49,82
DA:50,82
DA:51,82
DA:52,10
DA:53,10
DA:54,10
DA:55,82
DA:56,82
DA:57,82
DA:58,82
DA:59,16
DA:60,16
DA:61,16
DA:62,16
DA:63,16
DA:64,16
DA:65,16
DA:66,16
DA:67,16
DA:68,82
DA:69,16
DA:70,16
DA:71,16
DA:72,82
DA:73,16
DA:74,16
DA:75,8
DA:76,8
DA:77,8
DA:78,16
DA:79,82
DA:80,16
DA:81,16
DA:82,16
DA:83,82
DA:84,4
DA:85,0
DA:86,0
DA:87,4
DA:88,4
DA:89,4
DA:90,82
DA:91,2
DA:92,0
DA:93,0
DA:94,2
DA:95,2
DA:96,2
DA:97,82
DA:98,2
DA:99,2
DA:100,2
DA:101,2
DA:102,2
DA:103,2
DA:104,2
DA:105,2
DA:106,2
DA:107,2
DA:108,2
DA:109,82
DA:110,0
DA:111,0
DA:112,0
DA:113,0
DA:114,0
DA:115,82
DA:116,10
DA:117,6
DA:118,6
DA:119,6
DA:120,6
DA:121,6
DA:122,6
DA:123,6
DA:124,6
DA:125,0
DA:126,0
DA:127,6
DA:128,6
DA:129,6
DA:130,6
DA:131,6
DA:132,4
DA:133,0
DA:134,4
DA:135,4
DA:136,4
DA:137,4
DA:138,6
DA:139,0
DA:140,0
DA:141,6
DA:142,6
DA:143,6
DA:144,6
DA:145,6
DA:146,6
DA:147,6
DA:148,4
DA:149,10
DA:150,4
DA:151,4
DA:152,4
DA:153,4
DA:154,4
DA:155,4
DA:156,4
DA:157,4
DA:158,4
DA:159,4
DA:160,4
DA:161,4
DA:162,4
DA:163,0
DA:164,0
DA:165,4
DA:166,4
DA:167,10
DA:168,82
DA:169,26
DA:170,26
DA:171,26
DA:172,26
DA:173,26
DA:174,26
DA:175,26
DA:176,26
DA:177,26
DA:178,26
DA:179,26
DA:180,26
DA:181,26
DA:182,26
DA:183,26
DA:184,26
DA:185,26
DA:186,26
DA:187,26
DA:188,26
DA:189,26
DA:190,26
DA:191,26
DA:192,26
DA:193,26
DA:194,26
DA:195,26
DA:196,26
DA:197,26
DA:198,26
DA:199,26
DA:200,26
DA:201,26
DA:202,26
DA:203,26
DA:204,26
DA:205,26
DA:206,26
DA:207,26
DA:208,26
DA:209,26
DA:210,26
DA:211,26
DA:212,26
DA:213,26
DA:214,26
DA:215,26
DA:216,26
DA:217,26
DA:218,26
DA:219,26
DA:220,26
DA:221,26
DA:222,26
DA:223,26
DA:224,26
DA:225,26
DA:226,82
DA:227,82
DA:228,82
DA:229,82
DA:230,82
DA:231,82
DA:232,82
DA:233,82
DA:234,82
DA:235,82
DA:236,82
DA:237,82
DA:238,82
DA:239,82
DA:240,82
DA:241,82
DA:242,82
DA:243,82
DA:244,82
DA:245,82
DA:246,82
DA:247,82
DA:248,82
DA:249,82
DA:250,82
DA:251,82
DA:252,82
DA:253,82
DA:254,82
DA:255,82
DA:256,82
DA:257,82
DA:258,82
DA:259,82
DA:260,82
DA:261,82
DA:262,82
DA:263,82
DA:264,82
DA:265,82
DA:266,82
DA:267,82
DA:268,82
DA:269,82
DA:270,82
DA:271,82
DA:272,82
DA:273,82
DA:274,82
DA:275,82
DA:276,82
DA:277,82
DA:278,82
DA:279,82
DA:280,82
DA:281,82
DA:282,82
DA:283,82
DA:284,82
DA:285,82
DA:286,82
DA:287,82
DA:288,82
DA:289,82
DA:290,82
DA:291,82
DA:292,82
DA:293,82
DA:294,82
DA:295,82
DA:296,82
DA:297,82
DA:298,82
DA:299,82
DA:300,82
DA:301,82
DA:302,82
DA:303,82
DA:304,82
DA:305,82
DA:306,82
DA:307,82
DA:308,82
DA:309,82
DA:310,82
DA:311,82
DA:312,82
DA:313,82
DA:314,82
DA:315,82
DA:316,82
DA:317,82
DA:318,82
DA:319,82
DA:320,82
DA:321,82
DA:322,82
DA:323,82
DA:324,82
DA:325,82
DA:326,82
DA:327,82
DA:328,82
DA:329,82
LF:329
LH:313
BRDA:1,0,0,2717
BRDA:52,1,0,2717
BRDA:58,2,0,2717
BRDA:68,3,0,2717
BRDA:72,4,0,2717
BRDA:74,5,0,2717
BRDA:74,6,0,2717
BRDA:79,7,0,2717
BRDA:83,8,0,2717
BRDA:84,9,0,2717
BRDA:90,10,0,2717
BRDA:91,11,0,2717
BRDA:97,12,0,2717
BRDA:115,13,0,2717
BRDA:116,14,0,2717
BRDA:124,15,0,2717
BRDA:148,16,0,2717
BRDA:149,17,0,2717
BRDA:162,18,0,2717
BRDA:162,19,0,2717
BRDA:129,20,0,2717
BRDA:131,21,0,2717
BRDA:132,22,0,2717
BRDA:138,23,0,2717
BRDA:168,24,0,2717
BRDA:192,25,0,2717
BRDA:192,26,0,2717
BRDA:193,27,0,2717
BRDA:194,28,0,2717
BRDA:201,29,0,2717
BRDA:213,30,0,2717
BRDA:185,31,0,2717
BRF:32
BRH:32
end_of_record
TN:
SF:dist/chunks/chunk.C5JPUCQE.js
FNF:0
FNH:0
DA:1,82
DA:2,82
DA:3,82
DA:4,82
DA:5,82
DA:6,82
DA:7,82
DA:8,82
DA:9,82
DA:10,82
DA:11,82
DA:12,82
DA:13,82
DA:14,82
DA:15,82
DA:16,82
DA:17,82
DA:18,82
DA:19,82
DA:20,82
DA:21,82
DA:22,82
DA:23,82
DA:24,82
LF:24
LH:24
BRDA:1,0,0,82
BRF:1
BRH:1
end_of_record
TN:
SF:dist/chunks/chunk.CROR6BA7.js
FNF:0
FNH:0
DA:1,82
DA:2,82
DA:3,82
DA:4,82
DA:5,82
DA:6,82
DA:7,82
DA:8,82
DA:9,82
DA:10,82
DA:11,82
DA:12,82
DA:13,82
DA:14,82
DA:15,82
DA:16,82
DA:17,82
DA:18,82
DA:19,82
DA:20,82
DA:21,82
DA:22,82
DA:23,82
DA:24,82
DA:25,82
DA:26,82
DA:27,82
DA:28,82
DA:29,82
LF:29
LH:29
BRDA:1,0,0,82
BRF:1
BRH:1
end_of_record
TN:
SF:dist/chunks/chunk.CRSI6AND.js
FNF:0
FNH:0
DA:1,82
DA:2,82
DA:3,82
DA:4,82
DA:5,82
DA:6,82
DA:7,82
DA:8,82
DA:9,82
DA:10,82
DA:11,82
DA:12,82
DA:13,82
DA:14,82
DA:15,82
DA:16,82
DA:17,82
DA:18,82
DA:19,82
DA:20,82
DA:21,82
DA:22,82
DA:23,82
DA:24,82
DA:25,82
DA:26,82
DA:27,82
DA:28,82
DA:29,82
DA:30,82
DA:31,82
DA:32,82
DA:33,82
DA:34,82
DA:35,82
DA:36,82
DA:37,82
DA:38,82
DA:39,82
DA:40,82
DA:41,82
DA:42,82
DA:43,82
DA:44,82
DA:45,82
DA:46,82
DA:47,82
DA:48,82
DA:49,82
DA:50,82
DA:51,82
DA:52,82
DA:53,82
DA:54,82
DA:55,82
DA:56,82
DA:57,82
DA:58,82
DA:59,82
DA:60,82
DA:61,82
DA:62,82
DA:63,82
DA:64,82
DA:65,82
DA:66,82
DA:67,82
DA:68,82
DA:69,82
DA:70,82
DA:71,82
DA:72,82
DA:73,82
DA:74,82
DA:75,82
DA:76,82
DA:77,82
DA:78,82
DA:79,82
DA:80,82
DA:81,82
DA:82,82
DA:83,82
DA:84,82
DA:85,82
DA:86,82
DA:87,82
DA:88,82
DA:89,82
DA:90,82
DA:91,82
DA:92,82
DA:93,82
DA:94,82
DA:95,82
DA:96,82
DA:97,82
DA:98,82
DA:99,82
DA:100,82
DA:101,82
DA:102,82
DA:103,82
DA:104,82
DA:105,82
DA:106,82
DA:107,82
DA:108,82
DA:109,82
DA:110,82
DA:111,82
DA:112,82
DA:113,82
DA:114,82
DA:115,82
DA:116,82
DA:117,82
DA:118,82
DA:119,82
DA:120,82
DA:121,82
DA:122,82
DA:123,82
DA:124,82
DA:125,82
DA:126,82
DA:127,82
DA:128,82
DA:129,82
DA:130,82
DA:131,82
DA:132,82
DA:133,82
DA:134,82
DA:135,82
DA:136,82
DA:137,82
DA:138,82
DA:139,82
DA:140,82
DA:141,82
DA:142,82
DA:143,82
DA:144,82
DA:145,82
DA:146,82
DA:147,82
DA:148,82
DA:149,82
DA:150,82
DA:151,82
DA:152,82
LF:152
LH:152
BRDA:1,0,0,82
BRF:1
BRH:1
end_of_record
TN:
SF:dist/chunks/chunk.CSIQXJ5L.js
FNF:0
FNH:0
DA:1,82
DA:2,82
DA:3,82
DA:4,82
DA:5,82
DA:6,82
DA:7,82
DA:8,82
DA:9,82
DA:10,82
DA:11,82
DA:12,82
DA:13,82
DA:14,82
DA:15,82
DA:16,82
DA:17,82
DA:18,82
DA:19,82
DA:20,82
DA:21,82
DA:22,82
DA:23,82
DA:24,82
DA:25,82
DA:26,82
DA:27,82
DA:28,82
DA:29,82
DA:30,82
DA:31,82
DA:32,82
DA:33,82
DA:34,82
DA:35,82
DA:36,82
DA:37,82
DA:38,82
DA:39,82
DA:40,82
DA:41,82
DA:42,82
DA:43,82
DA:44,82
DA:45,82
DA:46,82
DA:47,82
DA:48,82
DA:49,82
DA:50,82
DA:51,82
DA:52,82
DA:53,82
DA:54,82
DA:55,82
DA:56,82
DA:57,82
DA:58,82
DA:59,82
DA:60,82
DA:61,82
DA:62,82
DA:63,82
DA:64,82
DA:65,82
DA:66,82
DA:67,82
DA:68,82
DA:69,82
DA:70,82
DA:71,82
DA:72,82
DA:73,82
DA:74,82
DA:75,82
DA:76,82
DA:77,82
DA:78,82
DA:79,82
DA:80,82
DA:81,82
DA:82,82
DA:83,82
DA:84,82
DA:85,82
DA:86,82
DA:87,82
DA:88,82
DA:89,82
DA:90,82
DA:91,82
DA:92,82
DA:93,82
DA:94,82
DA:95,82
DA:96,82
DA:97,82
DA:98,82
DA:99,82
DA:100,82
DA:101,82
DA:102,82
DA:103,82
DA:104,82
DA:105,82
DA:106,82
DA:107,82
DA:108,82
DA:109,82
DA:110,82
DA:111,82
DA:112,82
DA:113,82
DA:114,82
DA:115,82
DA:116,82
DA:117,82
DA:118,82
DA:119,82
DA:120,82
DA:121,82
DA:122,82
DA:123,82
DA:124,82
DA:125,82
DA:126,82
DA:127,82
DA:128,82
DA:129,82
DA:130,82
DA:131,82
DA:132,82
DA:133,82
DA:134,82
DA:135,82
DA:136,82
DA:137,82
DA:138,82
DA:139,82
DA:140,82
DA:141,82
DA:142,82
DA:143,82
DA:144,82
DA:145,82
DA:146,82
DA:147,82
DA:148,82
DA:149,82
DA:150,82
DA:151,82
DA:152,82
DA:153,82
DA:154,82
DA:155,82
DA:156,82
DA:157,82
DA:158,82
DA:159,82
DA:160,82
DA:161,82
DA:162,82
DA:163,82
DA:164,82
DA:165,82
DA:166,82
DA:167,82
DA:168,82
DA:169,82
DA:170,82
DA:171,82
DA:172,82
DA:173,82
DA:174,82
DA:175,82
DA:176,82
DA:177,82
DA:178,82
DA:179,82
DA:180,82
DA:181,82
DA:182,82
DA:183,82
DA:184,82
DA:185,82
DA:186,82
DA:187,82
DA:188,82
DA:189,82
DA:190,82
DA:191,82
DA:192,82
DA:193,82
DA:194,82
DA:195,82
DA:196,82
DA:197,82
DA:198,82
DA:199,82
DA:200,82
DA:201,82
DA:202,82
DA:203,82
DA:204,82
DA:205,82
DA:206,82
DA:207,82
DA:208,82
DA:209,82
DA:210,82
DA:211,82
DA:212,82
DA:213,82
DA:214,82
DA:215,82
DA:216,82
DA:217,82
DA:218,82
DA:219,82
DA:220,82
DA:221,82
DA:222,82
DA:223,82
DA:224,82
DA:225,82
DA:226,82
DA:227,82
DA:228,82
DA:229,82
DA:230,82
DA:231,82
DA:232,82
DA:233,82
DA:234,82
DA:235,82
DA:236,82
DA:237,82
DA:238,82
DA:239,82
DA:240,82
DA:241,82
DA:242,82
DA:243,82
DA:244,82
DA:245,82
DA:246,82
DA:247,82
DA:248,82
DA:249,82
DA:250,82
DA:251,82
DA:252,82
DA:253,82
DA:254,82
DA:255,82
DA:256,82
DA:257,82
DA:258,82
DA:259,82
DA:260,82
DA:261,82
DA:262,82
DA:263,82
DA:264,82
DA:265,82
DA:266,82
DA:267,82
DA:268,82
DA:269,82
DA:270,82
DA:271,82
DA:272,82
DA:273,82
DA:274,82
DA:275,82
DA:276,82
DA:277,82
DA:278,82
DA:279,82
DA:280,82
DA:281,82
DA:282,82
DA:283,82
DA:284,82
DA:285,82
DA:286,82
DA:287,82
DA:288,82
DA:289,82
DA:290,82
DA:291,82
DA:292,82
DA:293,82
DA:294,82
DA:295,82
DA:296,82
DA:297,82
DA:298,82
DA:299,82
DA:300,82
DA:301,82
DA:302,82
DA:303,82
DA:304,82
DA:305,82
DA:306,82
DA:307,82
DA:308,82
DA:309,82
DA:310,82
DA:311,82
DA:312,82
DA:313,82
DA:314,82
DA:315,82
DA:316,82
DA:317,82
DA:318,82
DA:319,82
DA:320,82
DA:321,82
DA:322,82
DA:323,82
DA:324,82
DA:325,82
DA:326,82
DA:327,82
DA:328,82
DA:329,82
DA:330,82
DA:331,82
DA:332,82
DA:333,82
DA:334,82
DA:335,82
DA:336,82
DA:337,82
DA:338,82
DA:339,82
DA:340,82
DA:341,82
DA:342,82
DA:343,82
DA:344,82
DA:345,82
DA:346,82
DA:347,82
DA:348,82
DA:349,82
DA:350,82
DA:351,82
DA:352,82
DA:353,82
DA:354,82
DA:355,82
DA:356,82
DA:357,82
DA:358,82
DA:359,82
DA:360,82
DA:361,82
DA:362,82
DA:363,82
DA:364,82
DA:365,82
DA:366,82
DA:367,82
DA:368,82
DA:369,82
DA:370,82
DA:371,82
DA:372,82
DA:373,82
LF:373
LH:373
BRDA:1,0,0,82
BRF:1
BRH:1
end_of_record
TN:
SF:dist/chunks/chunk.D5EVKPBV.js
FNF:0
FNH:0
DA:1,82
DA:2,82
DA:3,82
DA:4,82
DA:5,82
DA:6,82
DA:7,82
DA:8,82
DA:9,82
DA:10,82
DA:11,82
DA:12,82
DA:13,82
DA:14,82
DA:15,82
DA:16,82
DA:17,82
DA:18,82
DA:19,82
DA:20,82
DA:21,82
DA:22,82
DA:23,82
DA:24,82
DA:25,82
DA:26,82
DA:27,82
DA:28,82
DA:29,82
DA:30,82
DA:31,82
DA:32,82
DA:33,82
DA:34,82
DA:35,82
DA:36,82
DA:37,82
DA:38,82
DA:39,82
DA:40,82
DA:41,82
DA:42,82
DA:43,82
DA:44,82
DA:45,82
DA:46,82
DA:47,82
DA:48,82
DA:49,82
DA:50,82
DA:51,82
DA:52,82
DA:53,82
DA:54,82
DA:55,82
DA:56,82
DA:57,82
DA:58,82
DA:59,82
DA:60,82
DA:61,82
DA:62,82
DA:63,82
DA:64,82
DA:65,82
DA:66,82
DA:67,82
DA:68,82
DA:69,82
DA:70,82
DA:71,82
DA:72,82
DA:73,82
DA:74,82
DA:75,82
DA:76,82
DA:77,82
DA:78,82
DA:79,82
DA:80,82
DA:81,82
DA:82,82
DA:83,82
DA:84,82
DA:85,82
DA:86,82
DA:87,82
DA:88,82
DA:89,82
DA:90,82
DA:91,82
DA:92,82
DA:93,82
DA:94,82
DA:95,82
DA:96,82
DA:97,82
DA:98,82
DA:99,82
DA:100,82
DA:101,82
DA:102,82
DA:103,82
DA:104,82
DA:105,82
DA:106,82
DA:107,82
DA:108,82
DA:109,82
DA:110,82
DA:111,82
DA:112,82
DA:113,82
DA:114,82
DA:115,82
DA:116,82
DA:117,82
DA:118,82
DA:119,82
DA:120,82
LF:120
LH:120
BRDA:1,0,0,82
BRF:1
BRH:1
end_of_record
TN:
SF:dist/chunks/chunk.DBCV4GP2.js
FNF:0
FNH:0
DA:1,82
DA:2,82
DA:3,82
DA:4,82
DA:5,82
DA:6,82
DA:7,82
DA:8,82
DA:9,82
DA:10,82
DA:11,82
DA:12,82
DA:13,82
DA:14,0
DA:15,82
DA:16,82
DA:17,82
DA:18,82
DA:19,82
DA:20,82
DA:21,82
DA:22,82
DA:23,82
DA:24,82
DA:25,82
LF:25
LH:24
BRDA:1,0,0,82
BRDA:20,1,0,0
BRDA:6,2,0,82
BRDA:13,3,0,0
BRF:4
BRH:2
end_of_record
TN:
SF:dist/chunks/chunk.DPUSXCUY.js
FN:17,render
FN:20,update
FNF:2
FNH:2
FNDA:846,render
FNDA:1570,update
DA:1,82
DA:2,82
DA:3,82
DA:4,82
DA:5,82
DA:6,82
DA:7,82
DA:8,82
DA:9,82
DA:10,82
DA:11,82
DA:12,82
DA:13,846
DA:14,846
DA:15,846
DA:16,846
DA:17,82
DA:18,846
DA:19,846
DA:20,82
DA:21,1570
DA:22,1570
DA:23,846
DA:24,846
DA:25,846
DA:26,846
DA:27,846
DA:28,1570
DA:29,1570
DA:30,2338
DA:31,1570
DA:32,1570
DA:33,8760
DA:34,8760
DA:35,8760
DA:36,1570
DA:37,1570
DA:38,82
DA:39,82
DA:40,82
DA:41,82
DA:42,82
DA:43,82
DA:44,82
DA:45,82
DA:46,82
DA:47,82
LF:47
LH:47
BRDA:1,0,0,82
BRDA:12,1,0,886
BRDA:14,2,0,40
BRDA:15,3,0,40
BRDA:17,4,0,886
BRDA:18,5,0,8554
BRDA:20,6,0,1610
BRDA:22,7,0,886
BRDA:23,8,0,40
BRDA:25,9,0,34144
BRDA:25,10,0,34144
BRDA:25,11,0,34144
BRDA:25,12,0,34144
BRDA:32,13,0,8800
BRDA:34,14,0,926
BRDA:34,15,0,926
BRDA:34,16,0,1386
BRDA:34,17,0,1386
BRDA:34,18,0,1386
BRDA:29,19,0,2424
BRDA:30,20,0,86
BRF:21
BRH:21
end_of_record
TN:
SF:dist/chunks/chunk.E4AJYFRU.js
FN:8,backInDown
FN:9,backInLeft
FN:10,backInRight
FN:11,backInUp
FN:12,backOutDown
FN:13,backOutLeft
FN:14,backOutRight
FN:15,backOutUp
FN:16,bounce
FN:17,bounceIn
FN:18,bounceInDown
FN:19,bounceInLeft
FN:20,bounceInRight
FN:21,bounceInUp
FN:22,bounceOut
FN:23,bounceOutDown
FN:24,bounceOutLeft
FN:25,bounceOutRight
FN:26,bounceOutUp
FN:27,easings
FN:28,fadeIn
FN:29,fadeInBottomLeft
FN:30,fadeInBottomRight
FN:31,fadeInDown
FN:32,fadeInDownBig
FN:33,fadeInLeft
FN:34,fadeInLeftBig
FN:35,fadeInRight
FN:36,fadeInRightBig
FN:37,fadeInTopLeft
FN:38,fadeInTopRight
FN:39,fadeInUp
FN:40,fadeInUpBig
FN:41,fadeOut
FN:42,fadeOutBottomLeft
FN:43,fadeOutBottomRight
FN:44,fadeOutDown
FN:45,fadeOutDownBig
FN:46,fadeOutLeft
FN:47,fadeOutLeftBig
FN:48,fadeOutRight
FN:49,fadeOutRightBig
FN:50,fadeOutTopLeft
FN:51,fadeOutTopRight
FN:52,fadeOutUp
FN:53,fadeOutUpBig
FN:54,flash
FN:55,flip
FN:56,flipInX
FN:57,flipInY
FN:58,flipOutX
FN:59,flipOutY
FN:60,headShake
FN:61,heartBeat
FN:62,hinge
FN:63,jackInTheBox
FN:64,jello
FN:65,lightSpeedInLeft
FN:66,lightSpeedInRight
FN:67,lightSpeedOutLeft
FN:68,lightSpeedOutRight
FN:69,pulse
FN:70,rollIn
FN:71,rollOut
FN:72,rotateIn
FN:73,rotateInDownLeft
FN:74,rotateInDownRight
FN:75,rotateInUpLeft
FN:76,rotateInUpRight
FN:77,rotateOut
FN:78,rotateOutDownLeft
FN:79,rotateOutDownRight
FN:80,rotateOutUpLeft
FN:81,rotateOutUpRight
FN:82,rubberBand
FN:83,shake
FN:84,shakeX
FN:85,shakeY
FN:86,slideInDown
FN:87,slideInLeft
FN:88,slideInRight
FN:89,slideInUp
FN:90,slideOutDown
FN:91,slideOutLeft
FN:92,slideOutRight
FN:93,slideOutUp
FN:94,swing
FN:95,tada
FN:96,wobble
FN:97,zoomIn
FN:98,zoomInDown
FN:99,zoomInLeft
FN:100,zoomInRight
FN:101,zoomInUp
FN:102,zoomOut
FN:103,zoomOutDown
FN:104,zoomOutLeft
FN:105,zoomOutRight
FN:106,zoomOutUp
FN:968,getAnimationNames
FN:971,getEasingNames
FNF:101
FNH:0
FNDA:0,backInDown
FNDA:0,backInLeft
FNDA:0,backInRight
FNDA:0,backInUp
FNDA:0,backOutDown
FNDA:0,backOutLeft
FNDA:0,backOutRight
FNDA:0,backOutUp
FNDA:0,bounce
FNDA:0,bounceIn
FNDA:0,bounceInDown
FNDA:0,bounceInLeft
FNDA:0,bounceInRight
FNDA:0,bounceInUp
FNDA:0,bounceOut
FNDA:0,bounceOutDown
FNDA:0,bounceOutLeft
FNDA:0,bounceOutRight
FNDA:0,bounceOutUp
FNDA:0,easings
FNDA:0,fadeIn
FNDA:0,fadeInBottomLeft
FNDA:0,fadeInBottomRight
FNDA:0,fadeInDown
FNDA:0,fadeInDownBig
FNDA:0,fadeInLeft
FNDA:0,fadeInLeftBig
FNDA:0,fadeInRight
FNDA:0,fadeInRightBig
FNDA:0,fadeInTopLeft
FNDA:0,fadeInTopRight
FNDA:0,fadeInUp
FNDA:0,fadeInUpBig
FNDA:0,fadeOut
FNDA:0,fadeOutBottomLeft
FNDA:0,fadeOutBottomRight
FNDA:0,fadeOutDown
FNDA:0,fadeOutDownBig
FNDA:0,fadeOutLeft
FNDA:0,fadeOutLeftBig
FNDA:0,fadeOutRight
FNDA:0,fadeOutRightBig
FNDA:0,fadeOutTopLeft
FNDA:0,fadeOutTopRight
FNDA:0,fadeOutUp
FNDA:0,fadeOutUpBig
FNDA:0,flash
FNDA:0,flip
FNDA:0,flipInX
FNDA:0,flipInY
FNDA:0,flipOutX
FNDA:0,flipOutY
FNDA:0,headShake
FNDA:0,heartBeat
FNDA:0,hinge
FNDA:0,jackInTheBox
FNDA:0,jello
FNDA:0,lightSpeedInLeft
FNDA:0,lightSpeedInRight
FNDA:0,lightSpeedOutLeft
FNDA:0,lightSpeedOutRight
FNDA:0,pulse
FNDA:0,rollIn
FNDA:0,rollOut
FNDA:0,rotateIn
FNDA:0,rotateInDownLeft
FNDA:0,rotateInDownRight
FNDA:0,rotateInUpLeft
FNDA:0,rotateInUpRight
FNDA:0,rotateOut
FNDA:0,rotateOutDownLeft
FNDA:0,rotateOutDownRight
FNDA:0,rotateOutUpLeft
FNDA:0,rotateOutUpRight
FNDA:0,rubberBand
FNDA:0,shake
FNDA:0,shakeX
FNDA:0,shakeY
FNDA:0,slideInDown
FNDA:0,slideInLeft
FNDA:0,slideInRight
FNDA:0,slideInUp
FNDA:0,slideOutDown
FNDA:0,slideOutLeft
FNDA:0,slideOutRight
FNDA:0,slideOutUp
FNDA:0,swing
FNDA:0,tada
FNDA:0,wobble
FNDA:0,zoomIn
FNDA:0,zoomInDown
FNDA:0,zoomInLeft
FNDA:0,zoomInRight
FNDA:0,zoomInUp
FNDA:0,zoomOut
FNDA:0,zoomOutDown
FNDA:0,zoomOutLeft
FNDA:0,zoomOutRight
FNDA:0,zoomOutUp
FNDA:0,getAnimationNames
FNDA:0,getEasingNames
DA:1,82
DA:2,82
DA:3,82
DA:4,82
DA:5,82
DA:6,82
DA:7,82
DA:8,82
DA:9,82
DA:10,82
DA:11,82
DA:12,82
DA:13,82
DA:14,82
DA:15,82
DA:16,82
DA:17,82
DA:18,82
DA:19,82
DA:20,82
DA:21,82
DA:22,82
DA:23,82
DA:24,82
DA:25,82
DA:26,82
DA:27,82
DA:28,82
DA:29,82
DA:30,82
DA:31,82
DA:32,82
DA:33,82
DA:34,82
DA:35,82
DA:36,82
DA:37,82
DA:38,82
DA:39,82
DA:40,82
DA:41,82
DA:42,82
DA:43,82
DA:44,82
DA:45,82
DA:46,82
DA:47,82
DA:48,82
DA:49,82
DA:50,82
DA:51,82
DA:52,82
DA:53,82
DA:54,82
DA:55,82
DA:56,82
DA:57,82
DA:58,82
DA:59,82
DA:60,82
DA:61,82
DA:62,82
DA:63,82
DA:64,82
DA:65,82
DA:66,82
DA:67,82
DA:68,82
DA:69,82
DA:70,82
DA:71,82
DA:72,82
DA:73,82
DA:74,82
DA:75,82
DA:76,82
DA:77,82
DA:78,82
DA:79,82
DA:80,82
DA:81,82
DA:82,82
DA:83,82
DA:84,82
DA:85,82
DA:86,82
DA:87,82
DA:88,82
DA:89,82
DA:90,82
DA:91,82
DA:92,82
DA:93,82
DA:94,82
DA:95,82
DA:96,82
DA:97,82
DA:98,82
DA:99,82
DA:100,82
DA:101,82
DA:102,82
DA:103,82
DA:104,82
DA:105,82
DA:106,82
DA:107,82
DA:108,82
DA:109,82
DA:110,82
DA:111,82
DA:112,82
DA:113,82
DA:114,82
DA:115,82
DA:116,82
DA:117,82
DA:118,82
DA:119,82
DA:120,82
DA:121,82
DA:122,82
DA:123,82
DA:124,82
DA:125,82
DA:126,82
DA:127,82
DA:128,82
DA:129,82
DA:130,82
DA:131,82
DA:132,82
DA:133,82
DA:134,82
DA:135,82
DA:136,82
DA:137,82
DA:138,82
DA:139,82
DA:140,82
DA:141,82
DA:142,82
DA:143,82
DA:144,82
DA:145,82
DA:146,82
DA:147,82
DA:148,82
DA:149,82
DA:150,82
DA:151,82
DA:152,82
DA:153,82
DA:154,82
DA:155,82
DA:156,82
DA:157,82
DA:158,82
DA:159,82
DA:160,82
DA:161,82
DA:162,82
DA:163,82
DA:164,82
DA:165,82
DA:166,82
DA:167,82
DA:168,82
DA:169,82
DA:170,82
DA:171,82
DA:172,82
DA:173,82
DA:174,82
DA:175,82
DA:176,82
DA:177,82
DA:178,82
DA:179,82
DA:180,82
DA:181,82
DA:182,82
DA:183,82
DA:184,82
DA:185,82
DA:186,82
DA:187,82
DA:188,82
DA:189,82
DA:190,82
DA:191,82
DA:192,82
DA:193,82
DA:194,82
DA:195,82
DA:196,82
DA:197,82
DA:198,82
DA:199,82
DA:200,82
DA:201,82
DA:202,82
DA:203,82
DA:204,82
DA:205,82
DA:206,82
DA:207,82
DA:208,82
DA:209,82
DA:210,82
DA:211,82
DA:212,82
DA:213,82
DA:214,82
DA:215,82
DA:216,82
DA:217,82
DA:218,82
DA:219,82
DA:220,82
DA:221,82
DA:222,82
DA:223,82
DA:224,82
DA:225,82
DA:226,82
DA:227,82
DA:228,82
DA:229,82
DA:230,82
DA:231,82
DA:232,82
DA:233,82
DA:234,82
DA:235,82
DA:236,82
DA:237,82
DA:238,82
DA:239,82
DA:240,82
DA:241,82
DA:242,82
DA:243,82
DA:244,82
DA:245,82
DA:246,82
DA:247,82
DA:248,82
DA:249,82
DA:250,82
DA:251,82
DA:252,82
DA:253,82
DA:254,82
DA:255,82
DA:256,82
DA:257,82
DA:258,82
DA:259,82
DA:260,82
DA:261,82
DA:262,82
DA:263,82
DA:264,82
DA:265,82
DA:266,82
DA:267,82
DA:268,82
DA:269,82
DA:270,82
DA:271,82
DA:272,82
DA:273,82
DA:274,82
DA:275,82
DA:276,82
DA:277,82
DA:278,82
DA:279,82
DA:280,82
DA:281,82
DA:282,82
DA:283,82
DA:284,82
DA:285,82
DA:286,82
DA:287,82
DA:288,82
DA:289,82
DA:290,82
DA:291,82
DA:292,82
DA:293,82
DA:294,82
DA:295,82
DA:296,82
DA:297,82
DA:298,82
DA:299,82
DA:300,82
DA:301,82
DA:302,82
DA:303,82
DA:304,82
DA:305,82
DA:306,82
DA:307,82
DA:308,82
DA:309,82
DA:310,82
DA:311,82
DA:312,82
DA:313,82
DA:314,82
DA:315,82
DA:316,82
DA:317,82
DA:318,82
DA:319,82
DA:320,82
DA:321,82
DA:322,82
DA:323,82
DA:324,82
DA:325,82
DA:326,82
DA:327,82
DA:328,82
DA:329,82
DA:330,82
DA:331,82
DA:332,82
DA:333,82
DA:334,82
DA:335,82
DA:336,82
DA:337,82
DA:338,82
DA:339,82
DA:340,82
DA:341,82
DA:342,82
DA:343,82
DA:344,82
DA:345,82
DA:346,82
DA:347,82
DA:348,82
DA:349,82
DA:350,82
DA:351,82
DA:352,82
DA:353,82
DA:354,82
DA:355,82
DA:356,82
DA:357,82
DA:358,82
DA:359,82
DA:360,82
DA:361,82
DA:362,82
DA:363,82
DA:364,82
DA:365,82
DA:366,82
DA:367,82
DA:368,82
DA:369,82
DA:370,82
DA:371,82
DA:372,82
DA:373,82
DA:374,82
DA:375,82
DA:376,82
DA:377,82
DA:378,82
DA:379,82
DA:380,82
DA:381,82
DA:382,82
DA:383,82
DA:384,82
DA:385,82
DA:386,82
DA:387,82
DA:388,82
DA:389,82
DA:390,82
DA:391,82
DA:392,82
DA:393,82
DA:394,82
DA:395,82
DA:396,82
DA:397,82
DA:398,82
DA:399,82
DA:400,82
DA:401,82
DA:402,82
DA:403,82
DA:404,82
DA:405,82
DA:406,82
DA:407,82
DA:408,82
DA:409,82
DA:410,82
DA:411,82
DA:412,82
DA:413,82
DA:414,82
DA:415,82
DA:416,82
DA:417,82
DA:418,82
DA:419,82
DA:420,82
DA:421,82
DA:422,82
DA:423,82
DA:424,82
DA:425,82
DA:426,82
DA:427,82
DA:428,82
DA:429,82
DA:430,82
DA:431,82
DA:432,82
DA:433,82
DA:434,82
DA:435,82
DA:436,82
DA:437,82
DA:438,82
DA:439,82
DA:440,82
DA:441,82
DA:442,82
DA:443,82
DA:444,82
DA:445,82
DA:446,82
DA:447,82
DA:448,82
DA:449,82
DA:450,82
DA:451,82
DA:452,82
DA:453,82
DA:454,82
DA:455,82
DA:456,82
DA:457,82
DA:458,82
DA:459,82
DA:460,82
DA:461,82
DA:462,82
DA:463,82
DA:464,82
DA:465,82
DA:466,82
DA:467,82
DA:468,82
DA:469,82
DA:470,82
DA:471,82
DA:472,82
DA:473,82
DA:474,82
DA:475,82
DA:476,82
DA:477,82
DA:478,82
DA:479,82
DA:480,82
DA:481,82
DA:482,82
DA:483,82
DA:484,82
DA:485,82
DA:486,82
DA:487,82
DA:488,82
DA:489,82
DA:490,82
DA:491,82
DA:492,82
DA:493,82
DA:494,82
DA:495,82
DA:496,82
DA:497,82
DA:498,82
DA:499,82
DA:500,82
DA:501,82
DA:502,82
DA:503,82
DA:504,82
DA:505,82
DA:506,82
DA:507,82
DA:508,82
DA:509,82
DA:510,82
DA:511,82
DA:512,82
DA:513,82
DA:514,82
DA:515,82
DA:516,82
DA:517,82
DA:518,82
DA:519,82
DA:520,82
DA:521,82
DA:522,82
DA:523,82
DA:524,82
DA:525,82
DA:526,82
DA:527,82
DA:528,82
DA:529,82
DA:530,82
DA:531,82
DA:532,82
DA:533,82
DA:534,82
DA:535,82
DA:536,82
DA:537,82
DA:538,82
DA:539,82
DA:540,82
DA:541,82
DA:542,82
DA:543,82
DA:544,82
DA:545,82
DA:546,82
DA:547,82
DA:548,82
DA:549,82
DA:550,82
DA:551,82
DA:552,82
DA:553,82
DA:554,82
DA:555,82
DA:556,82
DA:557,82
DA:558,82
DA:559,82
DA:560,82
DA:561,82
DA:562,82
DA:563,82
DA:564,82
DA:565,82
DA:566,82
DA:567,82
DA:568,82
DA:569,82
DA:570,82
DA:571,82
DA:572,82
DA:573,82
DA:574,82
DA:575,82
DA:576,82
DA:577,82
DA:578,82
DA:579,82
DA:580,82
DA:581,82
DA:582,82
DA:583,82
DA:584,82
DA:585,82
DA:586,82
DA:587,82
DA:588,82
DA:589,82
DA:590,82
DA:591,82
DA:592,82
DA:593,82
DA:594,82
DA:595,82
DA:596,82
DA:597,82
DA:598,82
DA:599,82
DA:600,82
DA:601,82
DA:602,82
DA:603,82
DA:604,82
DA:605,82
DA:606,82
DA:607,82
DA:608,82
DA:609,82
DA:610,82
DA:611,82
DA:612,82
DA:613,82
DA:614,82
DA:615,82
DA:616,82
DA:617,82
DA:618,82
DA:619,82
DA:620,82
DA:621,82
DA:622,82
DA:623,82
DA:624,82
DA:625,82
DA:626,82
DA:627,82
DA:628,82
DA:629,82
DA:630,82
DA:631,82
DA:632,82
DA:633,82
DA:634,82
DA:635,82
DA:636,82
DA:637,82
DA:638,82
DA:639,82
DA:640,82
DA:641,82
DA:642,82
DA:643,82
DA:644,82
DA:645,82
DA:646,82
DA:647,82
DA:648,82
DA:649,82
DA:650,82
DA:651,82
DA:652,82
DA:653,82
DA:654,82
DA:655,82
DA:656,82
DA:657,82
DA:658,82
DA:659,82
DA:660,82
DA:661,82
DA:662,82
DA:663,82
DA:664,82
DA:665,82
DA:666,82
DA:667,82
DA:668,82
DA:669,82
DA:670,82
DA:671,82
DA:672,82
DA:673,82
DA:674,82
DA:675,82
DA:676,82
DA:677,82
DA:678,82
DA:679,82
DA:680,82
DA:681,82
DA:682,82
DA:683,82
DA:684,82
DA:685,82
DA:686,82
DA:687,82
DA:688,82
DA:689,82
DA:690,82
DA:691,82
DA:692,82
DA:693,82
DA:694,82
DA:695,82
DA:696,82
DA:697,82
DA:698,82
DA:699,82
DA:700,82
DA:701,82
DA:702,82
DA:703,82
DA:704,82
DA:705,82
DA:706,82
DA:707,82
DA:708,82
DA:709,82
DA:710,82
DA:711,82
DA:712,82
DA:713,82
DA:714,82
DA:715,82
DA:716,82
DA:717,82
DA:718,82
DA:719,82
DA:720,82
DA:721,82
DA:722,82
DA:723,82
DA:724,82
DA:725,82
DA:726,82
DA:727,82
DA:728,82
DA:729,82
DA:730,82
DA:731,82
DA:732,82
DA:733,82
DA:734,82
DA:735,82
DA:736,82
DA:737,82
DA:738,82
DA:739,82
DA:740,82
DA:741,82
DA:742,82
DA:743,82
DA:744,82
DA:745,82
DA:746,82
DA:747,82
DA:748,82
DA:749,82
DA:750,82
DA:751,82
DA:752,82
DA:753,82
DA:754,82
DA:755,82
DA:756,82
DA:757,82
DA:758,82
DA:759,82
DA:760,82
DA:761,82
DA:762,82
DA:763,82
DA:764,82
DA:765,82
DA:766,82
DA:767,82
DA:768,82
DA:769,82
DA:770,82
DA:771,82
DA:772,82
DA:773,82
DA:774,82
DA:775,82
DA:776,82
DA:777,82
DA:778,82
DA:779,82
DA:780,82
DA:781,82
DA:782,82
DA:783,82
DA:784,82
DA:785,82
DA:786,82
DA:787,82
DA:788,82
DA:789,82
DA:790,82
DA:791,82
DA:792,82
DA:793,82
DA:794,82
DA:795,82
DA:796,82
DA:797,82
DA:798,82
DA:799,82
DA:800,82
DA:801,82
DA:802,82
DA:803,82
DA:804,82
DA:805,82
DA:806,82
DA:807,82
DA:808,82
DA:809,82
DA:810,82
DA:811,82
DA:812,82
DA:813,82
DA:814,82
DA:815,82
DA:816,82
DA:817,82
DA:818,82
DA:819,82
DA:820,82
DA:821,82
DA:822,82
DA:823,82
DA:824,82
DA:825,82
DA:826,82
DA:827,82
DA:828,82
DA:829,82
DA:830,82
DA:831,82
DA:832,82
DA:833,82
DA:834,82
DA:835,82
DA:836,82
DA:837,82
DA:838,82
DA:839,82
DA:840,82
DA:841,82
DA:842,82
DA:843,82
DA:844,82
DA:845,82
DA:846,82
DA:847,82
DA:848,82
DA:849,82
DA:850,82
DA:851,82
DA:852,82
DA:853,82
DA:854,82
DA:855,82
DA:856,82
DA:857,82
DA:858,82
DA:859,82
DA:860,82
DA:861,82
DA:862,82
DA:863,82
DA:864,82
DA:865,82
DA:866,82
DA:867,82
DA:868,82
DA:869,82
DA:870,82
DA:871,82
DA:872,82
DA:873,82
DA:874,82
DA:875,82
DA:876,82
DA:877,82
DA:878,82
DA:879,82
DA:880,82
DA:881,82
DA:882,82
DA:883,82
DA:884,82
DA:885,82
DA:886,82
DA:887,82
DA:888,82
DA:889,82
DA:890,82
DA:891,82
DA:892,82
DA:893,82
DA:894,82
DA:895,82
DA:896,82
DA:897,82
DA:898,82
DA:899,82
DA:900,82
DA:901,82
DA:902,82
DA:903,82
DA:904,82
DA:905,82
DA:906,82
DA:907,82
DA:908,82
DA:909,82
DA:910,82
DA:911,82
DA:912,82
DA:913,82
DA:914,82
DA:915,82
DA:916,82
DA:917,82
DA:918,82
DA:919,82
DA:920,82
DA:921,82
DA:922,82
DA:923,82
DA:924,82
DA:925,82
DA:926,82
DA:927,82
DA:928,82
DA:929,82
DA:930,82
DA:931,82
DA:932,82
DA:933,82
DA:934,82
DA:935,82
DA:936,82
DA:937,82
DA:938,82
DA:939,82
DA:940,82
DA:941,82
DA:942,82
DA:943,82
DA:944,82
DA:945,82
DA:946,82
DA:947,82
DA:948,82
DA:949,82
DA:950,82
DA:951,82
DA:952,82
DA:953,82
DA:954,82
DA:955,82
DA:956,82
DA:957,82
DA:958,82
DA:959,82
DA:960,82
DA:961,82
DA:962,82
DA:963,82
DA:964,82
DA:965,82
DA:966,82
DA:967,82
DA:968,0
DA:969,0
DA:970,0
DA:971,0
DA:972,0
DA:973,0
DA:974,82
DA:975,82
DA:976,82
DA:977,82
DA:978,82
DA:979,82
LF:979
LH:973
BRDA:1,0,0,82
BRF:1
BRH:1
end_of_record
TN:
SF:dist/chunks/chunk.E6A7ZHE5.js
FN:8,resolver
FNF:1
FNH:1
FNDA:24,resolver
DA:1,82
DA:2,82
DA:3,82
DA:4,82
DA:5,82
DA:6,82
DA:7,82
DA:8,82
DA:9,82
DA:10,82
DA:11,82
DA:12,82
DA:13,82
DA:14,82
LF:14
LH:14
BRDA:1,0,0,185
BRDA:8,1,0,185
BRF:2
BRH:2
end_of_record
TN:
SF:dist/chunks/chunk.EFODI67B.js
FNF:0
FNH:0
DA:1,82
DA:2,82
DA:3,82
DA:4,82
DA:5,82
DA:6,82
DA:7,82
DA:8,82
DA:9,82
DA:10,82
DA:11,82
DA:12,82
DA:13,82
DA:14,82
DA:15,82
DA:16,82
DA:17,82
DA:18,82
DA:19,82
DA:20,82
DA:21,82
DA:22,82
DA:23,82
DA:24,82
DA:25,82
DA:26,82
DA:27,82
DA:28,82
DA:29,82
DA:30,82
DA:31,82
DA:32,82
DA:33,82
DA:34,82
DA:35,82
DA:36,82
DA:37,82
DA:38,82
DA:39,82
DA:40,82
DA:41,82
DA:42,82
DA:43,82
DA:44,82
DA:45,82
DA:46,82
DA:47,82
DA:48,82
DA:49,82
DA:50,82
DA:51,82
DA:52,82
DA:53,82
DA:54,82
DA:55,82
DA:56,82
DA:57,82
DA:58,82
DA:59,82
DA:60,82
DA:61,82
DA:62,82
DA:63,82
DA:64,82
DA:65,82
DA:66,82
DA:67,82
DA:68,82
DA:69,82
DA:70,82
DA:71,82
DA:72,82
DA:73,82
DA:74,82
DA:75,82
DA:76,82
DA:77,82
DA:78,82
DA:79,82
DA:80,82
DA:81,82
DA:82,82
DA:83,82
DA:84,82
DA:85,82
DA:86,82
DA:87,82
DA:88,82
DA:89,82
DA:90,82
DA:91,82
DA:92,82
DA:93,82
DA:94,82
DA:95,82
DA:96,82
DA:97,82
DA:98,82
DA:99,82
DA:100,82
DA:101,82
DA:102,82
DA:103,82
DA:104,82
DA:105,82
DA:106,82
DA:107,82
DA:108,82
DA:109,82
DA:110,82
DA:111,82
DA:112,82
DA:113,82
DA:114,82
DA:115,82
DA:116,82
DA:117,82
DA:118,82
DA:119,82
DA:120,82
DA:121,82
DA:122,82
DA:123,82
DA:124,82
DA:125,82
DA:126,82
DA:127,82
DA:128,82
DA:129,82
DA:130,82
DA:131,82
DA:132,82
DA:133,82
DA:134,82
DA:135,82
DA:136,82
DA:137,82
DA:138,82
DA:139,82
DA:140,82
DA:141,82
DA:142,82
DA:143,82
DA:144,82
DA:145,82
DA:146,82
DA:147,82
DA:148,82
DA:149,82
DA:150,82
DA:151,82
DA:152,82
DA:153,82
DA:154,82
DA:155,82
DA:156,82
DA:157,82
DA:158,82
DA:159,82
DA:160,82
DA:161,82
DA:162,82
DA:163,82
DA:164,82
DA:165,82
DA:166,82
DA:167,82
DA:168,82
DA:169,82
DA:170,82
DA:171,82
DA:172,82
DA:173,82
DA:174,82
DA:175,82
DA:176,82
DA:177,82
DA:178,82
DA:179,82
DA:180,82
DA:181,82
DA:182,82
DA:183,82
DA:184,82
DA:185,82
DA:186,82
DA:187,82
DA:188,82
DA:189,82
DA:190,82
DA:191,82
DA:192,82
DA:193,82
DA:194,82
DA:195,82
DA:196,82
DA:197,82
DA:198,82
DA:199,82
DA:200,82
DA:201,82
DA:202,82
DA:203,82
DA:204,82
DA:205,82
DA:206,82
DA:207,82
DA:208,82
DA:209,82
DA:210,82
DA:211,82
DA:212,82
DA:213,82
DA:214,82
DA:215,82
DA:216,82
DA:217,82
DA:218,82
DA:219,82
DA:220,82
DA:221,82
DA:222,82
DA:223,82
DA:224,82
DA:225,82
DA:226,82
DA:227,82
DA:228,82
DA:229,82
DA:230,82
DA:231,82
DA:232,82
DA:233,82
DA:234,82
DA:235,82
DA:236,82
DA:237,82
DA:238,82
DA:239,82
DA:240,82
DA:241,82
DA:242,82
DA:243,82
DA:244,82
DA:245,82
DA:246,82
DA:247,82
DA:248,82
DA:249,82
DA:250,82
DA:251,82
DA:252,82
DA:253,82
DA:254,82
DA:255,82
DA:256,82
DA:257,82
DA:258,82
DA:259,82
DA:260,82
DA:261,82
DA:262,82
DA:263,82
DA:264,82
DA:265,82
DA:266,82
DA:267,82
DA:268,82
DA:269,82
DA:270,82
DA:271,82
DA:272,82
DA:273,82
DA:274,82
DA:275,82
DA:276,82
DA:277,82
DA:278,82
DA:279,82
DA:280,82
DA:281,82
DA:282,82
DA:283,82
DA:284,82
DA:285,82
DA:286,82
DA:287,82
DA:288,82
DA:289,82
DA:290,82
DA:291,82
DA:292,82
DA:293,82
DA:294,82
DA:295,82
DA:296,82
DA:297,82
DA:298,82
DA:299,82
DA:300,82
DA:301,82
DA:302,82
DA:303,82
DA:304,82
DA:305,82
DA:306,82
DA:307,82
DA:308,82
DA:309,82
DA:310,82
DA:311,82
DA:312,82
DA:313,82
DA:314,82
DA:315,82
DA:316,82
DA:317,82
DA:318,82
DA:319,82
DA:320,82
DA:321,82
DA:322,82
DA:323,82
DA:324,82
DA:325,82
DA:326,82
DA:327,82
DA:328,82
DA:329,82
DA:330,82
DA:331,82
DA:332,82
DA:333,82
DA:334,82
DA:335,82
DA:336,82
DA:337,82
DA:338,82
DA:339,82
DA:340,82
DA:341,82
DA:342,82
DA:343,82
DA:344,82
DA:345,82
DA:346,82
DA:347,82
DA:348,82
DA:349,82
DA:350,82
DA:351,82
DA:352,82
DA:353,82
DA:354,82
DA:355,82
DA:356,82
DA:357,82
DA:358,82
DA:359,82
DA:360,82
DA:361,82
DA:362,82
DA:363,82
DA:364,82
DA:365,82
DA:366,82
DA:367,82
DA:368,82
DA:369,82
DA:370,82
DA:371,82
DA:372,82
DA:373,82
DA:374,82
LF:374
LH:374
BRDA:1,0,0,82
BRF:1
BRH:1
end_of_record
TN:
SF:dist/chunks/chunk.EI6BGVXP.js
FN:41,LynkTextarea
FN:61,connectedCallback
FN:69,firstUpdated
FN:74,disconnectedCallback
FN:78,focus
FN:81,blur
FN:84,select
FN:87,scrollPosition
FN:100,setSelectionRange
FN:103,setRangeText
FN:116,reportValidity
FN:119,setCustomValidity
FN:123,handleBlur
FN:127,handleChange
FN:132,handleDisabledChange
FN:138,handleFocus
FN:142,handleInput
FN:147,handleRowsChange
FN:150,handleValueChange
FN:155,setTextareaHeight
FN:163,render
FNF:21
FNH:9
FNDA:18,LynkTextarea
FNDA:18,connectedCallback
FNDA:18,firstUpdated
FNDA:18,disconnectedCallback
FNDA:0,focus
FNDA:0,blur
FNDA:0,select
FNDA:0,scrollPosition
FNDA:0,setSelectionRange
FNDA:0,setRangeText
FNDA:0,reportValidity
FNDA:0,setCustomValidity
FNDA:2,handleBlur
FNDA:0,handleChange
FNDA:4,handleDisabledChange
FNDA:2,handleFocus
FNDA:0,handleInput
FNDA:0,handleRowsChange
FNDA:0,handleValueChange
FNDA:31,setTextareaHeight
FNDA:28,render
DA:1,82
DA:2,82
DA:3,82
DA:4,82
DA:5,82
DA:6,82
DA:7,82
DA:8,82
DA:9,82
DA:10,82
DA:11,82
DA:12,82
DA:13,82
DA:14,82
DA:15,82
DA:16,82
DA:17,82
DA:18,82
DA:19,82
DA:20,82
DA:21,82
DA:22,82
DA:23,82
DA:24,82
DA:25,82
DA:26,82
DA:27,82
DA:28,82
DA:29,82
DA:30,82
DA:31,82
DA:32,82
DA:33,82
DA:34,82
DA:35,82
DA:36,82
DA:37,82
DA:38,82
DA:39,82
DA:40,82
DA:41,82
DA:42,18
DA:43,18
DA:44,18
DA:45,18
DA:46,18
DA:47,18
DA:48,18
DA:49,18
DA:50,18
DA:51,18
DA:52,18
DA:53,18
DA:54,18
DA:55,18
DA:56,18
DA:57,18
DA:58,18
DA:59,18
DA:60,18
DA:61,82
DA:62,18
DA:63,18
DA:64,18
DA:65,18
DA:66,18
DA:67,18
DA:68,18
DA:69,82
DA:70,18
DA:71,8
DA:72,8
DA:73,18
DA:74,82
DA:75,18
DA:76,18
DA:77,18
DA:78,82
DA:79,0
DA:80,0
DA:81,82
DA:82,0
DA:83,0
DA:84,82
DA:85,0
DA:86,0
DA:87,82
DA:88,0
DA:89,0
DA:90,0
DA:91,0
DA:92,0
DA:93,0
DA:94,0
DA:95,0
DA:96,0
DA:97,0
DA:98,0
DA:99,0
DA:100,82
DA:101,0
DA:102,0
DA:103,82
DA:104,0
DA:105,0
DA:106,0
DA:107,0
DA:108,0
DA:109,0
DA:110,0
DA:111,0
DA:112,0
DA:113,0
DA:114,0
DA:115,0
DA:116,82
DA:117,0
DA:118,0
DA:119,82
DA:120,0
DA:121,0
DA:122,0
DA:123,82
DA:124,2
DA:125,2
DA:126,2
DA:127,82
DA:128,0
DA:129,0
DA:130,0
DA:131,0
DA:132,82
DA:133,4
DA:134,4
DA:135,4
DA:136,4
DA:137,4
DA:138,82
DA:139,2
DA:140,2
DA:141,2
DA:142,82
DA:143,0
DA:144,0
DA:145,0
DA:146,0
DA:147,82
DA:148,0
DA:149,0
DA:150,82
DA:151,0
DA:152,0
DA:153,0
DA:154,0
DA:155,82
DA:156,31
DA:157,0
DA:158,0
DA:159,31
DA:160,31
DA:161,31
DA:162,31
DA:163,82
DA:164,28
DA:165,28
DA:166,28
DA:167,28
DA:168,28
DA:169,28
DA:170,28
DA:171,28
DA:172,28
DA:173,28
DA:174,28
DA:175,28
DA:176,28
DA:177,28
DA:178,28
DA:179,28
DA:180,28
DA:181,28
DA:182,28
DA:183,28
DA:184,28
DA:185,28
DA:186,28
DA:187,28
DA:188,28
DA:189,28
DA:190,28
DA:191,28
DA:192,28
DA:193,28
DA:194,12
DA:195,12
DA:196,12
DA:197,28
DA:198,28
DA:199,28
DA:200,0
DA:201,0
DA:202,0
DA:203,0
DA:204,0
DA:205,0
DA:206,28
DA:207,28
DA:208,28
DA:209,28
DA:210,28
DA:211,28
DA:212,28
DA:213,28
DA:214,28
DA:215,28
DA:216,28
DA:217,28
DA:218,28
DA:219,28
DA:220,28
DA:221,28
DA:222,28
DA:223,28
DA:224,28
DA:225,28
DA:226,28
DA:227,28
DA:228,28
DA:229,28
DA:230,28
DA:231,28
DA:232,28
DA:233,28
DA:234,0
DA:235,0
DA:236,0
DA:237,0
DA:238,0
DA:239,0
DA:240,0
DA:241,28
DA:242,28
DA:243,28
DA:244,28
DA:245,28
DA:246,28
DA:247,28
DA:248,28
DA:249,28
DA:250,28
DA:251,28
DA:252,28
DA:253,28
DA:254,28
DA:255,28
DA:256,28
DA:257,28
DA:258,28
DA:259,28
DA:260,28
DA:261,28
DA:262,28
DA:263,28
DA:264,28
DA:265,28
DA:266,28
DA:267,28
DA:268,28
DA:269,28
DA:270,28
DA:271,28
DA:272,28
DA:273,28
DA:274,28
DA:275,28
DA:276,28
DA:277,28
DA:278,28
DA:279,28
DA:280,28
DA:281,28
DA:282,28
DA:283,28
DA:284,82
DA:285,82
DA:286,82
DA:287,82
DA:288,82
DA:289,82
DA:290,82
DA:291,82
DA:292,82
DA:293,82
DA:294,82
DA:295,82
DA:296,82
DA:297,82
DA:298,82
DA:299,82
DA:300,82
DA:301,82
DA:302,82
DA:303,82
DA:304,82
DA:305,82
DA:306,82
DA:307,82
DA:308,82
DA:309,82
DA:310,82
DA:311,82
DA:312,82
DA:313,82
DA:314,82
DA:315,82
DA:316,82
DA:317,82
DA:318,82
DA:319,82
DA:320,82
DA:321,82
DA:322,82
DA:323,82
DA:324,82
DA:325,82
DA:326,82
DA:327,82
DA:328,82
DA:329,82
DA:330,82
DA:331,82
DA:332,82
DA:333,82
DA:334,82
DA:335,82
DA:336,82
DA:337,82
DA:338,82
DA:339,82
DA:340,82
DA:341,82
DA:342,82
DA:343,82
DA:344,82
DA:345,82
DA:346,82
DA:347,82
DA:348,82
DA:349,82
DA:350,82
DA:351,82
DA:352,82
DA:353,82
DA:354,82
DA:355,82
DA:356,82
DA:357,82
DA:358,82
DA:359,82
DA:360,82
DA:361,82
DA:362,82
DA:363,82
DA:364,82
DA:365,82
DA:366,82
DA:367,82
DA:368,82
DA:369,82
DA:370,82
DA:371,82
DA:372,82
DA:373,82
DA:374,82
DA:375,82
DA:376,82
DA:377,82
DA:378,82
DA:379,82
DA:380,82
DA:381,82
DA:382,82
DA:383,82
DA:384,82
[...]
BRDA:459,240,0,1700
BRDA:459,241,0,376
BRDA:464,242,0,1646
BRDA:466,243,0,16
BRDA:470,244,0,29254
BRDA:471,245,0,110
BRDA:479,246,0,104206
BRDA:483,247,0,7854
BRDA:483,248,0,5956
BRDA:490,249,0,4476
BRDA:490,250,0,4476
BRDA:492,251,0,3690
BRDA:493,252,0,28
BRDA:493,253,0,28
BRDA:514,254,0,2470
BRDA:517,255,0,4548
BRDA:519,256,0,46
BRDA:520,257,0,46
BRDA:521,258,0,46
BRDA:521,259,0,2124
BRDA:522,260,0,46
BRDA:522,261,0,2470
BRDA:543,262,0,2588
BRDA:545,263,0,14
BRDA:545,264,0,14
BRDA:545,265,0,14
BRDA:547,266,0,1646
BRDA:548,267,0,14
BRDA:548,268,0,14
BRDA:548,269,0,14
BRDA:549,270,0,14
BRDA:558,271,0,2066
BRDA:561,272,0,1646
BRDA:566,273,0,2588
BRDA:568,274,0,1646
BRDA:570,275,0,1646
BRDA:572,276,0,14
BRDA:574,277,0,1646
BRDA:149,278,0,9161
BRDA:151,279,0,9161
BRDA:151,280,0,9161
BRDA:151,281,0,9161
BRDA:169,282,0,1410
BRDA:171,283,0,1410
BRDA:178,284,0,1416
BRDA:180,285,0,1416
BRDA:227,286,0,2406
BRDA:229,287,0,2406
BRDA:240,288,0,2406
BRDA:242,289,0,2406
BRDA:326,290,0,1133
BRDA:262,291,0,9161
BRDA:151,292,0,9161
BRDA:198,293,0,4532
BRDA:198,294,0,4532
BRDA:333,295,0,2073
BRDA:439,296,0,7666
BRDA:506,297,0,9161
BRDA:509,298,0,9161
BRDA:510,299,0,9161
BRDA:510,300,0,9161
BRDA:510,301,0,9161
BRDA:524,302,0,9161
BRDA:526,303,0,9161
BRDA:526,304,0,9161
BRDA:526,305,0,9161
BRDA:333,306,0,2073
BRDA:497,307,0,9161
BRDA:500,308,0,9161
BRDA:501,309,0,9161
BRDA:424,310,0,15816
BRDA:424,311,0,15816
BRDA:424,312,0,15816
BRDA:432,313,0,9161
BRDA:433,314,0,9161
BRDA:433,315,0,9161
BRDA:578,316,0,9161
BRDA:305,317,0,99987
BRDA:305,318,0,99987
BRDA:305,319,0,99987
BRDA:305,320,0,99987
BRDA:351,321,0,380
BRDA:355,322,0,50
BRDA:433,323,0,9161
BRDA:72,324,0,182
BRDA:400,325,0,65142
BRDA:471,326,0,29254
BRDA:471,327,0,29254
BRDA:483,328,0,104206
BRDA:488,329,0,104206
BRDA:488,330,0,104206
BRDA:488,331,0,104206
BRDA:483,332,0,104206
BRDA:488,333,0,104206
BRDA:483,334,0,104206
BRDA:213,335,0,5566
BRDA:279,336,0,9161
BRDA:279,337,0,9161
BRDA:424,338,0,18620
BRDA:424,339,0,18620
BRDA:424,340,0,18620
BRDA:449,341,0,9161
BRDA:454,342,0,9161
BRDA:454,343,0,9161
BRDA:455,344,0,9161
BRDA:342,345,0,42
BRF:346
BRH:329
end_of_record
TN:
SF:dist/chunks/chunk.XMQCXZ3F.js
FN:12,registerTranslation
FN:26,update
FN:36,LocalizeController
FN:40,hostConnected
FN:43,hostDisconnected
FN:46,dir
FN:49,lang
FN:52,term
FN:75,date
FN:79,number
FN:83,relativeTime
FNF:11
FNH:10
FNDA:82,registerTranslation
FNDA:82,update
FNDA:458,LocalizeController
FNDA:458,hostConnected
FNDA:458,hostDisconnected
FNDA:346,dir
FNDA:330,lang
FNDA:106,term
FNDA:80,date
FNDA:144,number
FNDA:0,relativeTime
DA:1,82
DA:2,82
DA:3,82
DA:4,82
DA:5,82
DA:6,82
DA:7,82
DA:8,82
DA:9,82
DA:10,82
DA:11,82
DA:12,82
DA:13,82
DA:14,82
DA:15,82
DA:16,0
DA:17,82
DA:18,82
DA:19,82
DA:20,82
DA:21,82
DA:22,82
DA:23,82
DA:24,82
DA:25,82
DA:26,82
DA:27,82
DA:28,82
DA:29,82
DA:30,0
DA:31,0
DA:32,0
DA:33,82
DA:34,82
DA:35,82
DA:36,82
DA:37,458
DA:38,458
DA:39,458
DA:40,82
DA:41,458
DA:42,458
DA:43,82
DA:44,458
DA:45,458
DA:46,82
DA:47,346
DA:48,346
DA:49,82
DA:50,330
DA:51,330
DA:52,82
DA:53,106
DA:54,106
DA:55,106
DA:56,106
DA:57,106
DA:58,106
DA:59,106
DA:60,106
DA:61,0
DA:62,106
DA:63,106
DA:64,106
DA:65,0
DA:66,0
DA:67,0
DA:68,0
DA:69,0
DA:70,106
DA:71,0
DA:72,0
DA:73,106
DA:74,106
DA:75,82
DA:76,80
DA:77,80
DA:78,80
DA:79,82
DA:80,144
DA:81,144
DA:82,144
DA:83,82
DA:84,0
DA:85,0
DA:86,82
DA:87,82
DA:88,82
DA:89,82
DA:90,82
DA:91,82
DA:92,82
DA:93,82
DA:94,82
DA:95,82
DA:96,82
DA:97,82
DA:98,82
DA:99,82
DA:100,82
DA:101,82
DA:102,82
DA:103,82
DA:104,82
DA:105,82
DA:106,82
DA:107,82
DA:108,82
DA:109,82
DA:110,82
DA:111,82
DA:112,82
DA:113,82
DA:114,82
DA:115,82
DA:116,82
DA:117,82
DA:118,82
DA:119,82
LF:119
LH:105
BRDA:1,0,0,3930
BRDA:6,1,0,0
BRDA:12,2,0,82
BRDA:13,3,0,82
BRDA:15,4,0,0
BRDA:26,5,0,82
BRDA:28,6,0,0
BRDA:36,7,0,3930
BRDA:40,8,0,3930
BRDA:43,9,0,3930
BRDA:46,10,0,3930
BRDA:49,11,0,3930
BRDA:52,12,0,3930
BRDA:55,13,0,3930
BRDA:56,14,0,3930
BRDA:56,15,0,3930
BRDA:56,16,0,3930
BRDA:60,17,0,3930
BRDA:60,18,0,3930
BRDA:64,19,0,3930
BRDA:70,20,0,3930
BRDA:79,21,0,3930
BRDA:81,22,0,3930
BRDA:50,23,0,3930
BRDA:75,24,0,3930
BRF:25
BRH:22
end_of_record
TN:
SF:dist/chunks/chunk.XPF7NHYS.js
FN:21,LynkTableHeader
FN:26,connectedCallback
FN:30,disconnectedCallback
FN:34,handleClick
FN:41,render
FNF:5
FNH:4
FNDA:90,LynkTableHeader
FNDA:30,connectedCallback
FNDA:30,disconnectedCallback
FNDA:0,handleClick
FNDA:44,render
DA:1,82
DA:2,82
DA:3,82
DA:4,82
DA:5,82
DA:6,82
DA:7,82
DA:8,82
DA:9,82
DA:10,82
DA:11,82
DA:12,82
DA:13,82
DA:14,82
DA:15,82
DA:16,82
DA:17,82
DA:18,82
DA:19,82
DA:20,82
DA:21,82
DA:22,90
DA:23,90
DA:24,90
DA:25,90
DA:26,82
DA:27,30
DA:28,30
DA:29,30
DA:30,82
DA:31,30
DA:32,30
DA:33,30
DA:34,82
DA:35,0
DA:36,0
DA:37,0
DA:38,0
DA:39,0
DA:40,0
DA:41,82
DA:42,44
DA:43,44
DA:44,44
DA:45,38
DA:46,44
DA:47,44
DA:48,44
DA:49,82
DA:50,82
DA:51,82
DA:52,82
DA:53,82
DA:54,82
DA:55,82
DA:56,82
DA:57,82
DA:58,82
DA:59,82
DA:60,82
DA:61,82
DA:62,82
DA:63,82
DA:64,82
DA:65,82
DA:66,82
LF:66
LH:60
BRDA:1,0,0,1216
BRDA:21,1,0,1216
BRDA:26,2,0,1216
BRDA:30,3,0,1216
BRDA:41,4,0,1216
BRDA:44,5,0,1216
BRDA:45,6,0,1216
BRDA:45,7,0,1216
BRDA:45,8,0,1216
BRDA:45,9,0,1216
BRDA:46,10,0,1216
BRF:11
BRH:11
end_of_record
TN:
SF:dist/chunks/chunk.XXM4NJCV.js
FNF:0
FNH:0
DA:1,82
DA:2,82
DA:3,82
DA:4,82
DA:5,82
DA:6,82
DA:7,82
DA:8,82
DA:9,82
DA:10,82
DA:11,82
DA:12,82
DA:13,82
DA:14,82
DA:15,82
DA:16,82
DA:17,82
DA:18,82
DA:19,82
DA:20,82
DA:21,82
DA:22,82
DA:23,82
DA:24,82
DA:25,82
DA:26,82
DA:27,82
DA:28,82
DA:29,82
DA:30,82
DA:31,82
DA:32,82
DA:33,82
DA:34,82
DA:35,82
DA:36,82
DA:37,82
DA:38,82
DA:39,82
DA:40,82
DA:41,82
DA:42,82
DA:43,82
DA:44,82
DA:45,82
DA:46,82
DA:47,82
DA:48,82
DA:49,82
DA:50,82
DA:51,82
DA:52,82
DA:53,82
DA:54,82
DA:55,82
DA:56,82
DA:57,82
DA:58,82
DA:59,82
DA:60,82
DA:61,82
DA:62,82
DA:63,82
DA:64,82
DA:65,82
DA:66,82
DA:67,82
DA:68,82
DA:69,82
DA:70,82
DA:71,82
DA:72,82
DA:73,82
DA:74,82
DA:75,82
DA:76,82
DA:77,82
DA:78,82
DA:79,82
DA:80,82
DA:81,82
DA:82,82
DA:83,82
DA:84,82
DA:85,82
DA:86,82
DA:87,82
DA:88,82
DA:89,82
DA:90,82
DA:91,82
DA:92,82
DA:93,82
DA:94,82
DA:95,82
DA:96,82
LF:96
LH:96
BRDA:1,0,0,82
BRF:1
BRH:1
end_of_record
TN:
SF:dist/chunks/chunk.Y7R43LL6.js
FN:38,LynkRadio
FN:48,connectedCallback
FN:52,click
FN:55,focus
FN:58,blur
FN:61,reportValidity
FN:64,setCustomValidity
FN:68,handleBlur
FN:72,handleClick
FN:77,handleFocus
FN:81,handleCheckedChange
FN:87,handleDisabledChange
FN:94,render
FN:41,value
FNF:14
FNH:12
FNDA:32,LynkRadio
FNDA:32,connectedCallback
FNDA:6,click
FNDA:2,focus
FNDA:0,blur
FNDA:16,reportValidity
FNDA:2,setCustomValidity
FNDA:8,handleBlur
FNDA:8,handleClick
FNDA:8,handleFocus
FNDA:46,handleCheckedChange
FNDA:0,handleDisabledChange
FNDA:60,render
FNDA:12,value
DA:1,82
DA:2,82
DA:3,82
DA:4,82
DA:5,82
DA:6,82
DA:7,82
DA:8,82
DA:9,82
DA:10,82
DA:11,82
DA:12,82
DA:13,82
DA:14,82
DA:15,82
DA:16,82
DA:17,82
DA:18,82
DA:19,82
DA:20,82
DA:21,82
DA:22,82
DA:23,82
DA:24,82
DA:25,82
DA:26,82
DA:27,82
DA:28,82
DA:29,82
DA:30,82
DA:31,82
DA:32,82
DA:33,82
DA:34,82
DA:35,82
DA:36,82
DA:37,82
DA:38,82
DA:39,32
DA:40,32
DA:41,32
DA:42,32
DA:43,32
DA:44,32
DA:45,32
DA:46,32
DA:47,32
DA:48,82
DA:49,32
DA:50,32
DA:51,32
DA:52,82
DA:53,6
DA:54,6
DA:55,82
DA:56,2
DA:57,2
DA:58,82
DA:59,0
DA:60,0
DA:61,82
DA:62,16
DA:63,16
DA:64,82
DA:65,2
DA:66,2
DA:67,2
DA:68,82
DA:69,8
DA:70,8
DA:71,8
DA:72,82
DA:73,8
DA:74,8
DA:75,8
DA:76,8
DA:77,82
DA:78,8
DA:79,8
DA:80,8
DA:81,82
DA:82,46
DA:83,46
DA:84,14
DA:85,14
DA:86,46
DA:87,82
DA:88,0
DA:89,0
DA:90,0
DA:91,0
DA:92,0
DA:93,0
DA:94,82
DA:95,60
DA:96,60
DA:97,60
DA:98,60
DA:99,60
DA:100,60
DA:101,60
DA:102,60
DA:103,60
DA:104,60
DA:105,60
DA:106,60
DA:107,60
DA:108,60
DA:109,60
DA:110,60
DA:111,60
DA:112,60
DA:113,60
DA:114,60
DA:115,60
DA:116,60
DA:117,60
DA:118,60
DA:119,60
DA:120,60
DA:121,60
DA:122,60
DA:123,60
DA:124,60
DA:125,60
DA:126,60
DA:127,60
DA:128,60
DA:129,60
DA:130,60
DA:131,60
DA:132,60
DA:133,60
DA:134,82
DA:135,82
DA:136,82
DA:137,82
DA:138,82
DA:139,82
DA:140,82
DA:141,82
DA:142,82
DA:143,82
DA:144,82
DA:145,82
DA:146,82
DA:147,82
DA:148,82
DA:149,82
DA:150,82
DA:151,82
DA:152,82
DA:153,82
DA:154,82
DA:155,82
DA:156,82
DA:157,82
DA:158,82
DA:159,82
DA:160,82
DA:161,82
DA:162,82
DA:163,82
DA:164,82
DA:165,82
DA:166,82
DA:167,82
DA:168,82
DA:169,82
LF:169
LH:161
BRDA:1,0,0,1832
BRDA:38,1,0,1832
BRDA:41,2,0,1832
BRDA:41,3,0,1832
BRDA:41,4,0,1832
BRDA:41,5,0,1832
BRDA:48,6,0,1832
BRDA:52,7,0,1832
BRDA:55,8,0,1832
BRDA:61,9,0,1832
BRDA:64,10,0,1832
BRDA:68,11,0,1832
BRDA:72,12,0,1832
BRDA:77,13,0,1832
BRDA:81,14,0,1832
BRDA:82,15,0,1832
BRDA:82,16,0,1832
BRDA:83,17,0,1832
BRDA:94,18,0,1832
BRF:19
BRH:19
end_of_record
TN:
SF:dist/chunks/chunk.YCFOHGJB.js
FN:35,LynkIconButton
FN:43,click
FN:46,focus
FN:49,blur
FN:52,handleBlur
FN:56,handleFocus
FN:60,handleClick
FN:68,render
FNF:8
FNH:8
FNDA:92,LynkIconButton
FNDA:4,click
FNDA:2,focus
FNDA:2,blur
FNDA:2,handleBlur
FNDA:2,handleFocus
FNDA:4,handleClick
FNDA:98,render
DA:1,82
DA:2,82
DA:3,82
DA:4,82
DA:5,82
DA:6,82
DA:7,82
DA:8,82
DA:9,82
DA:10,82
DA:11,82
DA:12,82
DA:13,82
DA:14,82
DA:15,82
DA:16,82
DA:17,82
DA:18,82
DA:19,82
DA:20,82
DA:21,82
DA:22,82
DA:23,82
DA:24,82
DA:25,82
DA:26,82
DA:27,82
DA:28,82
DA:29,82
DA:30,82
DA:31,82
DA:32,82
DA:33,82
DA:34,82
DA:35,82
DA:36,92
DA:37,92
DA:38,92
DA:39,92
DA:40,92
DA:41,92
DA:42,92
DA:43,82
DA:44,4
DA:45,4
DA:46,82
DA:47,2
DA:48,2
DA:49,82
DA:50,2
DA:51,2
DA:52,82
DA:53,2
DA:54,2
DA:55,2
DA:56,82
DA:57,2
DA:58,2
DA:59,2
DA:60,82
DA:61,4
DA:62,0
DA:63,0
DA:64,0
DA:65,0
DA:66,4
DA:67,4
DA:68,82
DA:69,98
DA:70,98
DA:71,98
DA:72,98
DA:73,98
DA:74,98
DA:75,98
DA:76,98
DA:77,98
DA:78,98
DA:79,98
DA:80,98
DA:81,98
DA:82,98
DA:83,98
DA:84,98
DA:85,98
DA:86,98
DA:87,98
DA:88,98
DA:89,98
DA:90,98
DA:91,98
DA:92,98
DA:93,98
DA:94,98
DA:95,98
DA:96,98
DA:97,98
DA:98,98
DA:99,98
DA:100,98
DA:101,98
DA:102,98
DA:103,98
DA:104,98
DA:105,98
DA:106,98
DA:107,98
DA:108,98
DA:109,98
DA:110,98
DA:111,98
DA:112,98
DA:113,98
DA:114,98
DA:115,98
DA:116,98
DA:117,82
DA:118,82
DA:119,82
DA:120,82
DA:121,82
DA:122,82
DA:123,82
DA:124,82
DA:125,82
DA:126,82
DA:127,82
DA:128,82
DA:129,82
DA:130,82
DA:131,82
DA:132,82
DA:133,82
DA:134,82
DA:135,82
DA:136,82
DA:137,82
DA:138,82
DA:139,82
DA:140,82
DA:141,82
DA:142,82
DA:143,82
DA:144,82
DA:145,82
DA:146,82
DA:147,82
DA:148,82
DA:149,82
DA:150,82
DA:151,82
DA:152,82
DA:153,82
DA:154,82
DA:155,82
DA:156,82
DA:157,82
DA:158,82
LF:158
LH:154
BRDA:1,0,0,3857
BRDA:35,1,0,3857
BRDA:68,2,0,3857
BRDA:69,3,0,3857
BRDA:70,4,0,3857
BRDA:87,5,0,3857
BRDA:88,6,0,3857
BRDA:89,7,0,3857
BRDA:90,8,0,3857
BRDA:91,9,0,3857
BRDA:92,10,0,3857
BRDA:92,11,0,3857
BRDA:93,12,0,3857
BRDA:94,13,0,3857
BRDA:96,14,0,3857
BRDA:43,15,0,3857
BRDA:46,16,0,3857
BRDA:49,17,0,3857
BRDA:52,18,0,3857
BRDA:56,19,0,3857
BRDA:60,20,0,3857
BRDA:61,21,0,3857
BRDA:69,22,0,3857
BRDA:70,23,0,3857
BRDA:82,24,0,3857
BRDA:87,25,0,3857
BRDA:88,26,0,3857
BRDA:89,27,0,3857
BRDA:90,28,0,3857
BRDA:91,29,0,3857
BRDA:92,30,0,3857
BRDA:93,31,0,3857
BRDA:94,32,0,3857
BRDA:96,33,0,3857
BRF:34
BRH:34
end_of_record
TN:
SF:dist/chunks/chunk.YQOWMD46.js
FN:24,LynkRadioGroup
FN:30,connectedCallback
FN:34,getAllRadios
FN:39,handleRadioClick
FN:50,handleKeyDown
FN:73,handleSlotChange
FN:87,render
FNF:7
FNH:7
FNDA:18,LynkRadioGroup
FNDA:18,connectedCallback
FNDA:48,getAllRadios
FNDA:6,handleRadioClick
FNDA:4,handleKeyDown
FNDA:34,handleSlotChange
FNDA:26,render
DA:1,82
DA:2,82
DA:3,82
DA:4,82
DA:5,82
DA:6,82
DA:7,82
DA:8,82
DA:9,82
DA:10,82
DA:11,82
DA:12,82
DA:13,82
DA:14,82
DA:15,82
DA:16,82
DA:17,82
DA:18,82
DA:19,82
DA:20,82
DA:21,82
DA:22,82
DA:23,82
DA:24,82
DA:25,18
DA:26,18
DA:27,18
DA:28,18
DA:29,18
DA:30,82
DA:31,18
DA:32,18
DA:33,18
DA:34,82
DA:35,48
DA:36,48
DA:37,48
DA:38,48
DA:39,82
DA:40,6
DA:41,6
DA:42,6
DA:43,6
DA:44,6
DA:45,18
DA:46,18
DA:47,6
DA:48,6
DA:49,6
DA:50,82
DA:51,4
DA:52,4
DA:53,4
DA:54,4
DA:55,4
DA:56,4
DA:57,4
DA:58,0
DA:59,0
DA:60,4
DA:61,0
DA:62,0
DA:63,4
DA:64,8
DA:65,8
DA:66,4
DA:67,4
DA:68,4
DA:69,4
DA:70,4
DA:71,4
DA:72,4
DA:73,82
DA:74,34
DA:75,34
DA:76,34
DA:77,34
DA:78,78
DA:79,78
DA:80,34
DA:81,34
DA:82,26
DA:83,34
DA:84,8
DA:85,8
DA:86,34
DA:87,82
DA:88,26
DA:89,26
DA:90,26
DA:91,26
DA:92,26
DA:93,26
DA:94,26
DA:95,26
DA:96,26
DA:97,26
DA:98,26
DA:99,26
DA:100,26
DA:101,26
DA:102,26
DA:103,26
DA:104,26
DA:105,26
DA:106,82
DA:107,82
DA:108,82
DA:109,82
DA:110,82
DA:111,82
DA:112,82
DA:113,82
DA:114,82
DA:115,82
DA:116,82
DA:117,82
DA:118,82
DA:119,82
DA:120,82
DA:121,82
DA:122,82
DA:123,82
DA:124,82
DA:125,82
DA:126,82
LF:126
LH:122
BRDA:1,0,0,2650
BRDA:24,1,0,2650
BRDA:30,2,0,2650
BRDA:34,3,0,2650
BRDA:36,4,0,2650
BRDA:39,5,0,2650
BRDA:41,6,0,2650
BRDA:44,7,0,2650
BRDA:46,8,0,2650
BRDA:46,9,0,2650
BRDA:50,10,0,2650
BRDA:54,11,0,2650
BRDA:55,12,0,2650
BRDA:57,13,0,2650
BRDA:60,14,0,2650
BRDA:53,15,0,2650
BRDA:54,16,0,2650
BRDA:63,17,0,2650
BRDA:73,18,0,2650
BRDA:81,19,0,2650
BRDA:83,20,0,2650
BRDA:75,21,0,2650
BRDA:76,22,0,2650
BRDA:77,23,0,2650
BRDA:87,24,0,2650
BRDA:102,25,0,2650
BRDA:102,26,0,2650
BRF:27
BRH:27
end_of_record
TN:
SF:dist/chunks/chunk.YSDCC3TV.js
FNF:0
FNH:0
DA:1,82
DA:2,82
DA:3,82
DA:4,82
DA:5,82
DA:6,82
DA:7,82
DA:8,82
DA:9,82
DA:10,82
DA:11,82
DA:12,82
DA:13,82
DA:14,82
DA:15,82
DA:16,82
DA:17,82
DA:18,82
DA:19,82
DA:20,82
DA:21,82
DA:22,82
DA:23,82
DA:24,82
DA:25,82
DA:26,82
DA:27,82
DA:28,82
DA:29,82
DA:30,82
DA:31,82
DA:32,82
DA:33,82
DA:34,82
DA:35,82
DA:36,82
DA:37,82
DA:38,82
DA:39,82
DA:40,82
DA:41,82
DA:42,82
DA:43,82
DA:44,82
DA:45,82
DA:46,82
DA:47,82
DA:48,82
DA:49,82
DA:50,82
DA:51,82
DA:52,82
DA:53,82
DA:54,82
DA:55,82
DA:56,82
DA:57,82
DA:58,82
DA:59,82
DA:60,82
DA:61,82
DA:62,82
DA:63,82
DA:64,82
DA:65,82
DA:66,82
DA:67,82
DA:68,82
DA:69,82
DA:70,82
DA:71,82
DA:72,82
DA:73,82
DA:74,82
DA:75,82
DA:76,82
DA:77,82
DA:78,82
DA:79,82
DA:80,82
DA:81,82
DA:82,82
LF:82
LH:82
BRDA:1,0,0,82
BRF:1
BRH:1
end_of_record
TN:
SF:dist/chunks/chunk.Z36BNKXX.js
FNF:0
FNH:0
DA:1,82
DA:2,82
DA:3,82
DA:4,82
DA:5,82
DA:6,82
DA:7,82
DA:8,82
DA:9,82
DA:10,82
DA:11,82
DA:12,82
DA:13,82
DA:14,82
DA:15,82
DA:16,82
DA:17,82
DA:18,82
DA:19,82
DA:20,82
DA:21,82
DA:22,82
DA:23,82
DA:24,82
DA:25,82
DA:26,82
DA:27,82
DA:28,82
DA:29,82
DA:30,82
DA:31,82
DA:32,82
DA:33,82
DA:34,82
DA:35,82
DA:36,82
DA:37,82
DA:38,82
DA:39,82
DA:40,82
DA:41,82
DA:42,82
DA:43,82
DA:44,82
DA:45,82
DA:46,82
DA:47,82
DA:48,82
DA:49,82
DA:50,82
DA:51,82
DA:52,82
DA:53,82
DA:54,82
DA:55,82
DA:56,82
DA:57,82
DA:58,82
DA:59,82
DA:60,82
DA:61,82
LF:61
LH:61
BRDA:1,0,0,82
BRF:1
BRH:1
end_of_record
TN:
SF:dist/chunks/chunk.ZGBBJZN5.js
FN:36,LynkTabGroup
FN:46,connectedCallback
FN:76,disconnectedCallback
FN:80,show
FN:86,getAllTabs
FN:92,getAllPanels
FN:96,getActiveTab
FN:99,handleClick
FN:110,handleKeyDown
FN:153,handleScrollToStart
FN:159,handleScrollToEnd
FN:165,updateScrollControls
FN:172,setActiveTab
FN:197,setAriaLabels
FN:206,syncIndicator
FN:215,repositionIndicator
FN:247,preventIndicatorTransition
FN:254,syncTabsAndPanels
FN:259,render
FNF:19
FNH:0
FNDA:0,LynkTabGroup
FNDA:0,connectedCallback
FNDA:0,disconnectedCallback
FNDA:0,show
FNDA:0,getAllTabs
FNDA:0,getAllPanels
FNDA:0,getActiveTab
FNDA:0,handleClick
FNDA:0,handleKeyDown
FNDA:0,handleScrollToStart
FNDA:0,handleScrollToEnd
FNDA:0,updateScrollControls
FNDA:0,setActiveTab
FNDA:0,setAriaLabels
FNDA:0,syncIndicator
FNDA:0,repositionIndicator
FNDA:0,preventIndicatorTransition
FNDA:0,syncTabsAndPanels
FNDA:0,render
DA:1,82
DA:2,82
DA:3,82
DA:4,82
DA:5,82
DA:6,82
DA:7,82
DA:8,82
DA:9,82
DA:10,82
DA:11,82
DA:12,82
DA:13,82
DA:14,82
DA:15,82
DA:16,82
DA:17,82
DA:18,82
DA:19,82
DA:20,82
DA:21,82
DA:22,82
DA:23,82
DA:24,82
DA:25,82
DA:26,82
DA:27,82
DA:28,82
DA:29,82
DA:30,82
DA:31,82
DA:32,82
DA:33,82
DA:34,82
DA:35,82
DA:36,82
DA:37,0
DA:38,0
DA:39,0
DA:40,0
DA:41,0
DA:42,0
DA:43,0
DA:44,0
DA:45,0
DA:46,82
DA:47,0
DA:48,0
DA:49,0
DA:50,0
DA:51,0
DA:52,0
DA:53,0
DA:54,0
DA:55,0
DA:56,0
DA:57,0
DA:58,0
DA:59,0
DA:60,0
DA:61,0
DA:62,0
DA:63,0
DA:64,0
DA:65,0
DA:66,0
DA:67,0
DA:68,0
DA:69,0
DA:70,0
DA:71,0
DA:72,0
DA:73,0
DA:74,0
DA:75,0
DA:76,82
DA:77,0
DA:78,0
DA:79,0
DA:80,82
DA:81,0
DA:82,0
DA:83,0
DA:84,0
DA:85,0
DA:86,82
DA:87,0
DA:88,0
DA:89,0
DA:90,0
DA:91,0
DA:92,82
DA:93,0
DA:94,0
DA:95,0
DA:96,82
DA:97,0
DA:98,0
DA:99,82
DA:100,0
DA:101,0
DA:102,0
DA:103,0
DA:104,0
DA:105,0
DA:106,0
DA:107,0
DA:108,0
DA:109,0
DA:110,82
DA:111,0
DA:112,0
DA:113,0
DA:114,0
DA:115,0
DA:116,0
DA:117,0
DA:118,0
DA:119,0
DA:120,0
DA:121,0
DA:122,0
DA:123,0
DA:124,0
DA:125,0
DA:126,0
DA:127,0
DA:128,0
DA:129,0
DA:130,0
DA:131,0
DA:132,0
DA:133,0
DA:134,0
DA:135,0
DA:136,0
DA:137,0
DA:138,0
DA:139,0
DA:140,0
DA:141,0
DA:142,0
DA:143,0
DA:144,0
DA:145,0
DA:146,0
DA:147,0
DA:148,0
DA:149,0
DA:150,0
DA:151,0
DA:152,0
DA:153,82
DA:154,0
DA:155,0
DA:156,0
DA:157,0
DA:158,0
DA:159,82
DA:160,0
DA:161,0
DA:162,0
DA:163,0
DA:164,0
DA:165,82
DA:166,0
DA:167,0
DA:168,0
DA:169,0
DA:170,0
DA:171,0
DA:172,82
DA:173,0
DA:174,0
DA:175,0
DA:176,0
DA:177,0
DA:178,0
DA:179,0
DA:180,0
DA:181,0
DA:182,0
DA:183,0
DA:184,0
DA:185,0
DA:186,0
DA:187,0
DA:188,0
DA:189,0
DA:190,0
DA:191,0
DA:192,0
DA:193,0
DA:194,0
DA:195,0
DA:196,0
DA:197,82
DA:198,0
DA:199,0
DA:200,0
DA:201,0
DA:202,0
DA:203,0
DA:204,0
DA:205,0
DA:206,82
DA:207,0
DA:208,0
DA:209,0
DA:210,0
DA:211,0
DA:212,0
DA:213,0
DA:214,0
DA:215,82
DA:216,0
DA:217,0
DA:218,0
DA:219,0
DA:220,0
DA:221,0
DA:222,0
DA:223,0
DA:224,0
DA:225,0
DA:226,0
DA:227,0
DA:228,0
DA:229,0
DA:230,0
DA:231,0
DA:232,0
DA:233,0
DA:234,0
DA:235,0
DA:236,0
DA:237,0
DA:238,0
DA:239,0
DA:240,0
DA:241,0
DA:242,0
DA:243,0
DA:244,0
DA:245,0
DA:246,0
DA:247,82
DA:248,0
DA:249,0
DA:250,0
DA:251,0
DA:252,0
DA:253,0
DA:254,82
DA:255,0
DA:256,0
DA:257,0
DA:258,0
DA:259,82
DA:260,0
DA:261,0
DA:262,0
DA:263,0
DA:264,0
DA:265,0
DA:266,0
DA:267,0
DA:268,0
DA:269,0
DA:270,0
DA:271,0
DA:272,0
DA:273,0
DA:274,0
DA:275,0
DA:276,0
DA:277,0
DA:278,0
DA:279,0
DA:280,0
DA:281,0
DA:282,0
DA:283,0
DA:284,0
DA:285,0
DA:286,0
DA:287,0
DA:288,0
DA:289,0
DA:290,0
DA:291,0
DA:292,0
DA:293,0
DA:294,0
DA:295,0
DA:296,0
DA:297,0
DA:298,0
DA:299,0
DA:300,0
DA:301,0
DA:302,0
DA:303,0
DA:304,0
DA:305,0
DA:306,0
DA:307,0
DA:308,0
DA:309,0
DA:310,0
DA:311,0
DA:312,0
DA:313,0
DA:314,82
DA:315,82
DA:316,82
DA:317,82
DA:318,82
DA:319,82
DA:320,82
DA:321,82
DA:322,82
DA:323,82
DA:324,82
DA:325,82
DA:326,82
DA:327,82
DA:328,82
DA:329,82
DA:330,82
DA:331,82
DA:332,82
DA:333,82
DA:334,82
DA:335,82
DA:336,82
DA:337,82
DA:338,82
DA:339,82
DA:340,82
DA:341,82
DA:342,82
DA:343,82
DA:344,82
DA:345,82
DA:346,82
DA:347,82
DA:348,82
DA:349,82
DA:350,82
DA:351,82
DA:352,82
DA:353,82
DA:354,82
DA:355,82
LF:355
LH:96
BRDA:1,0,0,82
BRF:1
BRH:1
end_of_record
TN:
SF:dist/chunks/chunk.ZGGQLO76.js
FNF:0
FNH:0
DA:1,82
DA:2,82
DA:3,82
DA:4,82
DA:5,82
DA:6,82
DA:7,82
DA:8,82
DA:9,82
DA:10,82
DA:11,82
DA:12,82
DA:13,82
DA:14,82
DA:15,82
DA:16,82
DA:17,82
DA:18,82
DA:19,82
DA:20,82
DA:21,82
DA:22,82
DA:23,82
DA:24,82
DA:25,82
DA:26,82
DA:27,82
DA:28,82
DA:29,82
DA:30,82
DA:31,82
DA:32,82
DA:33,82
DA:34,82
DA:35,82
DA:36,82
DA:37,82
DA:38,82
DA:39,82
LF:39
LH:39
BRDA:1,0,0,82
BRF:1
BRH:1
end_of_record
TN:
SF:src/components/table/models.ts
FN:18,<instance_members_initializer>
FN:19,<static_initializer>
FN:22,LynkTableSortEvent
FNF:3
FNH:3
FNDA:12,<instance_members_initializer>
FNDA:2,<static_initializer>
FNDA:12,LynkTableSortEvent
DA:1,2
DA:2,2
DA:3,2
DA:4,2
DA:5,2
DA:6,2
DA:7,2
DA:8,2
DA:9,2
DA:10,2
DA:11,2
DA:12,2
DA:13,2
DA:14,2
DA:15,2
DA:16,2
DA:17,2
DA:18,2
DA:19,12
DA:20,12
DA:21,12
DA:22,12
DA:23,12
DA:24,12
DA:25,12
DA:26,12
DA:27,12
DA:28,12
DA:29,12
LF:29
LH:29
BRDA:12,0,0,2
BRDA:18,1,0,12
BRDA:19,2,0,2
BRDA:22,3,0,12
BRF:4
BRH:4
end_of_record
TN:
SF:src/utilities/form.ts
FN:5,serialize
FNF:1
FNH:1
FNDA:4,serialize
DA:1,4
DA:2,4
DA:3,4
DA:4,4
DA:5,4
DA:6,4
DA:7,4
DA:8,4
DA:9,4
DA:10,4
DA:11,0
DA:12,0
DA:13,0
DA:14,0
DA:15,0
DA:16,0
DA:17,4
DA:18,4
DA:19,4
DA:20,4
DA:21,4
DA:22,4
DA:23,4
LF:23
LH:17
BRDA:5,0,0,4
BRDA:9,1,0,4
BRDA:10,2,0,0
BRF:3
BRH:2
end_of_record
