TN:
SF:dist/lynk.js
FNF:0
FNH:0
DA:1,96
DA:2,96
DA:3,96
DA:4,96
DA:5,96
DA:6,96
DA:7,96
DA:8,96
DA:9,96
DA:10,96
DA:11,96
DA:12,96
DA:13,96
DA:14,96
DA:15,96
DA:16,96
DA:17,96
DA:18,96
DA:19,96
DA:20,96
DA:21,96
DA:22,96
DA:23,96
DA:24,96
DA:25,96
DA:26,96
DA:27,96
DA:28,96
DA:29,96
DA:30,96
DA:31,96
DA:32,96
DA:33,96
DA:34,96
DA:35,96
DA:36,96
DA:37,96
DA:38,96
DA:39,96
DA:40,96
DA:41,96
DA:42,96
DA:43,96
DA:44,96
DA:45,96
DA:46,96
DA:47,96
DA:48,96
DA:49,96
DA:50,96
DA:51,96
DA:52,96
DA:53,96
DA:54,96
DA:55,96
DA:56,96
DA:57,96
DA:58,96
DA:59,96
DA:60,96
DA:61,96
DA:62,96
DA:63,96
DA:64,96
DA:65,96
DA:66,96
DA:67,96
DA:68,96
DA:69,96
DA:70,96
DA:71,96
DA:72,96
DA:73,96
DA:74,96
DA:75,96
DA:76,96
DA:77,96
DA:78,96
DA:79,96
DA:80,96
DA:81,96
DA:82,96
DA:83,96
DA:84,96
DA:85,96
DA:86,96
DA:87,96
DA:88,96
DA:89,96
DA:90,96
DA:91,96
DA:92,96
DA:93,96
DA:94,96
DA:95,96
DA:96,96
DA:97,96
DA:98,96
DA:99,96
DA:100,96
DA:101,96
DA:102,96
DA:103,96
DA:104,96
DA:105,96
DA:106,96
DA:107,96
DA:108,96
DA:109,96
DA:110,96
DA:111,96
DA:112,96
DA:113,96
DA:114,96
DA:115,96
DA:116,96
DA:117,96
DA:118,96
DA:119,96
DA:120,96
DA:121,96
DA:122,96
DA:123,96
DA:124,96
DA:125,96
DA:126,96
DA:127,96
DA:128,96
DA:129,96
DA:130,96
DA:131,96
DA:132,96
DA:133,96
DA:134,96
DA:135,96
DA:136,96
DA:137,96
DA:138,96
DA:139,96
DA:140,96
DA:141,96
DA:142,96
DA:143,96
DA:144,96
DA:145,96
DA:146,96
DA:147,96
DA:148,96
DA:149,96
DA:150,96
DA:151,96
DA:152,96
DA:153,96
DA:154,96
DA:155,96
DA:156,96
DA:157,96
DA:158,96
DA:159,96
DA:160,96
DA:161,96
DA:162,96
DA:163,96
DA:164,96
DA:165,96
DA:166,96
DA:167,96
DA:168,96
DA:169,96
DA:170,96
DA:171,96
DA:172,96
DA:173,96
DA:174,96
DA:175,96
DA:176,96
DA:177,96
DA:178,96
DA:179,96
DA:180,96
DA:181,96
DA:182,96
DA:183,96
DA:184,96
DA:185,96
DA:186,96
DA:187,96
DA:188,96
DA:189,96
DA:190,96
DA:191,96
DA:192,96
DA:193,96
DA:194,96
DA:195,96
DA:196,96
DA:197,96
DA:198,96
DA:199,96
DA:200,96
DA:201,96
DA:202,96
DA:203,96
DA:204,96
DA:205,96
DA:206,96
DA:207,96
DA:208,96
DA:209,96
DA:210,96
DA:211,96
DA:212,96
DA:213,96
DA:214,96
DA:215,96
DA:216,96
DA:217,96
DA:218,96
DA:219,96
DA:220,96
DA:221,96
DA:222,96
DA:223,96
DA:224,96
DA:225,96
DA:226,96
DA:227,96
DA:228,96
DA:229,96
DA:230,96
DA:231,96
DA:232,96
DA:233,96
DA:234,96
DA:235,96
DA:236,96
DA:237,96
DA:238,96
DA:239,96
DA:240,96
DA:241,96
DA:242,96
DA:243,96
DA:244,96
DA:245,96
DA:246,96
DA:247,96
DA:248,96
DA:249,96
DA:250,96
DA:251,96
DA:252,96
DA:253,96
DA:254,96
DA:255,96
DA:256,96
DA:257,96
DA:258,96
DA:259,96
DA:260,96
DA:261,96
DA:262,96
DA:263,96
DA:264,96
DA:265,96
DA:266,96
DA:267,96
DA:268,96
DA:269,96
DA:270,96
DA:271,96
DA:272,96
DA:273,96
DA:274,96
DA:275,96
DA:276,96
DA:277,96
DA:278,96
DA:279,96
DA:280,96
DA:281,96
DA:282,96
DA:283,96
DA:284,96
DA:285,96
DA:286,96
DA:287,96
DA:288,96
DA:289,96
DA:290,96
DA:291,96
DA:292,96
DA:293,96
DA:294,96
DA:295,96
DA:296,96
DA:297,96
DA:298,96
DA:299,96
DA:300,96
DA:301,96
DA:302,96
DA:303,96
DA:304,96
DA:305,96
DA:306,96
DA:307,96
DA:308,96
DA:309,96
DA:310,96
DA:311,96
DA:312,96
DA:313,96
DA:314,96
DA:315,96
DA:316,96
LF:316
LH:316
BRDA:1,0,0,96
BRF:1
BRH:1
end_of_record
TN:
SF:dist/chunks/chunk.23VE5S4B.js
FNF:0
FNH:0
DA:1,96
DA:2,96
DA:3,96
DA:4,96
DA:5,96
DA:6,96
DA:7,96
DA:8,96
DA:9,96
DA:10,96
DA:11,96
DA:12,96
DA:13,96
DA:14,96
DA:15,96
DA:16,96
DA:17,96
DA:18,96
DA:19,96
DA:20,96
DA:21,96
DA:22,96
DA:23,96
DA:24,96
DA:25,96
DA:26,96
DA:27,96
DA:28,96
DA:29,96
DA:30,96
DA:31,96
DA:32,96
LF:32
LH:32
BRDA:1,0,0,96
BRF:1
BRH:1
end_of_record
TN:
SF:dist/chunks/chunk.26LJ7ES5.js
FN:46,LynkRange
FN:67,connectedCallback
FN:81,disconnectedCallback
FN:85,focus
FN:88,blur
FN:91,stepUp
FN:98,stepDown
FN:105,checkValidity
FN:108,reportValidity
FN:111,setCustomValidity
FN:115,handleInput
FN:120,handleBlur
FN:125,handleValueChange
FN:131,handleDisabledChange
FN:135,handleFocus
FN:140,handleThumbDragStart
FN:143,handleThumbDragEnd
FN:146,syncRange
FN:153,syncProgress
FN:156,syncTooltip
FN:172,render
FN:64,LynkRange.tooltipFormatter
FNF:22
FNH:11
FNDA:22,LynkRange
FNDA:22,connectedCallback
FNDA:22,disconnectedCallback
FNDA:0,focus
FNDA:0,blur
FNDA:6,stepUp
FNDA:2,stepDown
FNDA:0,checkValidity
FNDA:0,reportValidity
FNDA:0,setCustomValidity
FNDA:0,handleInput
FNDA:0,handleBlur
FNDA:14,handleValueChange
FNDA:0,handleDisabledChange
FNDA:0,handleFocus
FNDA:0,handleThumbDragStart
FNDA:0,handleThumbDragEnd
FNDA:53,syncRange
FNDA:53,syncProgress
FNDA:53,syncTooltip
FNDA:36,render
FNDA:34,LynkRange.tooltipFormatter
DA:1,96
DA:2,96
DA:3,96
DA:4,96
DA:5,96
DA:6,96
DA:7,96
DA:8,96
DA:9,96
DA:10,96
DA:11,96
DA:12,96
DA:13,96
DA:14,96
DA:15,96
DA:16,96
DA:17,96
DA:18,96
DA:19,96
DA:20,96
DA:21,96
DA:22,96
DA:23,96
DA:24,96
DA:25,96
DA:26,96
DA:27,96
DA:28,96
DA:29,96
DA:30,96
DA:31,96
DA:32,96
DA:33,96
DA:34,96
DA:35,96
DA:36,96
DA:37,96
DA:38,96
DA:39,96
DA:40,96
DA:41,96
DA:42,96
DA:43,96
DA:44,96
DA:45,96
DA:46,96
DA:47,22
DA:48,22
DA:49,22
DA:50,22
DA:51,22
DA:52,22
DA:53,22
DA:54,22
DA:55,22
DA:56,22
DA:57,22
DA:58,22
DA:59,22
DA:60,22
DA:61,22
DA:62,22
DA:63,22
DA:64,22
DA:65,22
DA:66,22
DA:67,96
DA:68,22
DA:69,22
DA:70,22
DA:71,0
DA:72,0
DA:73,22
DA:74,0
DA:75,0
DA:76,22
DA:77,22
DA:78,22
DA:79,22
DA:80,22
DA:81,96
DA:82,22
DA:83,22
DA:84,22
DA:85,96
DA:86,0
DA:87,0
DA:88,96
DA:89,0
DA:90,0
DA:91,96
DA:92,6
DA:93,6
DA:94,6
DA:95,6
DA:96,6
DA:97,6
DA:98,96
DA:99,2
DA:100,2
DA:101,2
DA:102,2
DA:103,2
DA:104,2
DA:105,96
DA:106,0
DA:107,0
DA:108,96
DA:109,0
DA:110,0
DA:111,96
DA:112,0
DA:113,0
DA:114,0
DA:115,96
DA:116,0
DA:117,0
DA:118,0
DA:119,0
DA:120,96
DA:121,0
DA:122,0
DA:123,0
DA:124,0
DA:125,96
DA:126,14
DA:127,14
DA:128,14
DA:129,14
DA:130,14
DA:131,96
DA:132,0
DA:133,0
DA:134,0
DA:135,96
DA:136,0
DA:137,0
DA:138,0
DA:139,0
DA:140,96
DA:141,0
DA:142,0
DA:143,96
DA:144,0
DA:145,0
DA:146,96
DA:147,53
DA:148,53
DA:149,53
DA:150,53
DA:151,53
DA:152,53
DA:153,96
DA:154,53
DA:155,53
DA:156,96
DA:157,53
DA:158,50
DA:159,50
DA:160,50
DA:161,50
DA:162,50
DA:163,50
DA:164,0
DA:165,0
DA:166,50
DA:167,50
DA:168,50
DA:169,50
DA:170,50
DA:171,53
DA:172,96
DA:173,36
DA:174,36
DA:175,36
DA:176,36
DA:177,36
DA:178,36
DA:179,36
DA:180,36
DA:181,36
DA:182,36
DA:183,36
DA:184,36
DA:185,36
DA:186,36
DA:187,36
DA:188,36
DA:189,36
DA:190,36
DA:191,36
DA:192,36
DA:193,36
DA:194,36
DA:195,36
DA:196,36
DA:197,36
DA:198,36
DA:199,36
DA:200,36
DA:201,36
DA:202,36
DA:203,36
DA:204,36
DA:205,36
DA:206,36
DA:207,36
DA:208,36
DA:209,36
DA:210,36
DA:211,36
DA:212,36
DA:213,36
DA:214,36
DA:215,36
DA:216,36
DA:217,36
DA:218,36
DA:219,36
DA:220,36
DA:221,36
DA:222,36
DA:223,36
DA:224,36
DA:225,36
DA:226,36
DA:227,36
DA:228,36
DA:229,36
DA:230,36
DA:231,34
DA:232,34
DA:233,34
DA:234,36
DA:235,36
DA:236,36
DA:237,36
DA:238,36
DA:239,36
DA:240,36
DA:241,36
DA:242,36
DA:243,36
DA:244,36
DA:245,36
DA:246,36
DA:247,36
DA:248,36
DA:249,36
DA:250,96
DA:251,96
DA:252,96
DA:253,96
DA:254,96
DA:255,96
DA:256,96
DA:257,96
DA:258,96
DA:259,96
DA:260,96
DA:261,96
DA:262,96
DA:263,96
DA:264,96
DA:265,96
DA:266,96
DA:267,96
DA:268,96
DA:269,96
DA:270,96
DA:271,96
DA:272,96
DA:273,96
DA:274,96
DA:275,96
DA:276,96
DA:277,96
DA:278,96
DA:279,96
DA:280,96
DA:281,96
DA:282,96
DA:283,96
DA:284,96
DA:285,96
DA:286,96
DA:287,96
DA:288,96
DA:289,96
DA:290,96
DA:291,96
DA:292,96
DA:293,96
DA:294,96
DA:295,96
DA:296,96
DA:297,96
DA:298,96
DA:299,96
DA:300,96
DA:301,96
DA:302,96
DA:303,96
DA:304,96
DA:305,96
DA:306,96
DA:307,96
DA:308,96
DA:309,96
DA:310,96
DA:311,96
DA:312,96
DA:313,96
DA:314,96
DA:315,96
DA:316,96
DA:317,96
DA:318,96
LF:318
LH:282
BRDA:1,0,0,3028
BRDA:46,1,0,3028
BRDA:64,2,0,3028
BRDA:67,3,0,3028
BRDA:70,4,0,3028
BRDA:73,5,0,3028
BRDA:69,6,0,3028
BRDA:76,7,0,3028
BRDA:81,8,0,3028
BRDA:91,9,0,3028
BRDA:98,10,0,3028
BRDA:125,11,0,3028
BRDA:146,12,0,3028
BRDA:153,13,0,3028
BRDA:156,14,0,3028
BRDA:157,15,0,3028
BRDA:163,16,0,3028
BRDA:172,17,0,3028
BRDA:175,18,0,3028
BRDA:175,19,0,3028
BRDA:176,20,0,3028
BRDA:191,21,0,3028
BRDA:191,22,0,3028
BRDA:230,23,0,3028
BRDA:232,24,0,3028
BRDA:234,25,0,3028
BRDA:243,26,0,3028
BRF:27
BRH:27
end_of_record
TN:
SF:dist/chunks/chunk.2IAWQMEA.js
FN:20,LynkStack
FN:26,render
FNF:2
FNH:2
FNDA:32,LynkStack
FNDA:32,render
DA:1,96
DA:2,96
DA:3,96
DA:4,96
DA:5,96
DA:6,96
DA:7,96
DA:8,96
DA:9,96
DA:10,96
DA:11,96
DA:12,96
DA:13,96
DA:14,96
DA:15,96
DA:16,96
DA:17,96
DA:18,96
DA:19,96
DA:20,96
DA:21,32
DA:22,32
DA:23,32
DA:24,32
DA:25,32
DA:26,96
DA:27,32
DA:28,32
DA:29,32
DA:30,32
DA:31,32
DA:32,32
DA:33,32
DA:34,32
DA:35,32
DA:36,32
DA:37,32
DA:38,32
DA:39,32
DA:40,96
DA:41,96
DA:42,96
DA:43,96
DA:44,96
DA:45,96
DA:46,96
DA:47,96
DA:48,96
DA:49,96
DA:50,96
DA:51,96
DA:52,96
DA:53,96
DA:54,96
DA:55,96
DA:56,96
DA:57,96
DA:58,96
DA:59,96
DA:60,96
DA:61,96
DA:62,96
DA:63,96
LF:63
LH:63
BRDA:1,0,0,829
BRDA:20,1,0,829
BRDA:26,2,0,829
BRDA:27,3,0,829
BRDA:28,4,0,829
BRDA:29,5,0,829
BRDA:30,6,0,829
BRDA:27,7,0,829
BRF:8
BRH:8
end_of_record
TN:
SF:dist/chunks/chunk.2J32UQ2O.js
FNF:0
FNH:0
DA:1,96
DA:2,96
DA:3,96
DA:4,96
DA:5,96
DA:6,96
DA:7,96
DA:8,96
DA:9,96
DA:10,96
DA:11,96
DA:12,96
DA:13,96
DA:14,96
DA:15,96
DA:16,96
DA:17,96
DA:18,96
DA:19,96
DA:20,96
DA:21,96
DA:22,96
DA:23,96
DA:24,96
DA:25,96
DA:26,96
DA:27,96
LF:27
LH:27
BRDA:1,0,0,96
BRF:1
BRH:1
end_of_record
TN:
SF:dist/chunks/chunk.2JQPDYNA.js
FN:3,e
FN:5,i
FN:7,get _$AU
FN:10,_$AT
FN:13,_$AS
FN:16,update
FNF:6
FNH:5
FNDA:576,e
FNDA:1628,i
FNDA:0,get _$AU
FNDA:1628,_$AT
FNDA:3021,_$AS
FNDA:538,update
DA:1,96
DA:2,96
DA:3,96
DA:4,96
DA:5,96
DA:6,1628
DA:7,96
DA:8,0
DA:9,0
DA:10,96
DA:11,1628
DA:12,1628
DA:13,96
DA:14,3021
DA:15,3021
DA:16,96
DA:17,538
DA:18,538
DA:19,96
DA:20,96
DA:21,96
DA:22,96
DA:23,96
DA:24,96
DA:25,96
DA:26,96
DA:27,96
DA:28,96
DA:29,96
DA:30,96
LF:30
LH:28
BRDA:1,0,0,96
BRDA:3,1,0,1146
BRDA:3,2,0,1146
BRDA:5,3,0,1666
BRDA:10,4,0,1666
BRDA:13,5,0,3059
BRDA:16,6,0,598
BRF:7
BRH:7
end_of_record
TN:
SF:dist/chunks/chunk.2RWMKZ3Y.js
FNF:0
FNH:0
DA:1,96
DA:2,96
DA:3,96
DA:4,96
DA:5,96
DA:6,96
DA:7,96
DA:8,96
DA:9,96
DA:10,96
DA:11,96
DA:12,96
DA:13,96
DA:14,96
DA:15,96
DA:16,96
DA:17,96
DA:18,96
DA:19,96
DA:20,96
DA:21,96
DA:22,96
DA:23,96
DA:24,96
DA:25,96
DA:26,96
DA:27,96
DA:28,96
DA:29,96
DA:30,96
DA:31,96
DA:32,96
DA:33,96
DA:34,96
DA:35,96
DA:36,96
DA:37,96
DA:38,96
DA:39,96
DA:40,96
DA:41,96
DA:42,96
DA:43,96
DA:44,96
DA:45,96
DA:46,96
DA:47,96
DA:48,96
DA:49,96
DA:50,96
DA:51,96
DA:52,96
DA:53,96
DA:54,96
DA:55,96
DA:56,96
DA:57,96
DA:58,96
DA:59,96
DA:60,96
DA:61,96
DA:62,96
DA:63,96
DA:64,96
DA:65,96
DA:66,96
DA:67,96
DA:68,96
DA:69,96
DA:70,96
DA:71,96
DA:72,96
DA:73,96
DA:74,96
DA:75,96
DA:76,96
DA:77,96
DA:78,96
DA:79,96
DA:80,96
DA:81,96
DA:82,96
DA:83,96
DA:84,96
DA:85,96
DA:86,96
DA:87,96
DA:88,96
DA:89,96
DA:90,96
DA:91,96
DA:92,96
DA:93,96
DA:94,96
DA:95,96
DA:96,96
DA:97,96
DA:98,96
DA:99,96
DA:100,96
DA:101,96
DA:102,96
DA:103,96
DA:104,96
DA:105,96
DA:106,96
DA:107,96
DA:108,96
DA:109,96
DA:110,96
DA:111,96
DA:112,96
DA:113,96
LF:113
LH:113
BRDA:1,0,0,96
BRF:1
BRH:1
end_of_record
TN:
SF:dist/chunks/chunk.3GXYGU6N.js
FN:26,t
FN:29,e3
FN:32,n
FN:35,r
FN:38,i2
FN:67,o2
FN:76,a
FN:81,l
FN:84,s
FN:92,u
FN:95,m
FN:106,d
FN:109,p
FN:116,y2
FN:121,b
FN:155,T
FN:165,O
FN:168,L
FN:187,k
FN:201,n2
FN:204,o3
FN:213,i3
FN:216,r2
FN:219,l2
FN:223,c2
FN:226,s2
FN:229,f2
FN:234,u2
FN:238,a2
FN:241,d2
FN:248,h2
FN:251,g2
FN:257,v2
FN:266,y3
FN:270,x2
FN:273,b2
FN:276,L2
FN:291,E2
FN:297,R
FN:300,T2
FN:315,W
FN:319,H
FN:325,D2
FN:346,getClippingRect
FN:362,convertOffsetParentRelativeRectToViewportRelativeRect
FN:374,getDimensions
FN:379,getElementRects
FN:383,getClientRects
FN:383,isRTL
FN:384,C
FN:409,O2
FN:413,LynkPopup
FN:431,connectedCallback
FN:436,disconnectedCallback
FN:439,handleAnchorChange
FN:459,start
FN:467,stop
FN:481,updated
FN:498,reposition
FN:616,render
FN:676,fromAttribute
FN:679,toAttribute
FN:122,fn
FN:156,fn
FN:169,fn
FN:170,fn
FN:188,fn
FN:189,c3
FN:398,e5
FN:508,apply
FN:543,apply
FN:95,fn
FNF:72
FNH:66
FNDA:1758,t
FNDA:822,e3
FNDA:846,n
FNDA:486,r
FNDA:216,i2
FNDA:124,o2
FNDA:534,a
FNDA:1920,l
FNDA:480,s
FNDA:198,u
FNDA:54,m
FNDA:466,d
FNDA:216,p
FNDA:260,y2
FNDA:124,b
FNDA:124,T
FNDA:144,O
FNDA:124,L
FNDA:100,k
FNDA:46774,n2
FNDA:32134,o3
FNDA:10346,i3
FNDA:14640,r2
FNDA:4178,l2
FNDA:5774,c2
FNDA:5000,s2
FNDA:6508,f2
FNDA:3482,u2
FNDA:382,a2
FNDA:2880,d2
FNDA:1298,h2
FNDA:6698,g2
FNDA:338,v2
FNDA:1802,y3
FNDA:506,x2
FNDA:74,b2
FNDA:144,L2
FNDA:6364,E2
FNDA:678,R
FNDA:678,T2
FNDA:3482,W
FNDA:728,H
FNDA:960,D2
FNDA:480,getClippingRect
FNDA:480,convertOffsetParentRelativeRectToViewportRelativeRect
FNDA:318,getDimensions
FNDA:144,getElementRects
FNDA:0,getClientRects
FNDA:626,isRTL
FNDA:124,C
FNDA:124,O2
FNDA:100,LynkPopup
FNDA:100,connectedCallback
FNDA:100,disconnectedCallback
FNDA:98,handleAnchorChange
FNDA:256,start
FNDA:313,stop
FNDA:173,updated
FNDA:254,reposition
FNDA:173,render
FNDA:0,fromAttribute
FNDA:0,toAttribute
FNDA:216,fn
FNDA:216,fn
FNDA:144,fn
FNDA:144,fn
FNDA:120,fn
FNDA:0,c3
FNDA:0,e5
FNDA:0,apply
FNDA:120,apply
FNDA:54,fn
DA:1,96
DA:2,96
DA:3,96
DA:4,96
DA:5,96
DA:6,96
DA:7,96
DA:8,96
DA:9,96
DA:10,96
DA:11,96
DA:12,96
DA:13,96
DA:14,96
DA:15,96
DA:16,96
DA:17,96
DA:18,96
DA:19,96
DA:20,96
DA:21,96
DA:22,96
DA:23,96
DA:24,96
DA:25,96
DA:26,1758
DA:27,1758
DA:28,1758
DA:29,822
DA:30,822
DA:31,822
DA:32,846
DA:33,846
DA:34,846
DA:35,486
DA:36,486
DA:37,486
DA:38,216
DA:39,216
DA:40,216
DA:41,216
DA:42,216
DA:43,216
DA:44,24
DA:45,24
DA:46,216
DA:47,134
DA:48,134
DA:49,216
DA:50,52
DA:51,52
DA:52,216
DA:53,6
DA:54,6
DA:55,216
DA:56,0
DA:57,216
DA:58,216
DA:59,216
DA:60,60
DA:61,60
DA:62,216
DA:63,0
DA:64,216
DA:65,216
DA:66,216
DA:67,96
DA:68,124
DA:69,124
DA:70,124
DA:71,750
DA:72,750
DA:73,750
DA:74,124
DA:75,96
DA:76,534
DA:77,534
DA:78,0
DA:79,534
DA:80,534
DA:81,1920
DA:82,1920
DA:83,1920
DA:84,480
DA:85,480
DA:86,480
DA:87,480
DA:88,480
DA:89,480
DA:90,96
DA:91,96
DA:92,198
DA:93,198
DA:94,198
DA:95,96
DA:96,54
DA:97,54
DA:98,54
DA:99,54
DA:100,54
DA:101,54
DA:102,54
DA:103,54
DA:104,96
DA:105,96
DA:106,466
DA:107,466
DA:108,466
DA:109,216
DA:110,216
DA:111,216
DA:112,216
DA:113,216
DA:114,216
DA:115,96
DA:116,260
DA:117,260
DA:118,260
DA:119,96
DA:120,96
DA:121,96
DA:122,124
DA:123,216
DA:124,216
DA:125,130
DA:126,130
DA:127,216
DA:128,216
DA:129,216
DA:130,216
DA:131,216
DA:132,216
DA:133,216
DA:134,96
DA:135,96
DA:136,96
DA:137,96
DA:138,26
DA:139,26
DA:140,26
DA:141,26
DA:142,26
DA:143,26
DA:144,26
DA:145,26
DA:146,96
DA:147,0
DA:148,96
DA:149,26
DA:150,96
DA:151,96
DA:152,144
DA:153,124
DA:154,96
DA:155,96
DA:156,124
DA:157,216
DA:158,216
DA:159,216
DA:160,216
DA:161,216
DA:162,216
DA:163,124
DA:164,96
DA:165,144
DA:166,144
DA:167,144
DA:168,96
DA:169,124
DA:170,144
DA:171,144
DA:172,144
DA:173,144
DA:174,144
DA:175,144
DA:176,144
DA:177,144
DA:178,144
DA:179,144
DA:180,0
DA:181,0
DA:182,0
DA:183,144
DA:184,144
DA:185,124
DA:186,96
DA:187,96
DA:188,100
DA:189,120
DA:190,120
DA:191,120
DA:192,120
DA:193,120
DA:194,120
DA:195,120
DA:196,120
DA:197,100
DA:198,96
DA:199,96
DA:200,96
DA:201,46774
DA:202,46774
DA:203,46774
DA:204,32134
DA:205,32134
DA:206,32134
DA:207,32134
DA:208,29926
DA:209,29926
DA:210,29926
DA:211,2208
DA:212,32134
DA:213,10346
DA:214,10346
DA:215,10346
DA:216,14640
DA:217,14640
DA:218,14640
DA:219,4178
DA:220,4178
DA:221,4178
DA:222,4178
DA:223,5774
DA:224,5774
DA:225,5774
DA:226,5000
DA:227,5000
DA:228,5000
DA:229,6508
DA:230,6508
DA:231,6508
DA:232,6508
DA:233,6508
DA:234,3482
DA:235,3482
DA:236,3482
DA:237,3482
DA:238,382
DA:239,382
DA:240,382
DA:241,2880
DA:242,2880
DA:243,2880
DA:244,9880
DA:245,9880
DA:246,2880
DA:247,2880
DA:248,1298
DA:249,1298
DA:250,1298
DA:251,6698
DA:252,6698
DA:253,6698
DA:254,96
DA:255,96
DA:256,96
DA:257,338
DA:258,338
DA:259,338
DA:260,338
DA:261,338
DA:262,338
DA:263,338
DA:264,338
DA:265,338
DA:266,1802
DA:267,1802
DA:268,0
DA:269,1802
DA:270,506
DA:271,506
DA:272,506
DA:273,74
DA:274,74
DA:275,74
DA:276,144
DA:277,144
DA:278,24
DA:279,24
DA:280,144
DA:281,144
DA:282,144
DA:283,144
DA:284,144
DA:285,24
DA:286,24
DA:287,98
DA:288,74
DA:289,144
DA:290,144
DA:291,6364
DA:292,6364
DA:293,6364
DA:294,6364
DA:295,6364
DA:296,6364
DA:297,678
DA:298,678
DA:299,678
DA:300,678
DA:301,678
DA:302,678
DA:303,678
DA:304,678
DA:305,678
DA:306,296
DA:307,296
DA:308,680
DA:309,680
DA:310,576
DA:311,576
DA:312,192
DA:313,678
DA:314,678
DA:315,3482
DA:316,3482
DA:317,3482
DA:318,3482
DA:319,728
DA:320,728
DA:321,728
DA:322,728
DA:323,728
DA:324,728
DA:325,960
DA:326,960
DA:327,960
DA:328,960
DA:329,960
DA:330,960
DA:331,960
DA:332,960
DA:333,960
DA:334,960
DA:335,960
DA:336,0
DA:337,0
DA:338,0
DA:339,0
DA:340,0
DA:341,0
DA:342,0
DA:343,0
DA:344,960
DA:345,960
DA:346,96
DA:347,480
DA:348,480
DA:349,480
DA:350,480
DA:351,480
DA:352,480
DA:353,1864
DA:354,1864
DA:355,1864
DA:356,480
DA:357,480
DA:358,480
DA:359,480
DA:360,480
DA:361,480
DA:362,96
DA:363,480
DA:364,480
DA:365,480
DA:366,480
DA:367,480
DA:368,480
DA:369,480
DA:370,72
DA:371,72
DA:372,72
DA:373,480
DA:374,96
DA:375,318
DA:376,318
DA:377,0
DA:378,0
DA:379,96
DA:380,144
DA:381,144
DA:382,144
DA:383,96
DA:384,124
DA:385,124
DA:386,124
DA:387,124
DA:388,496
DA:389,124
DA:390,124
DA:391,124
DA:392,124
DA:393,124
DA:394,148
DA:395,124
DA:396,124
DA:397,124
DA:398,124
DA:399,0
DA:400,0
DA:401,0
DA:402,124
DA:403,98
DA:404,98
DA:405,392
DA:406,98
DA:407,124
DA:408,124
DA:409,96
DA:410,96
DA:411,96
DA:412,96
DA:413,96
DA:414,100
DA:415,100
DA:416,100
DA:417,100
DA:418,100
DA:419,100
DA:420,100
DA:421,100
DA:422,100
DA:423,100
DA:424,100
DA:425,100
DA:426,100
DA:427,100
DA:428,100
DA:429,100
DA:430,100
DA:431,96
DA:432,100
DA:433,100
DA:434,100
DA:435,100
DA:436,96
DA:437,100
DA:438,100
DA:439,96
DA:440,98
DA:441,98
DA:442,0
DA:443,0
DA:444,98
DA:445,0
DA:446,98
DA:447,98
DA:448,98
DA:449,98
DA:450,98
DA:451,98
DA:452,98
DA:453,0
DA:454,0
DA:455,0
DA:456,0
DA:457,98
DA:458,98
DA:459,96
DA:460,256
DA:461,132
DA:462,132
DA:463,124
DA:464,164
DA:465,124
DA:466,256
DA:467,96
DA:468,313
DA:469,313
DA:470,98
DA:471,98
DA:472,98
DA:473,98
DA:474,98
DA:475,98
DA:476,313
DA:477,215
DA:478,215
DA:479,313
DA:480,313
DA:481,96
DA:482,173
DA:483,173
DA:484,173
DA:485,58
DA:486,173
DA:487,115
DA:488,115
DA:489,173
DA:490,173
DA:491,0
DA:492,0
DA:493,173
DA:494,58
DA:495,58
DA:496,58
DA:497,173
DA:498,96
DA:499,254
DA:500,130
DA:501,130
DA:502,124
DA:503,124
DA:504,124
DA:505,236
DA:506,0
DA:507,0
DA:508,0
DA:509,0
DA:510,0
DA:511,0
DA:512,0
DA:513,0
DA:514,0
DA:515,0
DA:516,236
DA:517,124
DA:518,124
DA:519,124
DA:520,124
DA:521,124
DA:522,124
DA:523,124
DA:524,124
DA:525,124
DA:526,124
DA:527,124
DA:528,124
DA:529,124
DA:530,124
DA:531,124
DA:532,124
DA:533,124
DA:534,124
DA:535,124
DA:536,124
DA:537,124
DA:538,154
DA:539,100
DA:540,100
DA:541,100
DA:542,100
DA:543,100
DA:544,120
DA:545,120
DA:546,120
DA:547,0
DA:548,0
DA:549,120
DA:550,0
DA:551,120
DA:552,120
DA:553,120
DA:554,120
DA:555,100
DA:556,100
DA:557,236
DA:558,24
DA:559,24
DA:560,24
DA:561,188
DA:562,54
DA:563,54
DA:564,54
DA:565,54
DA:566,54
DA:567,54
DA:568,54
DA:569,124
DA:570,124
DA:571,124
DA:572,124
DA:573,124
DA:574,124
DA:575,124
DA:576,124
DA:577,124
DA:578,124
DA:579,124
DA:580,124
DA:581,124
DA:582,54
DA:583,54
DA:584,54
DA:585,54
DA:586,54
DA:587,54
DA:588,54
DA:589,0
DA:590,0
DA:591,0
DA:592,0
DA:593,54
DA:594,0
DA:595,0
DA:596,0
DA:597,0
DA:598,54
DA:599,0
DA:600,0
DA:601,54
DA:602,54
DA:603,54
DA:604,54
DA:605,54
DA:606,54
DA:607,54
DA:608,54
DA:609,54
DA:610,54
DA:611,54
DA:612,54
DA:613,124
DA:614,124
DA:615,254
DA:616,96
DA:617,173
DA:618,173
DA:619,173
DA:620,173
DA:621,173
DA:622,173
DA:623,173
DA:624,173
DA:625,173
DA:626,173
DA:627,173
DA:628,173
DA:629,173
DA:630,173
DA:631,173
DA:632,173
DA:633,173
DA:634,96
DA:635,96
DA:636,96
DA:637,96
DA:638,96
DA:639,96
DA:640,96
DA:641,96
DA:642,96
DA:643,96
DA:644,96
DA:645,96
DA:646,96
DA:647,96
DA:648,96
DA:649,96
DA:650,96
DA:651,96
DA:652,96
DA:653,96
DA:654,96
DA:655,96
DA:656,96
DA:657,96
DA:658,96
DA:659,96
DA:660,96
DA:661,96
DA:662,96
DA:663,96
DA:664,96
DA:665,96
DA:666,96
DA:667,96
DA:668,96
DA:669,96
DA:670,96
DA:671,96
DA:672,96
DA:673,96
DA:674,96
DA:675,96
DA:676,96
DA:677,0
DA:678,96
DA:679,96
DA:680,0
DA:681,0
DA:682,96
DA:683,96
DA:684,96
DA:685,96
DA:686,96
DA:687,96
DA:688,96
DA:689,96
DA:690,96
DA:691,96
DA:692,96
DA:693,96
DA:694,96
DA:695,96
DA:696,96
DA:697,96
DA:698,96
DA:699,96
DA:700,96
DA:701,96
DA:702,96
DA:703,96
DA:704,96
DA:705,96
DA:706,96
DA:707,96
DA:708,96
DA:709,96
DA:710,96
DA:711,96
DA:712,96
DA:713,96
DA:714,96
DA:715,96
DA:716,96
DA:717,96
DA:718,96
DA:719,96
DA:720,96
DA:721,96
LF:721
LH:665
BRDA:1,0,0,394562
BRDA:120,1,0,384
BRDA:26,2,0,394562
BRDA:29,3,0,394562
BRDA:32,4,0,394562
BRDA:33,5,0,394562
BRDA:35,6,0,394562
BRDA:36,7,0,394562
BRDA:38,8,0,394562
BRDA:43,9,0,394562
BRDA:49,10,0,394562
BRDA:52,11,0,394562
BRDA:55,12,0,394562
BRDA:60,13,0,394562
BRDA:60,14,0,394562
BRDA:62,15,0,394562
BRDA:67,16,0,394562
BRDA:68,17,0,394562
BRDA:70,18,0,394562
BRDA:72,19,0,394562
BRDA:72,20,0,394562
BRDA:72,21,0,394562
BRDA:72,22,0,394562
BRDA:72,23,0,394562
BRDA:72,24,0,394562
BRDA:76,25,0,394562
BRDA:77,26,0,394562
BRDA:81,27,0,394562
BRDA:84,28,0,394562
BRDA:86,29,0,394562
BRDA:87,30,0,394562
BRDA:87,31,0,394562
BRDA:87,32,0,394562
BRDA:87,33,0,394562
BRDA:87,34,0,394562
BRDA:87,35,0,394562
BRDA:92,36,0,394562
BRDA:106,37,0,394562
BRDA:107,38,0,394562
BRDA:109,39,0,394562
BRDA:110,40,0,394562
BRDA:112,41,0,394562
BRDA:112,42,0,394562
BRDA:112,43,0,394562
BRDA:113,44,0,394562
BRDA:116,45,0,394562
BRDA:117,46,0,394562
BRDA:121,47,0,394562
BRDA:122,48,0,394562
BRDA:122,49,0,394562
BRDA:124,50,0,394562
BRDA:128,51,0,394562
BRDA:130,52,0,394562
BRDA:133,53,0,394562
BRDA:124,54,0,394562
BRDA:133,55,0,394562
BRDA:155,56,0,394562
BRDA:156,57,0,394562
BRDA:156,58,0,394562
BRDA:157,59,0,394562
BRDA:158,60,0,394562
BRDA:158,61,0,394562
BRDA:158,62,0,394562
BRDA:158,63,0,394562
BRDA:158,64,0,394562
BRDA:159,65,0,394562
BRDA:160,66,0,394562
BRDA:160,67,0,394562
BRDA:165,68,0,394562
BRDA:166,69,0,394562
BRDA:168,70,0,394562
BRDA:169,71,0,394562
BRDA:169,72,0,394562
BRDA:176,73,0,394562
BRDA:177,74,0,394562
BRDA:179,75,0,394562
BRDA:170,76,0,394562
BRDA:187,77,0,394562
BRDA:188,78,0,394562
BRDA:188,79,0,394562
BRDA:192,80,0,394562
BRDA:192,81,0,394562
BRDA:192,82,0,394562
BRDA:192,83,0,394562
BRDA:193,84,0,394562
BRDA:193,85,0,394562
BRDA:196,86,0,394562
BRDA:201,87,0,394562
BRDA:202,88,0,394562
BRDA:202,89,0,394562
BRDA:202,90,0,394562
BRDA:204,91,0,394562
BRDA:206,92,0,394562
BRDA:207,93,0,394562
BRDA:209,94,0,394562
BRDA:209,95,0,394562
BRDA:211,96,0,394562
BRDA:213,97,0,394562
BRDA:216,98,0,394562
BRDA:217,99,0,394562
BRDA:217,100,0,394562
BRDA:217,101,0,394562
BRDA:217,102,0,394562
BRDA:219,103,0,394562
BRDA:221,104,0,394562
BRDA:223,105,0,394562
BRDA:226,106,0,394562
BRDA:229,107,0,394562
BRDA:231,108,0,394562
BRDA:232,109,0,394562
BRDA:234,110,0,394562
BRDA:236,111,0,394562
BRDA:238,112,0,394562
BRDA:241,113,0,394562
BRDA:242,114,0,394562
BRDA:243,115,0,394562
BRDA:243,116,0,394562
BRDA:243,117,0,394562
BRDA:243,118,0,394562
BRDA:243,119,0,394562
BRDA:243,120,0,394562
BRDA:243,121,0,394562
BRDA:243,122,0,394562
BRDA:243,123,0,394562
BRDA:243,124,0,394562
BRDA:243,125,0,394562
BRDA:248,126,0,394562
BRDA:251,127,0,394562
BRDA:257,128,0,394562
BRDA:259,129,0,394562
BRDA:259,130,0,394562
BRDA:262,131,0,394562
BRDA:262,132,0,394562
BRDA:262,133,0,394562
BRDA:262,134,0,394562
BRDA:263,135,0,394562
BRDA:263,136,0,394562
BRDA:263,137,0,394562
BRDA:263,138,0,394562
BRDA:263,139,0,394562
BRDA:263,140,0,394562
BRDA:266,141,0,394562
BRDA:267,142,0,394562
BRDA:267,143,0,394562
BRDA:267,144,0,394562
BRDA:268,145,0,394562
BRDA:270,146,0,394562
BRDA:271,147,0,394562
BRDA:271,148,0,394562
BRDA:273,149,0,394562
BRDA:276,150,0,394562
BRDA:277,151,0,394562
BRDA:283,152,0,394562
BRDA:284,153,0,394562
BRDA:284,154,0,394562
BRDA:287,155,0,394562
BRDA:277,156,0,394562
BRDA:291,157,0,394562
BRDA:293,158,0,394562
BRDA:294,159,0,394562
BRDA:294,160,0,394562
BRDA:294,161,0,394562
BRDA:294,162,0,394562
BRDA:295,163,0,394562
BRDA:295,164,0,394562
BRDA:297,165,0,394562
BRDA:298,166,0,394562
BRDA:300,167,0,394562
BRDA:303,168,0,394562
BRDA:303,169,0,394562
BRDA:304,170,0,394562
BRDA:305,171,0,394562
BRDA:305,172,0,394562
BRDA:305,173,0,394562
BRDA:313,174,0,394562
BRDA:305,175,0,394562
BRDA:310,176,0,394562
BRDA:315,177,0,394562
BRDA:317,178,0,394562
BRDA:317,179,0,394562
BRDA:317,180,0,394562
BRDA:319,181,0,394562
BRDA:322,182,0,394562
BRDA:322,183,0,394562
BRDA:322,184,0,394562
BRDA:322,185,0,394562
BRDA:323,186,0,394562
BRDA:325,187,0,394562
BRDA:335,188,0,394562
BRDA:326,189,0,394562
BRDA:332,190,0,394562
BRDA:346,191,0,394562
BRDA:357,192,0,394562
BRDA:348,193,0,394562
BRDA:351,194,0,394562
BRDA:352,195,0,394562
BRDA:352,196,0,394562
BRDA:354,197,0,394562
BRDA:354,198,0,394562
BRDA:354,199,0,394562
BRDA:354,200,0,394562
BRDA:354,201,0,394562
BRDA:354,202,0,394562
BRDA:349,203,0,394562
BRDA:349,204,0,394562
BRDA:357,205,0,394562
BRDA:362,206,0,394562
BRDA:366,207,0,394562
BRDA:369,208,0,394562
BRDA:369,209,0,394562
BRDA:369,210,0,394562
BRDA:374,211,0,394562
BRDA:377,212,0,394562
BRDA:379,213,0,394562
BRDA:381,214,0,394562
BRDA:383,215,0,394562
BRDA:384,216,0,394562
BRDA:386,217,0,394562
BRDA:386,218,0,394562
BRDA:386,219,0,394562
BRDA:395,220,0,394562
BRDA:395,221,0,394562
BRDA:395,222,0,394562
BRDA:397,223,0,394562
BRDA:398,224,0,394562
BRDA:387,225,0,394562
BRDA:393,226,0,394562
BRDA:394,227,0,394562
BRDA:402,228,0,394562
BRDA:406,229,0,394562
BRDA:404,230,0,394562
BRDA:409,231,0,394562
BRDA:413,232,0,394562
BRDA:431,233,0,394562
BRDA:436,234,0,394562
BRDA:439,235,0,394562
BRDA:441,236,0,394562
BRDA:441,237,0,394562
BRDA:444,238,0,394562
BRDA:452,239,0,394562
BRDA:459,240,0,394562
BRDA:460,241,0,394562
BRDA:463,242,0,394562
BRDA:463,243,0,394562
BRDA:467,244,0,394562
BRDA:468,245,0,394562
BRDA:469,246,0,394562
BRDA:476,247,0,394562
BRDA:475,248,0,394562
BRDA:481,249,0,394562
BRDA:484,250,0,394562
BRDA:486,251,0,394562
BRDA:490,252,0,394562
BRDA:493,253,0,394562
BRDA:498,254,0,394562
BRDA:499,255,0,394562
BRDA:499,256,0,394562
BRDA:502,257,0,394562
BRDA:505,258,0,394562
BRDA:516,259,0,394562
BRDA:525,260,0,394562
BRDA:530,261,0,394562
BRDA:557,262,0,394562
BRDA:561,263,0,394562
BRDA:561,264,0,394562
BRDA:569,265,0,394562
BRDA:543,266,0,394562
BRDA:544,267,0,394562
BRDA:546,268,0,394562
BRDA:549,269,0,394562
BRDA:573,270,0,394562
BRDA:581,271,0,394562
BRDA:616,272,0,394562
BRDA:630,273,0,394562
BRDA:460,274,0,394562
BRDA:502,275,0,394562
BRDA:630,276,0,394562
BRDA:33,277,0,394562
BRDA:36,278,0,394562
BRDA:46,279,0,394562
BRDA:59,280,0,394562
BRDA:72,281,0,394562
BRDA:72,282,0,394562
BRDA:72,283,0,394562
BRDA:95,284,0,394562
BRDA:95,285,0,394562
BRDA:96,286,0,394562
BRDA:98,287,0,394562
BRDA:99,288,0,394562
BRDA:99,289,0,394562
BRDA:99,290,0,394562
BRDA:100,291,0,394562
BRDA:100,292,0,394562
BRDA:100,293,0,394562
BRDA:101,294,0,394562
BRDA:102,295,0,394562
BRDA:103,296,0,394562
BRDA:103,297,0,394562
BRDA:103,298,0,394562
BRDA:112,299,0,394562
BRDA:112,300,0,394562
BRDA:124,301,0,394562
BRDA:124,302,0,394562
BRDA:128,303,0,394562
BRDA:128,304,0,394562
BRDA:135,305,0,394562
BRDA:135,306,0,394562
BRDA:135,307,0,394562
BRDA:135,308,0,394562
BRDA:137,309,0,394562
BRDA:142,310,0,394562
BRDA:146,311,0,394562
BRDA:149,312,0,394562
BRDA:150,313,0,394562
BRDA:152,314,0,394562
BRDA:142,315,0,394562
BRDA:142,316,0,394562
BRDA:142,317,0,394562
BRDA:142,318,0,394562
BRDA:158,319,0,394562
BRDA:160,320,0,394562
BRDA:160,321,0,394562
BRDA:166,322,0,394562
BRDA:176,323,0,394562
BRDA:177,324,0,394562
BRDA:192,325,0,394562
BRDA:192,326,0,394562
BRDA:193,327,0,394562
BRDA:193,328,0,394562
BRDA:193,329,0,394562
BRDA:193,330,0,394562
BRDA:196,331,0,394562
BRDA:284,332,0,394562
BRDA:298,333,0,394562
BRDA:305,334,0,394562
BRDA:305,335,0,394562
BRDA:305,336,0,394562
BRDA:307,337,0,394562
BRDA:307,338,0,394562
BRDA:309,339,0,394562
BRDA:310,340,0,394562
BRDA:312,341,0,394562
BRDA:351,342,0,394562
BRDA:354,343,0,394562
BRDA:369,344,0,394562
BRDA:561,345,0,394562
BRDA:588,346,0,394562
BRDA:593,347,0,394562
BRDA:598,348,0,394562
BRDA:602,349,0,394562
BRDA:603,350,0,394562
BRDA:112,351,0,394562
BRDA:193,352,0,394562
BRDA:193,353,0,394562
BRDA:193,354,0,394562
BRDA:99,355,0,394562
BRDA:99,356,0,394562
BRDA:100,357,0,394562
BRDA:100,358,0,394562
BRDA:102,359,0,394562
BRDA:137,360,0,394562
BRDA:138,361,0,394562
BRDA:530,362,0,394562
BRDA:538,363,0,394562
BRDA:557,364,0,394562
BRDA:602,365,0,394562
BRDA:603,366,0,394562
BRF:367
BRH:367
end_of_record
TN:
SF:dist/chunks/chunk.3PHG3CYM.js
FN:23,LynkResizeObserver
FN:28,connectedCallback
FN:37,disconnectedCallback
FN:41,handleSlotChange
FN:46,startObserver
FN:58,stopObserver
FN:61,handleDisabledChange
FN:68,render
FNF:8
FNH:0
FNDA:0,LynkResizeObserver
FNDA:0,connectedCallback
FNDA:0,disconnectedCallback
FNDA:0,handleSlotChange
FNDA:0,startObserver
FNDA:0,stopObserver
FNDA:0,handleDisabledChange
FNDA:0,render
DA:1,96
DA:2,96
DA:3,96
DA:4,96
DA:5,96
DA:6,96
DA:7,96
DA:8,96
DA:9,96
DA:10,96
DA:11,96
DA:12,96
DA:13,96
DA:14,96
DA:15,96
DA:16,96
DA:17,96
DA:18,96
DA:19,96
DA:20,96
DA:21,96
DA:22,96
DA:23,96
DA:24,0
DA:25,0
DA:26,0
DA:27,0
DA:28,96
DA:29,0
DA:30,0
DA:31,0
DA:32,0
DA:33,0
DA:34,0
DA:35,0
DA:36,0
DA:37,96
DA:38,0
DA:39,0
DA:40,0
DA:41,96
DA:42,0
DA:43,0
DA:44,0
DA:45,0
DA:46,96
DA:47,0
DA:48,0
DA:49,0
DA:50,0
DA:51,0
DA:52,0
DA:53,0
DA:54,0
DA:55,0
DA:56,0
DA:57,0
DA:58,96
DA:59,0
DA:60,0
DA:61,96
DA:62,0
DA:63,0
DA:64,0
DA:65,0
DA:66,0
DA:67,0
DA:68,96
DA:69,0
DA:70,0
DA:71,96
DA:72,96
DA:73,96
DA:74,96
DA:75,96
DA:76,96
DA:77,96
DA:78,96
DA:79,96
DA:80,96
DA:81,96
DA:82,96
DA:83,96
DA:84,96
DA:85,96
LF:85
LH:45
BRDA:1,0,0,96
BRF:1
BRH:1
end_of_record
TN:
SF:dist/chunks/chunk.3WHF3EA3.js
FN:41,LynkButton
FN:74,firstUpdated
FN:79,click
FN:82,focus
FN:85,blur
FN:88,checkValidity
FN:94,reportValidity
FN:100,setCustomValidity
FN:106,handleBlur
FN:110,handleFocus
FN:114,handleClick
FN:128,handleDisabledChange
FN:134,isButton
FN:137,isLink
FN:140,render
FN:44,form
FNF:16
FNH:13
FNDA:166,LynkButton
FNDA:166,firstUpdated
FNDA:38,click
FNDA:20,focus
FNDA:2,blur
FNDA:0,checkValidity
FNDA:14,reportValidity
FNDA:0,setCustomValidity
FNDA:18,handleBlur
FNDA:18,handleFocus
FNDA:38,handleClick
FNDA:0,handleDisabledChange
FNDA:180,isButton
FNDA:394,isLink
FNDA:394,render
FNDA:166,form
DA:1,96
DA:2,96
DA:3,96
DA:4,96
DA:5,96
DA:6,96
DA:7,96
DA:8,96
DA:9,96
DA:10,96
DA:11,96
DA:12,96
DA:13,96
DA:14,96
DA:15,96
DA:16,96
DA:17,96
DA:18,96
DA:19,96
DA:20,96
DA:21,96
DA:22,96
DA:23,96
DA:24,96
DA:25,96
DA:26,96
DA:27,96
DA:28,96
DA:29,96
DA:30,96
DA:31,96
DA:32,96
DA:33,96
DA:34,96
DA:35,96
DA:36,96
DA:37,96
DA:38,96
DA:39,96
DA:40,96
DA:41,96
DA:42,166
DA:43,166
DA:44,166
DA:45,166
DA:46,6
DA:47,6
DA:48,6
DA:49,6
DA:50,160
DA:51,166
DA:52,166
DA:53,166
DA:54,166
DA:55,166
DA:56,166
DA:57,166
DA:58,166
DA:59,166
DA:60,166
DA:61,166
DA:62,166
DA:63,166
DA:64,166
DA:65,166
DA:66,166
DA:67,166
DA:68,166
DA:69,166
DA:70,166
DA:71,166
DA:72,166
DA:73,166
DA:74,96
DA:75,166
DA:76,160
DA:77,160
DA:78,166
DA:79,96
DA:80,38
DA:81,38
DA:82,96
DA:83,20
DA:84,20
DA:85,96
DA:86,2
DA:87,2
DA:88,96
DA:89,0
DA:90,0
DA:91,0
DA:92,0
DA:93,0
DA:94,96
DA:95,14
DA:96,14
DA:97,14
DA:98,0
DA:99,14
DA:100,96
DA:101,0
DA:102,0
DA:103,0
DA:104,0
DA:105,0
DA:106,96
DA:107,18
DA:108,18
DA:109,18
DA:110,96
DA:111,18
DA:112,18
DA:113,18
DA:114,96
DA:115,38
DA:116,4
DA:117,4
DA:118,4
DA:119,4
DA:120,38
DA:121,18
DA:122,18
DA:123,38
DA:124,10
DA:125,10
DA:126,34
DA:127,38
DA:128,96
DA:129,0
DA:130,0
DA:131,0
DA:132,0
DA:133,0
DA:134,96
DA:135,180
DA:136,180
DA:137,96
DA:138,394
DA:139,394
DA:140,96
DA:141,394
DA:142,394
DA:143,394
DA:144,394
DA:145,394
DA:146,394
DA:147,394
DA:148,394
DA:149,394
DA:150,394
DA:151,394
DA:152,394
DA:153,394
DA:154,394
DA:155,394
DA:156,394
DA:157,394
DA:158,394
DA:159,394
DA:160,394
DA:161,394
DA:162,394
DA:163,394
DA:164,394
DA:165,394
DA:166,394
DA:167,394
DA:168,394
DA:169,394
DA:170,394
DA:171,394
DA:172,394
DA:173,394
DA:174,394
DA:175,394
DA:176,394
DA:177,394
DA:178,394
DA:179,394
DA:180,394
DA:181,394
DA:182,394
DA:183,394
DA:184,394
DA:185,394
DA:186,394
DA:187,394
DA:188,394
DA:189,394
DA:190,394
DA:191,394
DA:192,394
DA:193,394
DA:194,394
DA:195,394
DA:196,394
DA:197,96
DA:198,96
DA:199,96
DA:200,96
DA:201,96
DA:202,96
DA:203,96
DA:204,96
DA:205,96
DA:206,96
DA:207,96
DA:208,96
DA:209,96
DA:210,96
DA:211,96
DA:212,96
DA:213,96
DA:214,96
DA:215,96
DA:216,96
DA:217,96
DA:218,96
DA:219,96
DA:220,96
DA:221,96
DA:222,96
DA:223,96
DA:224,96
DA:225,96
DA:226,96
DA:227,96
DA:228,96
DA:229,96
DA:230,96
DA:231,96
DA:232,96
DA:233,96
DA:234,96
DA:235,96
DA:236,96
DA:237,96
DA:238,96
DA:239,96
DA:240,96
DA:241,96
DA:242,96
DA:243,96
DA:244,96
DA:245,96
DA:246,96
DA:247,96
DA:248,96
DA:249,96
DA:250,96
DA:251,96
DA:252,96
DA:253,96
DA:254,96
DA:255,96
DA:256,96
DA:257,96
DA:258,96
DA:259,96
DA:260,96
DA:261,96
DA:262,96
DA:263,96
DA:264,96
DA:265,96
DA:266,96
DA:267,96
DA:268,96
DA:269,96
DA:270,96
DA:271,96
DA:272,96
DA:273,96
DA:274,96
DA:275,96
DA:276,96
DA:277,96
DA:278,96
DA:279,96
DA:280,96
DA:281,96
DA:282,96
DA:283,96
DA:284,96
DA:285,96
DA:286,96
DA:287,96
DA:288,96
DA:289,96
LF:289
LH:273
BRDA:1,0,0,12254
BRDA:41,1,0,12254
BRDA:44,2,0,12254
BRDA:45,3,0,12254
BRDA:50,4,0,12254
BRDA:74,5,0,12254
BRDA:75,6,0,12254
BRDA:79,7,0,12254
BRDA:82,8,0,12254
BRDA:85,9,0,12254
BRDA:94,10,0,12254
BRDA:98,11,0,12254
BRDA:106,12,0,12254
BRDA:110,13,0,12254
BRDA:114,14,0,12254
BRDA:115,15,0,12254
BRDA:115,16,0,12254
BRDA:120,17,0,12254
BRDA:120,18,0,12254
BRDA:123,19,0,12254
BRDA:123,20,0,12254
BRDA:126,21,0,12254
BRDA:134,22,0,12254
BRDA:135,23,0,12254
BRDA:135,24,0,12254
BRDA:137,25,0,12254
BRDA:138,26,0,12254
BRDA:138,27,0,12254
BRDA:140,28,0,12254
BRDA:142,29,0,12254
BRDA:142,30,0,12254
BRDA:173,31,0,12254
BRDA:173,32,0,12254
BRDA:174,33,0,12254
BRDA:174,34,0,12254
BRDA:176,35,0,12254
BRDA:176,36,0,12254
BRDA:177,37,0,12254
BRDA:177,38,0,12254
BRDA:178,39,0,12254
BRDA:178,40,0,12254
BRDA:179,41,0,12254
BRDA:179,42,0,12254
BRDA:180,43,0,12254
BRDA:180,44,0,12254
BRDA:181,45,0,12254
BRDA:181,46,0,12254
BRDA:182,47,0,12254
BRDA:182,48,0,12254
BRDA:183,49,0,12254
BRDA:183,50,0,12254
BRDA:184,51,0,12254
BRDA:184,52,0,12254
BRDA:192,53,0,12254
BRDA:192,54,0,12254
BRDA:193,55,0,12254
BRDA:193,56,0,12254
BRF:57
BRH:57
end_of_record
TN:
SF:dist/chunks/chunk.4DDEMDZV.js
FNF:0
FNH:0
DA:1,96
DA:2,96
DA:3,96
DA:4,96
DA:5,96
DA:6,96
DA:7,96
DA:8,96
DA:9,96
DA:10,96
DA:11,96
DA:12,96
DA:13,96
DA:14,96
DA:15,96
DA:16,96
DA:17,96
DA:18,96
DA:19,96
DA:20,96
DA:21,96
DA:22,96
DA:23,96
DA:24,96
DA:25,96
DA:26,96
DA:27,96
DA:28,96
DA:29,96
DA:30,96
DA:31,96
DA:32,96
DA:33,96
DA:34,96
DA:35,96
DA:36,96
DA:37,96
DA:38,96
DA:39,96
DA:40,96
DA:41,96
DA:42,96
DA:43,96
DA:44,96
DA:45,96
DA:46,96
DA:47,96
DA:48,96
DA:49,96
DA:50,96
DA:51,96
DA:52,96
DA:53,96
DA:54,96
DA:55,96
DA:56,96
DA:57,96
DA:58,96
DA:59,96
DA:60,96
DA:61,96
DA:62,96
DA:63,96
DA:64,96
DA:65,96
DA:66,96
DA:67,96
DA:68,96
DA:69,96
DA:70,96
DA:71,96
DA:72,96
DA:73,96
DA:74,96
DA:75,96
DA:76,96
DA:77,96
DA:78,96
DA:79,96
DA:80,96
DA:81,96
DA:82,96
DA:83,96
DA:84,96
DA:85,96
DA:86,96
DA:87,96
DA:88,96
DA:89,96
DA:90,96
DA:91,96
DA:92,96
DA:93,96
DA:94,96
DA:95,96
DA:96,96
DA:97,96
DA:98,96
DA:99,96
DA:100,96
DA:101,96
DA:102,96
DA:103,96
DA:104,96
DA:105,96
DA:106,96
DA:107,96
DA:108,96
DA:109,96
DA:110,96
DA:111,96
DA:112,96
DA:113,96
DA:114,96
DA:115,96
DA:116,96
DA:117,96
DA:118,96
DA:119,96
DA:120,96
DA:121,96
DA:122,96
DA:123,96
DA:124,96
DA:125,96
DA:126,96
DA:127,96
DA:128,96
DA:129,96
DA:130,96
DA:131,96
DA:132,96
DA:133,96
DA:134,96
DA:135,96
DA:136,96
DA:137,96
DA:138,96
DA:139,96
DA:140,96
DA:141,96
DA:142,96
DA:143,96
DA:144,96
DA:145,96
LF:145
LH:145
BRDA:1,0,0,96
BRF:1
BRH:1
end_of_record
TN:
SF:dist/chunks/chunk.4FRCUSDV.js
FNF:0
FNH:0
DA:1,96
DA:2,96
DA:3,96
DA:4,96
DA:5,96
DA:6,96
DA:7,96
DA:8,96
DA:9,96
DA:10,96
DA:11,96
DA:12,96
DA:13,96
DA:14,96
DA:15,96
DA:16,96
DA:17,96
DA:18,96
DA:19,96
DA:20,96
DA:21,96
DA:22,96
DA:23,96
DA:24,96
DA:25,96
DA:26,96
DA:27,96
DA:28,96
DA:29,96
DA:30,96
DA:31,96
DA:32,96
DA:33,96
DA:34,96
DA:35,96
DA:36,96
DA:37,96
DA:38,96
DA:39,96
DA:40,96
DA:41,96
DA:42,96
DA:43,96
DA:44,96
DA:45,96
DA:46,96
DA:47,96
DA:48,96
DA:49,96
DA:50,96
DA:51,96
DA:52,96
DA:53,96
DA:54,96
DA:55,96
DA:56,96
DA:57,96
DA:58,96
DA:59,96
DA:60,96
DA:61,96
DA:62,96
DA:63,96
DA:64,96
DA:65,96
DA:66,96
DA:67,96
LF:67
LH:67
BRDA:1,0,0,96
BRF:1
BRH:1
end_of_record
TN:
SF:dist/chunks/chunk.4J4VBVTX.js
FN:7,e
FN:8,c
FN:9,r
FN:31,u
FN:33,s
FN:34,m
FN:35,p
FNF:7
FNH:4
FNDA:144,e
FNDA:0,c
FNDA:0,r
FNDA:120,u
FNDA:104,s
FNDA:130,m
FNDA:0,p
DA:1,96
DA:2,96
DA:3,96
DA:4,96
DA:5,96
DA:6,96
DA:7,96
DA:8,96
DA:9,96
DA:10,0
DA:11,0
DA:12,0
DA:13,0
DA:14,0
DA:15,0
DA:16,0
DA:17,0
DA:18,0
DA:19,0
DA:20,0
DA:21,0
DA:22,0
DA:23,0
DA:24,0
DA:25,0
DA:26,0
DA:27,0
DA:28,0
DA:29,0
DA:30,96
DA:31,96
DA:32,96
DA:33,96
DA:34,96
DA:35,96
DA:36,0
DA:37,0
DA:38,0
DA:39,0
DA:40,0
DA:41,0
DA:42,0
DA:43,0
DA:44,96
DA:45,96
DA:46,96
DA:47,96
DA:48,96
DA:49,96
DA:50,96
DA:51,96
DA:52,96
DA:53,96
DA:54,96
DA:55,96
DA:56,96
DA:57,96
DA:58,96
LF:58
LH:30
BRDA:1,0,0,948
BRDA:7,1,0,948
BRDA:33,2,0,948
BRDA:31,3,0,948
BRDA:34,4,0,948
BRF:5
BRH:5
end_of_record
TN:
SF:dist/chunks/chunk.4KEGNCKS.js
FNF:0
FNH:0
DA:1,96
DA:2,96
DA:3,96
DA:4,96
DA:5,96
DA:6,96
DA:7,96
DA:8,96
DA:9,96
DA:10,96
DA:11,96
DA:12,96
DA:13,96
DA:14,96
DA:15,96
DA:16,96
DA:17,96
DA:18,96
DA:19,96
DA:20,96
DA:21,96
DA:22,96
DA:23,96
DA:24,96
DA:25,96
DA:26,96
DA:27,96
DA:28,96
DA:29,96
DA:30,96
DA:31,96
DA:32,96
DA:33,96
DA:34,96
DA:35,96
DA:36,96
DA:37,96
DA:38,96
DA:39,96
DA:40,96
DA:41,96
DA:42,96
DA:43,96
DA:44,96
DA:45,96
DA:46,96
DA:47,96
DA:48,96
DA:49,96
LF:49
LH:49
BRDA:1,0,0,96
BRF:1
BRH:1
end_of_record
TN:
SF:dist/chunks/chunk.4TZTY4LM.js
FNF:0
FNH:0
DA:1,96
DA:2,96
DA:3,96
DA:4,96
DA:5,96
DA:6,96
DA:7,96
DA:8,96
DA:9,96
DA:10,96
DA:11,96
DA:12,96
DA:13,96
DA:14,96
DA:15,96
DA:16,96
DA:17,96
DA:18,96
DA:19,96
DA:20,96
DA:21,96
DA:22,96
DA:23,96
DA:24,96
DA:25,96
DA:26,96
DA:27,96
DA:28,96
DA:29,96
DA:30,96
DA:31,96
DA:32,96
DA:33,96
DA:34,96
DA:35,96
DA:36,96
DA:37,96
DA:38,96
DA:39,96
DA:40,96
DA:41,96
DA:42,96
DA:43,96
DA:44,96
DA:45,96
DA:46,96
DA:47,96
DA:48,96
DA:49,96
DA:50,96
DA:51,96
DA:52,96
DA:53,96
DA:54,96
DA:55,96
DA:56,96
DA:57,96
DA:58,96
DA:59,96
DA:60,96
DA:61,96
DA:62,96
DA:63,96
DA:64,96
DA:65,96
DA:66,96
DA:67,96
DA:68,96
DA:69,96
DA:70,96
DA:71,96
DA:72,96
DA:73,96
DA:74,96
DA:75,96
DA:76,96
DA:77,96
DA:78,96
DA:79,96
DA:80,96
DA:81,96
DA:82,96
DA:83,96
DA:84,96
DA:85,96
DA:86,96
DA:87,96
DA:88,96
DA:89,96
DA:90,96
DA:91,96
DA:92,96
DA:93,96
DA:94,96
DA:95,96
DA:96,96
DA:97,96
DA:98,96
DA:99,96
DA:100,96
DA:101,96
DA:102,96
DA:103,96
DA:104,96
DA:105,96
DA:106,96
DA:107,96
DA:108,96
DA:109,96
DA:110,96
DA:111,96
DA:112,96
DA:113,96
DA:114,96
DA:115,96
DA:116,96
DA:117,96
DA:118,96
DA:119,96
DA:120,96
DA:121,96
DA:122,96
DA:123,96
DA:124,96
DA:125,96
DA:126,96
DA:127,96
DA:128,96
DA:129,96
DA:130,96
DA:131,96
DA:132,96
DA:133,96
DA:134,96
DA:135,96
DA:136,96
DA:137,96
DA:138,96
DA:139,96
DA:140,96
DA:141,96
DA:142,96
DA:143,96
DA:144,96
DA:145,96
DA:146,96
DA:147,96
DA:148,96
DA:149,96
DA:150,96
DA:151,96
DA:152,96
DA:153,96
DA:154,96
DA:155,96
DA:156,96
DA:157,96
DA:158,96
DA:159,96
DA:160,96
DA:161,96
DA:162,96
DA:163,96
DA:164,96
DA:165,96
DA:166,96
DA:167,96
DA:168,96
DA:169,96
DA:170,96
DA:171,96
DA:172,96
DA:173,96
DA:174,96
DA:175,96
DA:176,96
DA:177,96
DA:178,96
DA:179,96
DA:180,96
DA:181,96
DA:182,96
DA:183,96
DA:184,96
DA:185,96
DA:186,96
DA:187,96
DA:188,96
DA:189,96
DA:190,96
DA:191,96
DA:192,96
DA:193,96
DA:194,96
DA:195,96
DA:196,96
DA:197,96
DA:198,96
DA:199,96
DA:200,96
DA:201,96
DA:202,96
DA:203,96
DA:204,96
DA:205,96
DA:206,96
DA:207,96
DA:208,96
DA:209,96
DA:210,96
DA:211,96
DA:212,96
DA:213,96
DA:214,96
DA:215,96
DA:216,96
DA:217,96
DA:218,96
DA:219,96
DA:220,96
DA:221,96
DA:222,96
DA:223,96
DA:224,96
DA:225,96
DA:226,96
DA:227,96
DA:228,96
DA:229,96
DA:230,96
DA:231,96
DA:232,96
DA:233,96
DA:234,96
DA:235,96
DA:236,96
DA:237,96
DA:238,96
DA:239,96
DA:240,96
DA:241,96
DA:242,96
DA:243,96
DA:244,96
DA:245,96
DA:246,96
DA:247,96
DA:248,96
DA:249,96
DA:250,96
DA:251,96
DA:252,96
DA:253,96
DA:254,96
DA:255,96
DA:256,96
DA:257,96
DA:258,96
DA:259,96
DA:260,96
DA:261,96
DA:262,96
DA:263,96
DA:264,96
DA:265,96
DA:266,96
DA:267,96
DA:268,96
DA:269,96
DA:270,96
DA:271,96
DA:272,96
DA:273,96
DA:274,96
DA:275,96
DA:276,96
DA:277,96
DA:278,96
DA:279,96
DA:280,96
DA:281,96
DA:282,96
DA:283,96
DA:284,96
DA:285,96
DA:286,96
DA:287,96
DA:288,96
DA:289,96
DA:290,96
DA:291,96
DA:292,96
DA:293,96
DA:294,96
DA:295,96
DA:296,96
DA:297,96
DA:298,96
DA:299,96
DA:300,96
DA:301,96
DA:302,96
DA:303,96
DA:304,96
DA:305,96
DA:306,96
DA:307,96
DA:308,96
DA:309,96
DA:310,96
DA:311,96
DA:312,96
DA:313,96
DA:314,96
DA:315,96
DA:316,96
DA:317,96
DA:318,96
DA:319,96
DA:320,96
DA:321,96
DA:322,96
DA:323,96
DA:324,96
DA:325,96
DA:326,96
DA:327,96
DA:328,96
DA:329,96
DA:330,96
DA:331,96
DA:332,96
DA:333,96
DA:334,96
DA:335,96
DA:336,96
DA:337,96
DA:338,96
DA:339,96
DA:340,96
DA:341,96
DA:342,96
DA:343,96
DA:344,96
DA:345,96
DA:346,96
DA:347,96
DA:348,96
DA:349,96
DA:350,96
DA:351,96
DA:352,96
DA:353,96
DA:354,96
DA:355,96
DA:356,96
DA:357,96
DA:358,96
DA:359,96
DA:360,96
DA:361,96
DA:362,96
DA:363,96
DA:364,96
DA:365,96
DA:366,96
DA:367,96
DA:368,96
DA:369,96
DA:370,96
DA:371,96
DA:372,96
DA:373,96
DA:374,96
DA:375,96
DA:376,96
DA:377,96
DA:378,96
DA:379,96
DA:380,96
DA:381,96
DA:382,96
DA:383,96
DA:384,96
DA:385,96
DA:386,96
DA:387,96
DA:388,96
DA:389,96
DA:390,96
DA:391,96
DA:392,96
DA:393,96
DA:394,96
DA:395,96
DA:396,96
DA:397,96
DA:398,96
DA:399,96
DA:400,96
DA:401,96
DA:402,96
DA:403,96
DA:404,96
DA:405,96
DA:406,96
DA:407,96
DA:408,96
DA:409,96
DA:410,96
DA:411,96
DA:412,96
DA:413,96
DA:414,96
DA:415,96
DA:416,96
DA:417,96
DA:418,96
DA:419,96
DA:420,96
DA:421,96
DA:422,96
DA:423,96
DA:424,96
DA:425,96
DA:426,96
DA:427,96
DA:428,96
DA:429,96
DA:430,96
DA:431,96
DA:432,96
DA:433,96
DA:434,96
DA:435,96
DA:436,96
DA:437,96
DA:438,96
DA:439,96
DA:440,96
DA:441,96
DA:442,96
DA:443,96
DA:444,96
DA:445,96
DA:446,96
DA:447,96
DA:448,96
DA:449,96
DA:450,96
DA:451,96
DA:452,96
DA:453,96
DA:454,96
DA:455,96
DA:456,96
DA:457,96
DA:458,96
DA:459,96
DA:460,96
DA:461,96
DA:462,96
DA:463,96
DA:464,96
DA:465,96
DA:466,96
DA:467,96
DA:468,96
DA:469,96
DA:470,96
DA:471,96
DA:472,96
DA:473,96
DA:474,96
DA:475,96
DA:476,96
DA:477,96
DA:478,96
DA:479,96
DA:480,96
DA:481,96
DA:482,96
DA:483,96
DA:484,96
DA:485,96
DA:486,96
DA:487,96
DA:488,96
DA:489,96
DA:490,96
DA:491,96
DA:492,96
DA:493,96
DA:494,96
DA:495,96
DA:496,96
DA:497,96
DA:498,96
DA:499,96
DA:500,96
DA:501,96
DA:502,96
DA:503,96
DA:504,96
DA:505,96
DA:506,96
DA:507,96
DA:508,96
DA:509,96
DA:510,96
DA:511,96
DA:512,96
DA:513,96
DA:514,96
DA:515,96
DA:516,96
DA:517,96
DA:518,96
DA:519,96
DA:520,96
DA:521,96
DA:522,96
DA:523,96
DA:524,96
DA:525,96
DA:526,96
DA:527,96
DA:528,96
DA:529,96
DA:530,96
DA:531,96
DA:532,96
DA:533,96
DA:534,96
DA:535,96
DA:536,96
DA:537,96
DA:538,96
DA:539,96
DA:540,96
DA:541,96
DA:542,96
DA:543,96
DA:544,96
DA:545,96
DA:546,96
DA:547,96
DA:548,96
DA:549,96
DA:550,96
DA:551,96
DA:552,96
DA:553,96
DA:554,96
DA:555,96
DA:556,96
DA:557,96
DA:558,96
DA:559,96
DA:560,96
DA:561,96
DA:562,96
DA:563,96
DA:564,96
DA:565,96
DA:566,96
DA:567,96
DA:568,96
DA:569,96
DA:570,96
DA:571,96
DA:572,96
DA:573,96
DA:574,96
DA:575,96
DA:576,96
DA:577,96
DA:578,96
DA:579,96
DA:580,96
DA:581,96
DA:582,96
DA:583,96
DA:584,96
DA:585,96
DA:586,96
DA:587,96
DA:588,96
DA:589,96
DA:590,96
DA:591,96
DA:592,96
DA:593,96
DA:594,96
DA:595,96
DA:596,96
DA:597,96
DA:598,96
DA:599,96
DA:600,96
DA:601,96
DA:602,96
DA:603,96
DA:604,96
DA:605,96
DA:606,96
DA:607,96
DA:608,96
DA:609,96
DA:610,96
DA:611,96
DA:612,96
DA:613,96
DA:614,96
DA:615,96
DA:616,96
DA:617,96
DA:618,96
DA:619,96
DA:620,96
DA:621,96
DA:622,96
DA:623,96
DA:624,96
DA:625,96
DA:626,96
DA:627,96
DA:628,96
DA:629,96
DA:630,96
DA:631,96
DA:632,96
DA:633,96
DA:634,96
DA:635,96
DA:636,96
DA:637,96
DA:638,96
DA:639,96
DA:640,96
DA:641,96
DA:642,96
DA:643,96
DA:644,96
DA:645,96
DA:646,96
DA:647,96
DA:648,96
DA:649,96
DA:650,96
DA:651,96
DA:652,96
DA:653,96
DA:654,96
DA:655,96
DA:656,96
DA:657,96
DA:658,96
DA:659,96
DA:660,96
DA:661,96
DA:662,96
DA:663,96
DA:664,96
DA:665,96
DA:666,96
DA:667,96
DA:668,96
DA:669,96
DA:670,96
DA:671,96
DA:672,96
DA:673,96
DA:674,96
DA:675,96
DA:676,96
DA:677,96
DA:678,96
DA:679,96
DA:680,96
DA:681,96
DA:682,96
DA:683,96
DA:684,96
DA:685,96
DA:686,96
DA:687,96
DA:688,96
DA:689,96
DA:690,96
DA:691,96
DA:692,96
DA:693,96
DA:694,96
DA:695,96
DA:696,96
DA:697,96
DA:698,96
DA:699,96
DA:700,96
DA:701,96
DA:702,96
DA:703,96
DA:704,96
DA:705,96
DA:706,96
DA:707,96
DA:708,96
DA:709,96
DA:710,96
DA:711,96
DA:712,96
DA:713,96
DA:714,96
DA:715,96
DA:716,96
DA:717,96
DA:718,96
DA:719,96
DA:720,96
DA:721,96
DA:722,96
DA:723,96
DA:724,96
DA:725,96
DA:726,96
DA:727,96
DA:728,96
DA:729,96
DA:730,96
DA:731,96
DA:732,96
DA:733,96
DA:734,96
DA:735,96
DA:736,96
DA:737,96
DA:738,96
DA:739,96
DA:740,96
DA:741,96
DA:742,96
LF:742
LH:742
BRDA:1,0,0,96
BRF:1
BRH:1
end_of_record
TN:
SF:dist/chunks/chunk.4USFBY2P.js
FNF:0
FNH:0
DA:1,96
DA:2,96
DA:3,96
DA:4,96
DA:5,96
DA:6,96
DA:7,96
DA:8,96
DA:9,96
DA:10,96
DA:11,96
DA:12,96
DA:13,96
DA:14,96
DA:15,96
DA:16,96
DA:17,96
DA:18,96
DA:19,96
DA:20,96
DA:21,96
DA:22,96
DA:23,96
DA:24,96
LF:24
LH:24
BRDA:1,0,0,96
BRF:1
BRH:1
end_of_record
TN:
SF:dist/chunks/chunk.4Z266LJJ.js
FNF:0
FNH:0
DA:1,96
DA:2,96
DA:3,96
DA:4,96
DA:5,96
DA:6,96
DA:7,96
DA:8,96
DA:9,96
DA:10,96
DA:11,96
DA:12,96
DA:13,96
DA:14,96
DA:15,96
DA:16,96
DA:17,96
DA:18,96
DA:19,96
DA:20,96
DA:21,96
DA:22,96
DA:23,96
DA:24,96
DA:25,96
DA:26,96
DA:27,96
DA:28,96
DA:29,96
DA:30,96
DA:31,96
DA:32,96
DA:33,96
DA:34,96
DA:35,96
DA:36,96
DA:37,96
DA:38,96
DA:39,96
DA:40,96
DA:41,96
DA:42,96
DA:43,96
DA:44,96
DA:45,96
DA:46,96
DA:47,96
DA:48,96
DA:49,96
DA:50,96
DA:51,96
DA:52,96
DA:53,96
DA:54,96
DA:55,96
DA:56,96
DA:57,96
DA:58,96
DA:59,96
DA:60,96
DA:61,96
DA:62,96
DA:63,96
DA:64,96
DA:65,96
DA:66,96
DA:67,96
DA:68,96
DA:69,96
DA:70,96
DA:71,96
DA:72,96
DA:73,96
DA:74,96
DA:75,96
DA:76,96
DA:77,96
DA:78,96
DA:79,96
DA:80,96
DA:81,96
DA:82,96
DA:83,96
DA:84,96
DA:85,96
DA:86,96
DA:87,96
DA:88,96
DA:89,96
DA:90,96
DA:91,96
DA:92,96
DA:93,96
DA:94,96
DA:95,96
DA:96,96
DA:97,96
DA:98,96
DA:99,96
DA:100,96
DA:101,96
DA:102,96
DA:103,96
DA:104,96
DA:105,96
DA:106,96
DA:107,96
DA:108,96
DA:109,96
DA:110,96
DA:111,96
DA:112,96
DA:113,96
DA:114,96
DA:115,96
DA:116,96
DA:117,96
DA:118,96
DA:119,96
DA:120,96
DA:121,96
DA:122,96
DA:123,96
DA:124,96
DA:125,96
DA:126,96
DA:127,96
DA:128,96
DA:129,96
DA:130,96
DA:131,96
DA:132,96
DA:133,96
DA:134,96
DA:135,96
DA:136,96
DA:137,96
DA:138,96
DA:139,96
DA:140,96
DA:141,96
DA:142,96
DA:143,96
DA:144,96
DA:145,96
DA:146,96
DA:147,96
DA:148,96
DA:149,96
DA:150,96
DA:151,96
DA:152,96
DA:153,96
DA:154,96
DA:155,96
DA:156,96
DA:157,96
LF:157
LH:157
BRDA:1,0,0,96
BRF:1
BRH:1
end_of_record
TN:
SF:dist/chunks/chunk.553CQPJ2.js
FN:25,LynkProgressRing
FN:31,updated
FN:40,render
FNF:3
FNH:3
FNDA:8,LynkProgressRing
FNDA:16,updated
FNDA:16,render
DA:1,96
DA:2,96
DA:3,96
DA:4,96
DA:5,96
DA:6,96
DA:7,96
DA:8,96
DA:9,96
DA:10,96
DA:11,96
DA:12,96
DA:13,96
DA:14,96
DA:15,96
DA:16,96
DA:17,96
DA:18,96
DA:19,96
DA:20,96
DA:21,96
DA:22,96
DA:23,96
DA:24,96
DA:25,96
DA:26,8
DA:27,8
DA:28,8
DA:29,8
DA:30,8
DA:31,96
DA:32,16
DA:33,16
DA:34,8
DA:35,8
DA:36,8
DA:37,8
DA:38,8
DA:39,16
DA:40,96
DA:41,16
DA:42,16
DA:43,16
DA:44,16
DA:45,16
DA:46,16
DA:47,16
DA:48,16
DA:49,16
DA:50,16
DA:51,16
DA:52,16
DA:53,16
DA:54,16
DA:55,16
DA:56,16
DA:57,16
DA:58,16
DA:59,16
DA:60,16
DA:61,96
DA:62,96
DA:63,96
DA:64,96
DA:65,96
DA:66,96
DA:67,96
DA:68,96
DA:69,96
DA:70,96
DA:71,96
DA:72,96
DA:73,96
DA:74,96
DA:75,96
DA:76,96
DA:77,96
DA:78,96
DA:79,96
DA:80,96
DA:81,96
LF:81
LH:81
BRDA:1,0,0,609
BRDA:25,1,0,609
BRDA:31,2,0,609
BRDA:33,3,0,609
BRDA:40,4,0,609
BRDA:46,5,0,609
BRF:6
BRH:6
end_of_record
TN:
SF:dist/chunks/chunk.5AHTSF4B.js
FN:52,LynkDialog
FN:60,connectedCallback
FN:65,firstUpdated
FN:73,disconnectedCallback
FN:77,show
FN:84,hide
FN:91,requestClose
FN:103,addOpenListeners
FN:106,removeOpenListeners
FN:109,handleDocumentKeyDown
FN:115,handleOpenChange
FN:174,render
FNF:12
FNH:11
FNDA:16,LynkDialog
FNDA:16,connectedCallback
FNDA:16,firstUpdated
FNDA:16,disconnectedCallback
FNDA:4,show
FNDA:2,hide
FNDA:2,requestClose
FNDA:14,addOpenListeners
FNDA:4,removeOpenListeners
FNDA:0,handleDocumentKeyDown
FNDA:10,handleOpenChange
FNDA:26,render
DA:1,96
DA:2,96
DA:3,96
DA:4,96
DA:5,96
DA:6,96
DA:7,96
DA:8,96
DA:9,96
DA:10,96
DA:11,96
DA:12,96
DA:13,96
DA:14,96
DA:15,96
DA:16,96
DA:17,96
DA:18,96
DA:19,96
DA:20,96
DA:21,96
DA:22,96
DA:23,96
DA:24,96
DA:25,96
DA:26,96
DA:27,96
DA:28,96
DA:29,96
DA:30,96
DA:31,96
DA:32,96
DA:33,96
DA:34,96
DA:35,96
DA:36,96
DA:37,96
DA:38,96
DA:39,96
DA:40,96
DA:41,96
DA:42,96
DA:43,96
DA:44,96
DA:45,96
DA:46,96
DA:47,96
DA:48,96
DA:49,96
DA:50,96
DA:51,96
DA:52,96
DA:53,16
DA:54,16
DA:55,16
DA:56,16
DA:57,16
DA:58,16
DA:59,16
DA:60,96
DA:61,16
DA:62,16
DA:63,16
DA:64,16
DA:65,96
DA:66,16
DA:67,16
DA:68,8
DA:69,8
DA:70,8
DA:71,8
DA:72,16
DA:73,96
DA:74,16
DA:75,16
DA:76,16
DA:77,96
DA:78,4
DA:79,0
DA:80,0
DA:81,4
DA:82,4
DA:83,4
DA:84,96
DA:85,2
DA:86,0
DA:87,0
DA:88,2
DA:89,2
DA:90,2
DA:91,96
DA:92,2
DA:93,2
DA:94,2
DA:95,2
DA:96,2
DA:97,2
DA:98,2
DA:99,2
DA:100,2
DA:101,0
DA:102,2
DA:103,96
DA:104,14
DA:105,14
DA:106,96
DA:107,4
DA:108,4
DA:109,96
DA:110,0
DA:111,0
DA:112,0
DA:113,0
DA:114,0
DA:115,96
DA:116,10
DA:117,6
DA:118,6
DA:119,6
DA:120,6
DA:121,6
DA:122,6
DA:123,6
DA:124,0
DA:125,0
DA:126,6
DA:127,6
DA:128,6
DA:129,6
DA:130,6
DA:131,4
DA:132,0
DA:133,4
DA:134,4
DA:135,4
DA:136,4
DA:137,6
DA:138,0
DA:139,0
DA:140,6
DA:141,6
DA:142,6
DA:143,6
DA:144,6
DA:145,6
DA:146,6
DA:147,6
DA:148,10
DA:149,4
DA:150,4
DA:151,4
DA:152,4
DA:153,4
DA:154,4
DA:155,4
DA:156,4
DA:157,4
DA:158,4
DA:159,4
DA:160,4
DA:161,4
DA:162,4
DA:163,4
DA:164,4
DA:165,4
DA:166,4
DA:167,4
DA:168,4
DA:169,0
DA:170,0
DA:171,4
DA:172,4
DA:173,10
DA:174,96
DA:175,26
DA:176,26
DA:177,26
DA:178,26
DA:179,26
DA:180,26
DA:181,26
DA:182,26
DA:183,26
DA:184,26
DA:185,26
DA:186,26
DA:187,26
DA:188,26
DA:189,26
DA:190,26
DA:191,26
DA:192,26
DA:193,26
DA:194,26
DA:195,26
DA:196,26
DA:197,26
DA:198,26
DA:199,26
DA:200,26
DA:201,26
DA:202,26
DA:203,26
DA:204,26
DA:205,26
DA:206,26
DA:207,26
DA:208,26
DA:209,26
DA:210,26
DA:211,26
DA:212,26
DA:213,26
DA:214,26
DA:215,26
DA:216,26
DA:217,26
DA:218,26
DA:219,26
DA:220,26
DA:221,26
DA:222,26
DA:223,26
DA:224,26
DA:225,26
DA:226,26
DA:227,26
DA:228,26
DA:229,26
DA:230,96
DA:231,96
DA:232,96
DA:233,96
DA:234,96
DA:235,96
DA:236,96
DA:237,96
DA:238,96
DA:239,96
DA:240,96
DA:241,96
DA:242,96
DA:243,96
DA:244,96
DA:245,96
DA:246,96
DA:247,96
DA:248,96
DA:249,96
DA:250,96
DA:251,96
DA:252,96
DA:253,96
DA:254,96
DA:255,96
DA:256,96
DA:257,96
DA:258,96
DA:259,96
DA:260,96
DA:261,96
DA:262,96
DA:263,96
DA:264,96
DA:265,96
DA:266,96
DA:267,96
DA:268,96
DA:269,96
DA:270,96
DA:271,96
DA:272,96
DA:273,96
DA:274,96
DA:275,96
DA:276,96
DA:277,96
DA:278,96
DA:279,96
DA:280,96
DA:281,96
DA:282,96
DA:283,96
DA:284,96
DA:285,96
LF:285
LH:268
BRDA:1,0,0,3355
BRDA:52,1,0,3355
BRDA:60,2,0,3355
BRDA:65,3,0,3355
BRDA:67,4,0,3355
BRDA:73,5,0,3355
BRDA:77,6,0,3355
BRDA:78,7,0,3355
BRDA:84,8,0,3355
BRDA:85,9,0,3355
BRDA:91,10,0,3355
BRDA:101,11,0,3355
BRDA:103,12,0,3355
BRDA:106,13,0,3355
BRDA:115,14,0,3355
BRDA:116,15,0,3355
BRDA:123,16,0,3355
BRDA:148,17,0,3355
BRDA:168,18,0,3355
BRDA:168,19,0,3355
BRDA:128,20,0,3355
BRDA:130,21,0,3355
BRDA:131,22,0,3355
BRDA:137,23,0,3355
BRDA:156,24,0,3355
BRDA:159,25,0,3355
BRDA:174,26,0,3355
BRDA:196,27,0,3355
BRDA:196,28,0,3355
BRDA:197,29,0,3355
BRDA:198,30,0,3355
BRDA:204,31,0,3355
BRDA:219,32,0,3355
BRDA:187,33,0,3355
BRF:34
BRH:34
end_of_record
TN:
SF:dist/chunks/chunk.5PLEAO5C.js
FN:26,LynkInclude
FN:31,executeScript
FN:37,handleSrcChange
FN:57,render
FNF:4
FNH:3
FNDA:4,LynkInclude
FNDA:0,executeScript
FNDA:4,handleSrcChange
FNDA:4,render
DA:1,96
DA:2,96
DA:3,96
DA:4,96
DA:5,96
DA:6,96
DA:7,96
DA:8,96
DA:9,96
DA:10,96
DA:11,96
DA:12,96
DA:13,96
DA:14,96
DA:15,96
DA:16,96
DA:17,96
DA:18,96
DA:19,96
DA:20,96
DA:21,96
DA:22,96
DA:23,96
DA:24,96
DA:25,96
DA:26,96
DA:27,4
DA:28,4
DA:29,4
DA:30,4
DA:31,96
DA:32,0
DA:33,0
DA:34,0
DA:35,0
DA:36,0
DA:37,96
DA:38,4
DA:39,4
DA:40,4
DA:41,4
DA:42,0
DA:43,0
DA:44,4
DA:45,2
DA:46,2
DA:47,2
DA:48,2
DA:49,4
DA:50,0
DA:51,0
DA:52,2
DA:53,4
DA:54,0
DA:55,0
DA:56,4
DA:57,96
DA:58,4
DA:59,4
DA:60,96
DA:61,96
DA:62,96
DA:63,96
DA:64,96
DA:65,96
DA:66,96
DA:67,96
DA:68,96
DA:69,96
DA:70,96
DA:71,96
DA:72,96
DA:73,96
DA:74,96
DA:75,96
DA:76,96
DA:77,96
DA:78,96
DA:79,96
DA:80,96
LF:80
LH:69
BRDA:1,0,0,856
BRDA:26,1,0,856
BRDA:37,2,0,856
BRDA:41,3,0,856
BRDA:44,4,0,856
BRDA:49,5,0,856
BRDA:52,6,0,856
BRDA:53,7,0,856
BRDA:57,8,0,856
BRF:9
BRH:9
end_of_record
TN:
SF:dist/chunks/chunk.6CV4TEUP.js
FNF:0
FNH:0
DA:1,96
DA:2,96
DA:3,96
DA:4,96
DA:5,96
DA:6,96
DA:7,96
DA:8,96
DA:9,96
DA:10,96
DA:11,96
DA:12,96
DA:13,96
DA:14,96
DA:15,96
DA:16,96
DA:17,96
DA:18,96
DA:19,96
DA:20,96
DA:21,96
DA:22,96
DA:23,96
DA:24,96
DA:25,96
DA:26,96
DA:27,96
DA:28,96
DA:29,96
DA:30,96
DA:31,96
DA:32,96
DA:33,96
DA:34,96
DA:35,96
DA:36,96
DA:37,96
DA:38,96
DA:39,96
DA:40,96
DA:41,96
DA:42,96
DA:43,96
DA:44,96
DA:45,96
LF:45
LH:45
BRDA:1,0,0,96
BRF:1
BRH:1
end_of_record
TN:
SF:dist/chunks/chunk.6MGZZC42.js
FN:14,emit
FNF:1
FNH:1
FNDA:1223,emit
DA:1,96
DA:2,96
DA:3,96
DA:4,96
DA:5,96
DA:6,96
DA:7,96
DA:8,96
DA:9,96
DA:10,96
DA:11,96
DA:12,96
DA:13,96
DA:14,96
DA:15,1223
DA:16,1223
DA:17,1223
DA:18,1223
DA:19,1223
DA:20,1223
DA:21,1223
DA:22,1223
DA:23,1223
DA:24,96
DA:25,96
DA:26,96
DA:27,96
DA:28,96
DA:29,96
DA:30,96
DA:31,96
DA:32,96
DA:33,96
DA:34,96
LF:34
LH:34
BRDA:1,0,0,96
BRDA:14,1,0,1271
BRF:2
BRH:2
end_of_record
TN:
SF:dist/chunks/chunk.6USKBVBA.js
FNF:0
FNH:0
DA:1,96
DA:2,96
DA:3,96
DA:4,96
DA:5,96
DA:6,96
DA:7,96
DA:8,96
DA:9,96
DA:10,96
DA:11,96
DA:12,96
DA:13,96
DA:14,96
DA:15,96
DA:16,96
DA:17,96
DA:18,96
DA:19,96
DA:20,96
DA:21,96
DA:22,96
DA:23,96
DA:24,96
DA:25,96
DA:26,96
DA:27,96
DA:28,96
DA:29,96
DA:30,96
DA:31,96
DA:32,96
DA:33,96
DA:34,96
DA:35,96
DA:36,96
DA:37,96
DA:38,96
DA:39,96
DA:40,96
DA:41,96
DA:42,96
DA:43,96
DA:44,96
DA:45,96
DA:46,96
DA:47,96
DA:48,96
DA:49,96
DA:50,96
DA:51,96
DA:52,96
DA:53,96
DA:54,96
DA:55,96
DA:56,96
DA:57,96
DA:58,96
DA:59,96
DA:60,96
DA:61,96
DA:62,96
DA:63,96
DA:64,96
DA:65,96
DA:66,96
DA:67,96
DA:68,96
DA:69,96
DA:70,96
DA:71,96
DA:72,96
DA:73,96
DA:74,96
DA:75,96
DA:76,96
DA:77,96
DA:78,96
DA:79,96
DA:80,96
DA:81,96
DA:82,96
DA:83,96
DA:84,96
DA:85,96
DA:86,96
DA:87,96
DA:88,96
DA:89,96
DA:90,96
DA:91,96
DA:92,96
DA:93,96
DA:94,96
DA:95,96
DA:96,96
DA:97,96
DA:98,96
DA:99,96
DA:100,96
DA:101,96
DA:102,96
DA:103,96
DA:104,96
DA:105,96
DA:106,96
DA:107,96
DA:108,96
DA:109,96
DA:110,96
DA:111,96
DA:112,96
DA:113,96
DA:114,96
DA:115,96
DA:116,96
DA:117,96
DA:118,96
DA:119,96
DA:120,96
DA:121,96
DA:122,96
DA:123,96
DA:124,96
DA:125,96
DA:126,96
DA:127,96
DA:128,96
DA:129,96
DA:130,96
DA:131,96
DA:132,96
LF:132
LH:132
BRDA:1,0,0,96
BRF:1
BRH:1
end_of_record
TN:
SF:dist/chunks/chunk.75E4P43W.js
FNF:0
FNH:0
DA:1,96
DA:2,96
DA:3,96
DA:4,96
DA:5,96
DA:6,96
DA:7,96
DA:8,96
DA:9,96
DA:10,96
DA:11,96
DA:12,96
DA:13,96
DA:14,96
DA:15,96
DA:16,96
DA:17,96
DA:18,96
DA:19,96
DA:20,96
DA:21,96
DA:22,96
DA:23,96
DA:24,96
DA:25,96
DA:26,96
DA:27,96
DA:28,96
DA:29,96
LF:29
LH:29
BRDA:1,0,0,96
BRF:1
BRH:1
end_of_record
TN:
SF:dist/chunks/chunk.7DIJ2SI4.js
FN:3,HasSlotController
FN:9,hasDefaultSlot
FN:27,hasNamedSlot
FN:30,test
FN:33,hostConnected
FN:36,hostDisconnected
FN:39,handleSlotChange
FN:46,getTextContent
FNF:8
FNH:8
FNDA:440,HasSlotController
FNDA:400,hasDefaultSlot
FNDA:1870,hasNamedSlot
FNDA:2270,test
FNDA:440,hostConnected
FNDA:440,hostDisconnected
FNDA:288,handleSlotChange
FNDA:280,getTextContent
DA:1,96
DA:2,96
DA:3,96
DA:4,440
DA:5,440
DA:6,440
DA:7,440
DA:8,440
DA:9,96
DA:10,400
DA:11,392
DA:12,392
DA:13,392
DA:14,0
DA:15,0
DA:16,0
DA:17,0
DA:18,0
DA:19,0
DA:20,0
DA:21,0
DA:22,0
DA:23,0
DA:24,0
DA:25,400
DA:26,400
DA:27,96
DA:28,1870
DA:29,1870
DA:30,96
DA:31,2270
DA:32,2270
DA:33,96
DA:34,440
DA:35,440
DA:36,96
DA:37,440
DA:38,440
DA:39,96
DA:40,288
DA:41,288
DA:42,164
DA:43,164
DA:44,288
DA:45,96
DA:46,280
DA:47,280
DA:48,0
DA:49,0
DA:50,280
DA:51,280
DA:52,280
DA:53,280
DA:54,280
DA:55,280
DA:56,280
DA:57,280
DA:58,280
DA:59,96
DA:60,96
DA:61,96
DA:62,96
DA:63,96
LF:63
LH:50
BRDA:1,0,0,11150
BRDA:3,1,0,11150
BRDA:27,2,0,11150
BRDA:30,3,0,11150
BRDA:31,4,0,11150
BRDA:33,5,0,11150
BRDA:36,6,0,11150
BRDA:39,7,0,11150
BRDA:41,8,0,11150
BRDA:41,9,0,11150
BRDA:41,10,0,11150
BRDA:9,11,0,11150
BRDA:10,12,0,11150
BRDA:14,13,0,11150
BRDA:31,14,0,11150
BRDA:41,15,0,11150
BRDA:46,16,0,11150
BRDA:47,17,0,11150
BRDA:52,18,0,11150
BRF:19
BRH:19
end_of_record
TN:
SF:dist/chunks/chunk.7OLVL6DK.js
FNF:0
FNH:0
DA:1,96
DA:2,96
DA:3,96
DA:4,96
DA:5,96
DA:6,96
DA:7,96
DA:8,96
DA:9,96
DA:10,96
DA:11,96
DA:12,96
DA:13,96
DA:14,96
DA:15,96
DA:16,96
DA:17,96
DA:18,96
DA:19,96
DA:20,96
DA:21,96
DA:22,96
DA:23,96
DA:24,96
DA:25,96
DA:26,96
DA:27,96
DA:28,96
DA:29,96
DA:30,96
LF:30
LH:30
BRDA:1,0,0,96
BRF:1
BRH:1
end_of_record
TN:
SF:dist/chunks/chunk.7PG6CLEC.js
FN:23,LynkTableHeader
FN:28,connectedCallback
FN:32,disconnectedCallback
FN:36,handleClick
FN:43,render
FNF:5
FNH:4
FNDA:90,LynkTableHeader
FNDA:30,connectedCallback
FNDA:30,disconnectedCallback
FNDA:0,handleClick
FNDA:44,render
DA:1,96
DA:2,96
DA:3,96
DA:4,96
DA:5,96
DA:6,96
DA:7,96
DA:8,96
DA:9,96
DA:10,96
DA:11,96
DA:12,96
DA:13,96
DA:14,96
DA:15,96
DA:16,96
DA:17,96
DA:18,96
DA:19,96
DA:20,96
DA:21,96
DA:22,96
DA:23,96
DA:24,90
DA:25,90
DA:26,90
DA:27,90
DA:28,96
DA:29,30
DA:30,30
DA:31,30
DA:32,96
DA:33,30
DA:34,30
DA:35,30
DA:36,96
DA:37,0
DA:38,0
DA:39,0
DA:40,0
DA:41,0
DA:42,0
DA:43,96
DA:44,44
DA:45,44
DA:46,44
DA:47,38
DA:48,44
DA:49,44
DA:50,44
DA:51,96
DA:52,96
DA:53,96
DA:54,96
DA:55,96
DA:56,96
DA:57,96
DA:58,96
DA:59,96
DA:60,96
DA:61,96
DA:62,96
DA:63,96
DA:64,96
DA:65,96
DA:66,96
DA:67,96
DA:68,96
LF:68
LH:62
BRDA:1,0,0,1370
BRDA:23,1,0,1370
BRDA:28,2,0,1370
BRDA:32,3,0,1370
BRDA:43,4,0,1370
BRDA:46,5,0,1370
BRDA:47,6,0,1370
BRDA:47,7,0,1370
BRDA:47,8,0,1370
BRDA:47,9,0,1370
BRDA:48,10,0,1370
BRF:11
BRH:11
end_of_record
TN:
SF:dist/chunks/chunk.7SBM3EME.js
FN:19,render
FNF:1
FNH:1
FNDA:28,render
DA:1,96
DA:2,96
DA:3,96
DA:4,96
DA:5,96
DA:6,96
DA:7,96
DA:8,96
DA:9,96
DA:10,96
DA:11,96
DA:12,96
DA:13,96
DA:14,96
DA:15,96
DA:16,96
DA:17,96
DA:18,96
DA:19,96
DA:20,28
DA:21,28
DA:22,96
DA:23,96
DA:24,96
DA:25,96
DA:26,96
DA:27,96
DA:28,96
DA:29,96
DA:30,96
LF:30
LH:30
BRDA:1,0,0,217
BRDA:19,1,0,217
BRF:2
BRH:2
end_of_record
TN:
SF:dist/chunks/chunk.7VBUZNMK.js
FN:17,LynkFormatNumber
FN:26,render
FNF:2
FNH:2
FNDA:78,LynkFormatNumber
FNDA:78,render
DA:1,96
DA:2,96
DA:3,96
DA:4,96
DA:5,96
DA:6,96
DA:7,96
DA:8,96
DA:9,96
DA:10,96
DA:11,96
DA:12,96
DA:13,96
DA:14,96
DA:15,96
DA:16,96
DA:17,96
DA:18,78
DA:19,78
DA:20,78
DA:21,78
DA:22,78
DA:23,78
DA:24,78
DA:25,78
DA:26,96
DA:27,78
DA:28,0
DA:29,0
DA:30,78
DA:31,78
DA:32,78
DA:33,78
DA:34,78
DA:35,78
DA:36,78
DA:37,78
DA:38,78
DA:39,78
DA:40,78
DA:41,78
DA:42,96
DA:43,96
DA:44,96
DA:45,96
DA:46,96
DA:47,96
DA:48,96
DA:49,96
DA:50,96
DA:51,96
DA:52,96
DA:53,96
DA:54,96
DA:55,96
DA:56,96
DA:57,96
DA:58,96
DA:59,96
DA:60,96
DA:61,96
DA:62,96
DA:63,96
DA:64,96
DA:65,96
DA:66,96
DA:67,96
DA:68,96
DA:69,96
DA:70,96
DA:71,96
DA:72,96
DA:73,96
DA:74,96
DA:75,96
DA:76,96
DA:77,96
DA:78,96
DA:79,96
LF:79
LH:77
BRDA:1,0,0,531
BRDA:17,1,0,531
BRDA:26,2,0,531
BRDA:27,3,0,531
BRF:4
BRH:4
end_of_record
TN:
SF:dist/chunks/chunk.A7PXFFCX.js
FN:26,LynkTag
FN:34,handleRemoveClick
FN:37,render
FNF:3
FNH:0
FNDA:0,LynkTag
FNDA:0,handleRemoveClick
FNDA:0,render
DA:1,96
DA:2,96
DA:3,96
DA:4,96
DA:5,96
DA:6,96
DA:7,96
DA:8,96
DA:9,96
DA:10,96
DA:11,96
DA:12,96
DA:13,96
DA:14,96
DA:15,96
DA:16,96
DA:17,96
DA:18,96
DA:19,96
DA:20,96
DA:21,96
DA:22,96
DA:23,96
DA:24,96
DA:25,96
DA:26,96
DA:27,0
DA:28,0
DA:29,0
DA:30,0
DA:31,0
DA:32,0
DA:33,0
DA:34,96
DA:35,0
DA:36,0
DA:37,96
DA:38,0
DA:39,0
DA:40,0
DA:41,0
DA:42,0
DA:43,0
DA:44,0
DA:45,0
DA:46,0
DA:47,0
DA:48,0
DA:49,0
DA:50,0
DA:51,0
DA:52,0
DA:53,0
DA:54,0
DA:55,0
DA:56,0
DA:57,0
DA:58,0
DA:59,0
DA:60,0
DA:61,0
DA:62,0
DA:63,0
DA:64,0
DA:65,0
DA:66,0
DA:67,0
DA:68,0
DA:69,0
DA:70,0
DA:71,0
DA:72,96
DA:73,96
DA:74,96
DA:75,96
DA:76,96
DA:77,96
DA:78,96
DA:79,96
DA:80,96
DA:81,96
DA:82,96
DA:83,96
DA:84,96
DA:85,96
DA:86,96
DA:87,96
DA:88,96
DA:89,96
DA:90,96
DA:91,96
DA:92,96
LF:92
LH:49
BRDA:1,0,0,96
BRF:1
BRH:1
end_of_record
TN:
SF:dist/chunks/chunk.AVHH4H7U.js
FN:19,render
FNF:1
FNH:1
FNDA:14,render
DA:1,96
DA:2,96
DA:3,96
DA:4,96
DA:5,96
DA:6,96
DA:7,96
DA:8,96
DA:9,96
DA:10,96
DA:11,96
DA:12,96
DA:13,96
DA:14,96
DA:15,96
DA:16,96
DA:17,96
DA:18,96
DA:19,96
DA:20,14
DA:21,14
DA:22,96
DA:23,96
DA:24,96
DA:25,96
DA:26,96
DA:27,96
DA:28,96
DA:29,96
DA:30,96
LF:30
LH:30
BRDA:1,0,0,203
BRDA:19,1,0,203
BRF:2
BRH:2
end_of_record
TN:
SF:dist/chunks/chunk.B4LZN36Y.js
FN:20,LynkDivider
FN:24,firstUpdated
FN:28,handleVerticalChange
FNF:3
FNH:3
FNDA:6,LynkDivider
FNDA:6,firstUpdated
FNDA:8,handleVerticalChange
DA:1,96
DA:2,96
DA:3,96
DA:4,96
DA:5,96
DA:6,96
DA:7,96
DA:8,96
DA:9,96
DA:10,96
DA:11,96
DA:12,96
DA:13,96
DA:14,96
DA:15,96
DA:16,96
DA:17,96
DA:18,96
DA:19,96
DA:20,96
DA:21,6
DA:22,6
DA:23,6
DA:24,96
DA:25,6
DA:26,6
DA:27,6
DA:28,96
DA:29,8
DA:30,8
DA:31,96
DA:32,96
DA:33,96
DA:34,96
DA:35,96
DA:36,96
DA:37,96
DA:38,96
DA:39,96
DA:40,96
DA:41,96
DA:42,96
DA:43,96
DA:44,96
DA:45,96
LF:45
LH:45
BRDA:1,0,0,589
BRDA:20,1,0,589
BRDA:24,2,0,589
BRDA:28,3,0,589
BRDA:29,4,0,589
BRDA:29,5,0,589
BRF:6
BRH:6
end_of_record
TN:
SF:dist/chunks/chunk.BEXWGICB.js
FN:49,LynkInput
FN:78,get valueAsDate
FN:82,set valueAsDate
FN:88,get valueAsNumber
FN:92,set valueAsNumber
FN:98,firstUpdated
FN:103,focus
FN:106,blur
FN:109,select
FN:112,setSelectionRange
FN:115,setRangeText
FN:123,showPicker
FN:128,stepUp
FN:136,stepDown
FN:144,checkValidity
FN:147,reportValidity
FN:150,setCustomValidity
FN:154,handleBlur
FN:158,handleChange
FN:162,handleClearClick
FN:170,handleDisabledChange
FN:176,handleStepChange
FN:182,handleFocus
FN:186,handleInput
FN:190,handleInvalid
FN:195,handleKeyDown
FN:206,handlePasswordToggle
FN:209,handleValueChange
FN:215,render
FNF:29
FNH:13
FNDA:30,LynkInput
FNDA:0,get valueAsDate
FNDA:2,set valueAsDate
FNDA:0,get valueAsNumber
FNDA:2,set valueAsNumber
FNDA:30,firstUpdated
FNDA:4,focus
FNDA:0,blur
FNDA:0,select
FNDA:0,setSelectionRange
FNDA:0,setRangeText
FNDA:0,showPicker
FNDA:0,stepUp
FNDA:0,stepDown
FNDA:0,checkValidity
FNDA:8,reportValidity
FNDA:0,setCustomValidity
FNDA:12,handleBlur
FNDA:0,handleChange
FNDA:0,handleClearClick
FNDA:2,handleDisabledChange
FNDA:0,handleStepChange
FNDA:12,handleFocus
FNDA:0,handleInput
FNDA:16,handleInvalid
FNDA:4,handleKeyDown
FNDA:0,handlePasswordToggle
FNDA:4,handleValueChange
FNDA:70,render
DA:1,96
DA:2,96
DA:3,96
DA:4,96
DA:5,96
DA:6,96
DA:7,96
DA:8,96
DA:9,96
DA:10,96
DA:11,96
DA:12,96
DA:13,96
DA:14,96
DA:15,96
DA:16,96
DA:17,96
DA:18,96
DA:19,96
DA:20,96
DA:21,96
DA:22,96
DA:23,96
DA:24,96
DA:25,96
DA:26,96
DA:27,96
DA:28,96
DA:29,96
DA:30,96
DA:31,96
DA:32,96
DA:33,96
DA:34,96
DA:35,96
DA:36,96
DA:37,96
DA:38,96
DA:39,96
DA:40,96
DA:41,96
DA:42,96
DA:43,96
DA:44,96
DA:45,96
DA:46,96
DA:47,96
DA:48,96
DA:49,96
DA:50,30
DA:51,30
DA:52,30
DA:53,30
DA:54,30
DA:55,30
DA:56,30
DA:57,30
DA:58,30
DA:59,30
DA:60,30
DA:61,30
DA:62,30
DA:63,30
DA:64,30
DA:65,30
DA:66,30
DA:67,30
DA:68,30
DA:69,30
DA:70,30
DA:71,30
DA:72,30
DA:73,30
DA:74,30
DA:75,30
DA:76,30
DA:77,30
DA:78,96
DA:79,0
DA:80,0
DA:81,0
DA:82,96
DA:83,2
DA:84,2
DA:85,2
DA:86,2
DA:87,2
DA:88,96
DA:89,0
DA:90,0
DA:91,0
DA:92,96
DA:93,2
DA:94,2
DA:95,2
DA:96,2
DA:97,2
DA:98,96
DA:99,30
DA:100,14
DA:101,14
DA:102,30
DA:103,96
DA:104,4
DA:105,4
DA:106,96
DA:107,0
DA:108,0
DA:109,96
DA:110,0
DA:111,0
DA:112,96
DA:113,0
DA:114,0
DA:115,96
DA:116,0
DA:117,0
DA:118,0
DA:119,0
DA:120,0
DA:121,0
DA:122,0
DA:123,96
DA:124,0
DA:125,0
DA:126,0
DA:127,0
DA:128,96
DA:129,0
DA:130,0
DA:131,0
DA:132,0
DA:133,0
DA:134,0
DA:135,0
DA:136,96
DA:137,0
DA:138,0
DA:139,0
DA:140,0
DA:141,0
DA:142,0
DA:143,0
DA:144,96
DA:145,0
DA:146,0
DA:147,96
DA:148,8
DA:149,8
DA:150,96
DA:151,0
DA:152,0
DA:153,0
DA:154,96
DA:155,12
DA:156,12
DA:157,12
DA:158,96
DA:159,0
DA:160,0
DA:161,0
DA:162,96
DA:163,0
DA:164,0
DA:165,0
DA:166,0
DA:167,0
DA:168,0
DA:169,0
DA:170,96
DA:171,2
DA:172,2
DA:173,2
DA:174,2
DA:175,2
DA:176,96
DA:177,0
DA:178,0
DA:179,0
DA:180,0
DA:181,0
DA:182,96
DA:183,12
DA:184,12
DA:185,12
DA:186,96
DA:187,0
DA:188,0
DA:189,0
DA:190,96
DA:191,16
DA:192,16
DA:193,16
DA:194,16
DA:195,96
DA:196,4
DA:197,4
DA:198,4
DA:199,4
DA:200,2
DA:201,2
DA:202,2
DA:203,4
DA:204,4
DA:205,4
DA:206,96
DA:207,0
DA:208,0
DA:209,96
DA:210,4
DA:211,4
DA:212,0
DA:213,0
DA:214,4
DA:215,96
DA:216,70
DA:217,70
DA:218,70
DA:219,70
DA:220,70
DA:221,70
DA:222,70
DA:223,70
DA:224,70
DA:225,70
DA:226,70
DA:227,70
DA:228,70
DA:229,70
DA:230,70
DA:231,70
DA:232,70
DA:233,70
DA:234,70
DA:235,70
DA:236,70
DA:237,70
DA:238,70
DA:239,70
DA:240,70
DA:241,70
DA:242,70
DA:243,70
DA:244,70
DA:245,70
DA:246,70
DA:247,70
DA:248,70
DA:249,70
DA:250,24
DA:251,24
DA:252,24
DA:253,70
DA:254,70
DA:255,70
DA:256,0
DA:257,0
DA:258,0
DA:259,0
DA:260,0
DA:261,0
DA:262,70
DA:263,70
DA:264,70
DA:265,70
DA:266,70
DA:267,70
DA:268,70
DA:269,70
DA:270,70
DA:271,70
DA:272,70
DA:273,70
DA:274,70
DA:275,70
DA:276,70
DA:277,70
DA:278,70
DA:279,70
DA:280,70
DA:281,70
DA:282,70
DA:283,70
DA:284,70
DA:285,70
DA:286,70
DA:287,70
DA:288,70
DA:289,70
DA:290,70
DA:291,70
DA:292,70
DA:293,70
DA:294,70
DA:295,70
DA:296,70
DA:297,0
DA:298,0
DA:299,0
DA:300,0
DA:301,0
DA:302,0
DA:303,0
DA:304,70
DA:305,70
DA:306,70
DA:307,70
DA:308,70
DA:309,70
DA:310,70
DA:311,70
DA:312,70
DA:313,70
DA:314,70
DA:315,70
DA:316,70
DA:317,70
DA:318,70
DA:319,70
DA:320,70
DA:321,70
DA:322,70
DA:323,70
DA:324,70
DA:325,70
DA:326,70
DA:327,70
DA:328,70
DA:329,70
DA:330,70
DA:331,70
DA:332,70
DA:333,70
DA:334,70
DA:335,70
DA:336,70
DA:337,70
DA:338,70
DA:339,70
DA:340,70
DA:341,70
DA:342,0
DA:343,0
DA:344,0
DA:345,0
DA:346,0
DA:347,0
DA:348,0
DA:349,0
DA:350,0
DA:351,0
DA:352,0
DA:353,0
DA:354,70
DA:355,70
DA:356,0
DA:357,0
DA:358,0
DA:359,0
DA:360,0
DA:361,0
DA:362,0
DA:363,0
DA:364,0
DA:365,0
DA:366,0
DA:367,0
DA:368,0
DA:369,0
DA:370,0
DA:371,0
DA:372,0
DA:373,0
DA:374,70
DA:375,70
DA:376,70
DA:377,70
DA:378,70
DA:379,70
DA:380,70
DA:381,70
DA:382,70
DA:383,70
DA:384,70
DA:385,70
DA:386,70
DA:387,70
DA:388,70
DA:389,70
DA:390,70
DA:391,70
DA:392,70
DA:393,96
DA:394,96
DA:395,96
DA:396,96
DA:397,96
DA:398,96
DA:399,96
DA:400,96
DA:401,96
DA:402,96
DA:403,96
DA:404,96
DA:405,96
DA:406,96
DA:407,96
DA:408,96
DA:409,96
DA:410,96
DA:411,96
DA:412,96
DA:413,96
DA:414,96
DA:415,96
DA:416,96
DA:417,96
DA:418,96
DA:419,96
DA:420,96
DA:421,96
DA:422,96
DA:423,96
DA:424,96
DA:425,96
DA:426,96
DA:427,96
DA:428,96
DA:429,96
DA:430,96
DA:431,96
DA:432,96
DA:433,96
DA:434,96
DA:435,96
DA:436,96
DA:437,96
DA:438,96
DA:439,96
DA:440,96
DA:441,96
DA:442,96
DA:443,96
DA:444,96
DA:445,96
DA:446,96
DA:447,96
DA:448,96
DA:449,96
DA:450,96
DA:451,96
DA:452,96
DA:453,96
DA:454,96
DA:455,96
DA:456,96
DA:457,96
DA:458,96
DA:459,96
DA:460,96
DA:461,96
DA:462,96
DA:463,96
DA:464,96
DA:465,96
DA:466,96
DA:467,96
DA:468,96
DA:469,96
DA:470,96
DA:471,96
DA:472,96
DA:473,96
DA:474,96
DA:475,96
DA:476,96
DA:477,96
DA:478,96
DA:479,96
DA:480,96
DA:481,96
DA:482,96
DA:483,96
DA:484,96
DA:485,96
DA:486,96
DA:487,96
DA:488,96
DA:489,96
DA:490,96
DA:491,96
DA:492,96
DA:493,96
DA:494,96
DA:495,96
DA:496,96
DA:497,96
DA:498,96
DA:499,96
DA:500,96
DA:501,96
DA:502,96
DA:503,96
DA:504,96
DA:505,96
DA:506,96
DA:507,96
DA:508,96
DA:509,96
DA:510,96
DA:511,96
DA:512,96
DA:513,96
DA:514,96
DA:515,96
DA:516,96
DA:517,96
DA:518,96
DA:519,96
DA:520,96
DA:521,96
DA:522,96
DA:523,96
DA:524,96
LF:524
LH:417
BRDA:1,0,0,4593
BRDA:46,1,0,0
BRDA:47,2,0,0
BRDA:49,3,0,4593
BRDA:82,4,0,4593
BRDA:92,5,0,4593
BRDA:98,6,0,4593
BRDA:99,7,0,4593
BRDA:103,8,0,4593
BRDA:147,9,0,4593
BRDA:148,10,0,4593
BRDA:154,11,0,4593
BRDA:170,12,0,4593
BRDA:182,13,0,4593
BRDA:190,14,0,4593
BRDA:195,15,0,4593
BRDA:198,16,0,4593
BRDA:199,17,0,4593
BRDA:199,18,0,4593
BRDA:209,19,0,4593
BRDA:211,20,0,4593
BRDA:215,21,0,4593
BRDA:219,22,0,4593
BRDA:219,23,0,4593
BRDA:220,24,0,4593
BRDA:221,25,0,4593
BRDA:222,26,0,4593
BRDA:222,27,0,4593
BRDA:222,28,0,4593
BRDA:245,29,0,4593
BRDA:245,30,0,4593
BRDA:249,31,0,4593
BRDA:253,32,0,4593
BRDA:255,33,0,4593
BRDA:296,34,0,4593
BRDA:309,35,0,4593
BRDA:309,36,0,4593
BRDA:322,37,0,4593
BRDA:323,38,0,4593
BRDA:324,39,0,4593
BRDA:331,40,0,4593
BRDA:331,41,0,4593
BRDA:341,42,0,4593
BRDA:355,43,0,4593
BRDA:355,44,0,4593
BRDA:386,45,0,4593
BRF:46
BRH:44
end_of_record
TN:
SF:dist/chunks/chunk.BHCIIXF2.js
FN:8,l
FN:12,i
FN:19,a
FNF:3
FNH:3
FNDA:9840,l
FNDA:494,i
FNDA:192,a
DA:1,96
DA:2,96
DA:3,96
DA:4,96
DA:5,96
DA:6,96
DA:7,96
DA:8,96
DA:9,9840
DA:10,9840
DA:11,96
DA:12,96
DA:13,0
DA:14,0
DA:15,0
DA:16,0
DA:17,96
DA:18,96
DA:19,96
DA:20,596
DA:21,596
DA:22,596
DA:23,596
DA:24,596
DA:25,9346
DA:26,9346
DA:27,9346
DA:28,9346
DA:29,596
DA:30,494
DA:31,494
DA:32,494
DA:33,596
DA:34,96
DA:35,96
DA:36,96
DA:37,96
DA:38,96
DA:39,96
DA:40,96
DA:41,96
DA:42,96
DA:43,96
DA:44,96
DA:45,96
DA:46,96
LF:46
LH:42
BRDA:1,0,0,12733
BRDA:19,1,0,21966
BRDA:8,2,0,12733
BRDA:9,3,0,12733
BRDA:10,4,0,12733
BRDA:10,5,0,12733
BRDA:12,6,0,12733
BRDA:19,7,0,21966
BRDA:24,8,0,21966
BRDA:25,9,0,21966
BRDA:26,10,0,21966
BRDA:29,11,0,21966
BRDA:29,12,0,21966
BRDA:31,13,0,21966
BRF:14
BRH:14
end_of_record
TN:
SF:dist/chunks/chunk.BHGC5XFF.js
FN:6,watch
FN:14,proto.update
FNF:2
FNH:2
FNDA:6624,watch
FNDA:4688,proto.update
DA:1,96
DA:2,96
DA:3,96
DA:4,96
DA:5,96
DA:6,6624
DA:7,6624
DA:8,6624
DA:9,6624
DA:10,6624
DA:11,6624
DA:12,6624
DA:13,6240
DA:14,6240
DA:15,4688
DA:16,2512
DA:17,2512
DA:18,2512
DA:19,2512
DA:20,1778
DA:21,1778
DA:22,2512
DA:23,2512
DA:24,4688
DA:25,6240
DA:26,6240
DA:27,6624
DA:28,6624
DA:29,96
DA:30,96
DA:31,96
DA:32,96
LF:32
LH:32
BRDA:1,0,0,96
BRDA:6,1,0,6624
BRDA:10,2,0,6624
BRDA:12,3,0,6240
BRDA:14,4,0,7288
BRDA:15,5,0,5112
BRDA:19,6,0,3508
BRDA:19,7,0,4378
BRF:8
BRH:8
end_of_record
TN:
SF:dist/chunks/chunk.DD3GSRML.js
FN:6,l
FNF:1
FNH:1
FNDA:6364,l
DA:1,96
DA:2,96
DA:3,96
DA:4,96
DA:5,96
DA:6,96
DA:7,96
DA:8,96
DA:9,96
DA:10,96
DA:11,96
DA:12,96
DA:13,96
DA:14,96
DA:15,96
LF:15
LH:15
BRDA:1,0,0,19365
BRDA:6,1,0,19365
BRDA:6,2,0,19365
BRDA:6,3,0,19365
BRF:4
BRH:4
end_of_record
TN:
SF:dist/chunks/chunk.DPNJAZK2.js
FNF:0
FNH:0
DA:1,96
DA:2,96
DA:3,96
DA:4,96
DA:5,96
DA:6,96
DA:7,96
DA:8,96
DA:9,96
DA:10,96
DA:11,96
DA:12,96
DA:13,96
DA:14,96
DA:15,96
DA:16,96
DA:17,96
DA:18,96
DA:19,96
DA:20,96
DA:21,96
DA:22,96
DA:23,96
DA:24,96
DA:25,96
DA:26,96
DA:27,96
DA:28,96
DA:29,96
DA:30,96
DA:31,96
LF:31
LH:31
BRDA:1,0,0,96
BRF:1
BRH:1
end_of_record
TN:
SF:dist/chunks/chunk.DWYFX7FQ.js
FN:32,LynkIconButton
FN:40,click
FN:43,focus
FN:46,blur
FN:49,handleBlur
FN:53,handleFocus
FN:57,handleClick
FN:65,render
FNF:8
FNH:8
FNDA:94,LynkIconButton
FNDA:4,click
FNDA:2,focus
FNDA:2,blur
FNDA:2,handleBlur
FNDA:2,handleFocus
FNDA:4,handleClick
FNDA:100,render
DA:1,96
DA:2,96
DA:3,96
DA:4,96
DA:5,96
DA:6,96
DA:7,96
DA:8,96
DA:9,96
DA:10,96
DA:11,96
DA:12,96
DA:13,96
DA:14,96
DA:15,96
DA:16,96
DA:17,96
DA:18,96
DA:19,96
DA:20,96
DA:21,96
DA:22,96
DA:23,96
DA:24,96
DA:25,96
DA:26,96
DA:27,96
DA:28,96
DA:29,96
DA:30,96
DA:31,96
DA:32,96
DA:33,94
DA:34,94
DA:35,94
DA:36,94
DA:37,94
DA:38,94
DA:39,94
DA:40,96
DA:41,4
DA:42,4
DA:43,96
DA:44,2
DA:45,2
DA:46,96
DA:47,2
DA:48,2
DA:49,96
DA:50,2
DA:51,2
DA:52,2
DA:53,96
DA:54,2
DA:55,2
DA:56,2
DA:57,96
DA:58,4
DA:59,0
DA:60,0
DA:61,0
DA:62,0
DA:63,4
DA:64,4
DA:65,96
DA:66,100
DA:67,100
DA:68,100
DA:69,100
DA:70,100
DA:71,100
DA:72,100
DA:73,100
DA:74,100
DA:75,100
DA:76,100
DA:77,100
DA:78,100
DA:79,100
DA:80,100
DA:81,100
DA:82,100
DA:83,100
DA:84,100
DA:85,100
DA:86,100
DA:87,100
DA:88,100
DA:89,100
DA:90,100
DA:91,100
DA:92,100
DA:93,100
DA:94,100
DA:95,100
DA:96,100
DA:97,100
DA:98,100
DA:99,100
DA:100,100
DA:101,100
DA:102,100
DA:103,100
DA:104,100
DA:105,100
DA:106,100
DA:107,100
DA:108,100
DA:109,100
DA:110,100
DA:111,100
DA:112,100
DA:113,100
DA:114,96
DA:115,96
DA:116,96
DA:117,96
DA:118,96
DA:119,96
DA:120,96
DA:121,96
DA:122,96
DA:123,96
DA:124,96
DA:125,96
DA:126,96
DA:127,96
DA:128,96
DA:129,96
DA:130,96
DA:131,96
DA:132,96
DA:133,96
DA:134,96
DA:135,96
DA:136,96
DA:137,96
DA:138,96
DA:139,96
DA:140,96
DA:141,96
DA:142,96
DA:143,96
DA:144,96
DA:145,96
DA:146,96
DA:147,96
DA:148,96
DA:149,96
DA:150,96
DA:151,96
DA:152,96
DA:153,96
DA:154,96
DA:155,96
LF:155
LH:151
BRDA:1,0,0,4361
BRDA:32,1,0,4361
BRDA:65,2,0,4361
BRDA:66,3,0,4361
BRDA:67,4,0,4361
BRDA:84,5,0,4361
BRDA:85,6,0,4361
BRDA:86,7,0,4361
BRDA:87,8,0,4361
BRDA:88,9,0,4361
BRDA:89,10,0,4361
BRDA:89,11,0,4361
BRDA:90,12,0,4361
BRDA:91,13,0,4361
BRDA:93,14,0,4361
BRDA:40,15,0,4361
BRDA:43,16,0,4361
BRDA:46,17,0,4361
BRDA:49,18,0,4361
BRDA:53,19,0,4361
BRDA:57,20,0,4361
BRDA:58,21,0,4361
BRDA:66,22,0,4361
BRDA:67,23,0,4361
BRDA:79,24,0,4361
BRDA:84,25,0,4361
BRDA:85,26,0,4361
BRDA:86,27,0,4361
BRDA:87,28,0,4361
BRDA:88,29,0,4361
BRDA:89,30,0,4361
BRDA:90,31,0,4361
BRDA:91,32,0,4361
BRDA:93,33,0,4361
BRF:34
BRH:34
end_of_record
TN:
SF:dist/chunks/chunk.E4AJYFRU.js
FN:8,backInDown
FN:9,backInLeft
FN:10,backInRight
FN:11,backInUp
FN:12,backOutDown
FN:13,backOutLeft
FN:14,backOutRight
FN:15,backOutUp
FN:16,bounce
FN:17,bounceIn
FN:18,bounceInDown
FN:19,bounceInLeft
FN:20,bounceInRight
FN:21,bounceInUp
FN:22,bounceOut
FN:23,bounceOutDown
FN:24,bounceOutLeft
FN:25,bounceOutRight
FN:26,bounceOutUp
FN:27,easings
FN:28,fadeIn
FN:29,fadeInBottomLeft
FN:30,fadeInBottomRight
FN:31,fadeInDown
FN:32,fadeInDownBig
FN:33,fadeInLeft
FN:34,fadeInLeftBig
FN:35,fadeInRight
FN:36,fadeInRightBig
FN:37,fadeInTopLeft
FN:38,fadeInTopRight
FN:39,fadeInUp
FN:40,fadeInUpBig
FN:41,fadeOut
FN:42,fadeOutBottomLeft
FN:43,fadeOutBottomRight
FN:44,fadeOutDown
FN:45,fadeOutDownBig
FN:46,fadeOutLeft
FN:47,fadeOutLeftBig
FN:48,fadeOutRight
FN:49,fadeOutRightBig
FN:50,fadeOutTopLeft
FN:51,fadeOutTopRight
FN:52,fadeOutUp
FN:53,fadeOutUpBig
FN:54,flash
FN:55,flip
FN:56,flipInX
FN:57,flipInY
FN:58,flipOutX
FN:59,flipOutY
FN:60,headShake
FN:61,heartBeat
FN:62,hinge
FN:63,jackInTheBox
FN:64,jello
FN:65,lightSpeedInLeft
FN:66,lightSpeedInRight
FN:67,lightSpeedOutLeft
FN:68,lightSpeedOutRight
FN:69,pulse
FN:70,rollIn
FN:71,rollOut
FN:72,rotateIn
FN:73,rotateInDownLeft
FN:74,rotateInDownRight
FN:75,rotateInUpLeft
FN:76,rotateInUpRight
FN:77,rotateOut
FN:78,rotateOutDownLeft
FN:79,rotateOutDownRight
FN:80,rotateOutUpLeft
FN:81,rotateOutUpRight
FN:82,rubberBand
FN:83,shake
FN:84,shakeX
FN:85,shakeY
FN:86,slideInDown
FN:87,slideInLeft
FN:88,slideInRight
FN:89,slideInUp
FN:90,slideOutDown
FN:91,slideOutLeft
FN:92,slideOutRight
FN:93,slideOutUp
FN:94,swing
FN:95,tada
FN:96,wobble
FN:97,zoomIn
FN:98,zoomInDown
FN:99,zoomInLeft
FN:100,zoomInRight
FN:101,zoomInUp
FN:102,zoomOut
FN:103,zoomOutDown
FN:104,zoomOutLeft
FN:105,zoomOutRight
FN:106,zoomOutUp
FN:968,getAnimationNames
FN:971,getEasingNames
FNF:101
FNH:0
FNDA:0,backInDown
FNDA:0,backInLeft
FNDA:0,backInRight
FNDA:0,backInUp
FNDA:0,backOutDown
FNDA:0,backOutLeft
FNDA:0,backOutRight
FNDA:0,backOutUp
FNDA:0,bounce
FNDA:0,bounceIn
FNDA:0,bounceInDown
FNDA:0,bounceInLeft
FNDA:0,bounceInRight
FNDA:0,bounceInUp
FNDA:0,bounceOut
FNDA:0,bounceOutDown
FNDA:0,bounceOutLeft
FNDA:0,bounceOutRight
FNDA:0,bounceOutUp
FNDA:0,easings
FNDA:0,fadeIn
FNDA:0,fadeInBottomLeft
FNDA:0,fadeInBottomRight
FNDA:0,fadeInDown
FNDA:0,fadeInDownBig
FNDA:0,fadeInLeft
FNDA:0,fadeInLeftBig
FNDA:0,fadeInRight
FNDA:0,fadeInRightBig
FNDA:0,fadeInTopLeft
FNDA:0,fadeInTopRight
FNDA:0,fadeInUp
FNDA:0,fadeInUpBig
FNDA:0,fadeOut
FNDA:0,fadeOutBottomLeft
FNDA:0,fadeOutBottomRight
FNDA:0,fadeOutDown
FNDA:0,fadeOutDownBig
FNDA:0,fadeOutLeft
FNDA:0,fadeOutLeftBig
FNDA:0,fadeOutRight
FNDA:0,fadeOutRightBig
FNDA:0,fadeOutTopLeft
FNDA:0,fadeOutTopRight
FNDA:0,fadeOutUp
FNDA:0,fadeOutUpBig
FNDA:0,flash
FNDA:0,flip
FNDA:0,flipInX
FNDA:0,flipInY
FNDA:0,flipOutX
FNDA:0,flipOutY
FNDA:0,headShake
FNDA:0,heartBeat
FNDA:0,hinge
FNDA:0,jackInTheBox
FNDA:0,jello
FNDA:0,lightSpeedInLeft
FNDA:0,lightSpeedInRight
FNDA:0,lightSpeedOutLeft
FNDA:0,lightSpeedOutRight
FNDA:0,pulse
FNDA:0,rollIn
FNDA:0,rollOut
FNDA:0,rotateIn
FNDA:0,rotateInDownLeft
FNDA:0,rotateInDownRight
FNDA:0,rotateInUpLeft
FNDA:0,rotateInUpRight
FNDA:0,rotateOut
FNDA:0,rotateOutDownLeft
FNDA:0,rotateOutDownRight
FNDA:0,rotateOutUpLeft
FNDA:0,rotateOutUpRight
FNDA:0,rubberBand
FNDA:0,shake
FNDA:0,shakeX
FNDA:0,shakeY
FNDA:0,slideInDown
FNDA:0,slideInLeft
FNDA:0,slideInRight
FNDA:0,slideInUp
FNDA:0,slideOutDown
FNDA:0,slideOutLeft
FNDA:0,slideOutRight
FNDA:0,slideOutUp
FNDA:0,swing
FNDA:0,tada
FNDA:0,wobble
FNDA:0,zoomIn
FNDA:0,zoomInDown
FNDA:0,zoomInLeft
FNDA:0,zoomInRight
FNDA:0,zoomInUp
FNDA:0,zoomOut
FNDA:0,zoomOutDown
FNDA:0,zoomOutLeft
FNDA:0,zoomOutRight
FNDA:0,zoomOutUp
FNDA:0,getAnimationNames
FNDA:0,getEasingNames
DA:1,96
DA:2,96
DA:3,96
DA:4,96
DA:5,96
DA:6,96
DA:7,96
DA:8,96
DA:9,96
DA:10,96
DA:11,96
DA:12,96
DA:13,96
DA:14,96
DA:15,96
DA:16,96
DA:17,96
DA:18,96
DA:19,96
DA:20,96
DA:21,96
DA:22,96
DA:23,96
DA:24,96
DA:25,96
DA:26,96
DA:27,96
DA:28,96
DA:29,96
DA:30,96
DA:31,96
DA:32,96
DA:33,96
DA:34,96
DA:35,96
DA:36,96
DA:37,96
DA:38,96
DA:39,96
DA:40,96
DA:41,96
DA:42,96
DA:43,96
DA:44,96
DA:45,96
DA:46,96
DA:47,96
DA:48,96
DA:49,96
DA:50,96
DA:51,96
DA:52,96
DA:53,96
DA:54,96
DA:55,96
DA:56,96
DA:57,96
DA:58,96
DA:59,96
DA:60,96
DA:61,96
DA:62,96
DA:63,96
DA:64,96
DA:65,96
DA:66,96
DA:67,96
DA:68,96
DA:69,96
DA:70,96
DA:71,96
DA:72,96
DA:73,96
DA:74,96
DA:75,96
DA:76,96
DA:77,96
DA:78,96
DA:79,96
DA:80,96
DA:81,96
DA:82,96
DA:83,96
DA:84,96
DA:85,96
DA:86,96
DA:87,96
DA:88,96
DA:89,96
DA:90,96
DA:91,96
DA:92,96
DA:93,96
DA:94,96
DA:95,96
DA:96,96
DA:97,96
DA:98,96
DA:99,96
DA:100,96
DA:101,96
DA:102,96
DA:103,96
DA:104,96
DA:105,96
DA:106,96
DA:107,96
DA:108,96
DA:109,96
DA:110,96
DA:111,96
DA:112,96
DA:113,96
DA:114,96
DA:115,96
DA:116,96
DA:117,96
DA:118,96
DA:119,96
DA:120,96
DA:121,96
DA:122,96
DA:123,96
DA:124,96
DA:125,96
DA:126,96
DA:127,96
DA:128,96
DA:129,96
DA:130,96
DA:131,96
DA:132,96
DA:133,96
DA:134,96
DA:135,96
DA:136,96
DA:137,96
DA:138,96
DA:139,96
DA:140,96
DA:141,96
DA:142,96
DA:143,96
DA:144,96
DA:145,96
DA:146,96
DA:147,96
DA:148,96
DA:149,96
DA:150,96
DA:151,96
DA:152,96
DA:153,96
DA:154,96
DA:155,96
DA:156,96
DA:157,96
DA:158,96
DA:159,96
DA:160,96
DA:161,96
DA:162,96
DA:163,96
DA:164,96
DA:165,96
DA:166,96
DA:167,96
DA:168,96
DA:169,96
DA:170,96
DA:171,96
DA:172,96
DA:173,96
DA:174,96
DA:175,96
DA:176,96
DA:177,96
DA:178,96
DA:179,96
DA:180,96
DA:181,96
DA:182,96
DA:183,96
DA:184,96
DA:185,96
DA:186,96
DA:187,96
DA:188,96
DA:189,96
DA:190,96
DA:191,96
DA:192,96
DA:193,96
DA:194,96
DA:195,96
DA:196,96
DA:197,96
DA:198,96
DA:199,96
DA:200,96
DA:201,96
DA:202,96
DA:203,96
DA:204,96
DA:205,96
DA:206,96
DA:207,96
DA:208,96
DA:209,96
DA:210,96
DA:211,96
DA:212,96
DA:213,96
DA:214,96
DA:215,96
DA:216,96
DA:217,96
DA:218,96
DA:219,96
DA:220,96
DA:221,96
DA:222,96
DA:223,96
DA:224,96
DA:225,96
DA:226,96
DA:227,96
DA:228,96
DA:229,96
DA:230,96
DA:231,96
DA:232,96
DA:233,96
DA:234,96
DA:235,96
DA:236,96
DA:237,96
DA:238,96
DA:239,96
DA:240,96
DA:241,96
DA:242,96
DA:243,96
DA:244,96
DA:245,96
DA:246,96
DA:247,96
DA:248,96
DA:249,96
DA:250,96
DA:251,96
DA:252,96
DA:253,96
DA:254,96
DA:255,96
DA:256,96
DA:257,96
DA:258,96
DA:259,96
DA:260,96
DA:261,96
DA:262,96
DA:263,96
DA:264,96
DA:265,96
DA:266,96
DA:267,96
DA:268,96
DA:269,96
DA:270,96
DA:271,96
DA:272,96
DA:273,96
DA:274,96
DA:275,96
DA:276,96
DA:277,96
DA:278,96
DA:279,96
DA:280,96
DA:281,96
DA:282,96
DA:283,96
DA:284,96
DA:285,96
DA:286,96
[...]
TN:
SF:dist/chunks/chunk.XA7CKWZ3.js
FN:19,render
FNF:1
FNH:1
FNDA:2,render
DA:1,96
DA:2,96
DA:3,96
DA:4,96
DA:5,96
DA:6,96
DA:7,96
DA:8,96
DA:9,96
DA:10,96
DA:11,96
DA:12,96
DA:13,96
DA:14,96
DA:15,96
DA:16,96
DA:17,96
DA:18,96
DA:19,96
DA:20,2
DA:21,2
DA:22,96
DA:23,96
DA:24,96
DA:25,96
DA:26,96
DA:27,96
DA:28,96
DA:29,96
DA:30,96
LF:30
LH:30
BRDA:1,0,0,191
BRDA:19,1,0,191
BRF:2
BRH:2
end_of_record
TN:
SF:dist/chunks/chunk.XDSCP5T6.js
FNF:0
FNH:0
DA:1,96
DA:2,96
DA:3,96
DA:4,96
DA:5,96
DA:6,96
DA:7,96
DA:8,96
DA:9,96
DA:10,96
DA:11,96
DA:12,96
DA:13,96
DA:14,96
DA:15,96
DA:16,96
DA:17,96
DA:18,96
DA:19,96
DA:20,96
DA:21,96
DA:22,96
DA:23,96
DA:24,96
DA:25,96
DA:26,96
DA:27,96
DA:28,96
DA:29,96
DA:30,96
DA:31,96
DA:32,96
DA:33,96
DA:34,96
DA:35,96
LF:35
LH:35
BRDA:1,0,0,96
BRF:1
BRH:1
end_of_record
TN:
SF:dist/chunks/chunk.XMQCXZ3F.js
FN:12,registerTranslation
FN:26,update
FN:36,LocalizeController
FN:40,hostConnected
FN:43,hostDisconnected
FN:46,dir
FN:49,lang
FN:52,term
FN:75,date
FN:79,number
FN:83,relativeTime
FNF:11
FNH:10
FNDA:96,registerTranslation
FNDA:96,update
FNDA:610,LocalizeController
FNDA:610,hostConnected
FNDA:608,hostDisconnected
FNDA:688,dir
FNDA:346,lang
FNDA:122,term
FNDA:80,date
FNDA:144,number
FNDA:0,relativeTime
DA:1,96
DA:2,96
DA:3,96
DA:4,96
DA:5,96
DA:6,96
DA:7,96
DA:8,96
DA:9,96
DA:10,96
DA:11,96
DA:12,96
DA:13,96
DA:14,96
DA:15,96
DA:16,0
DA:17,96
DA:18,96
DA:19,96
DA:20,96
DA:21,96
DA:22,96
DA:23,96
DA:24,96
DA:25,96
DA:26,96
DA:27,96
DA:28,96
DA:29,96
DA:30,0
DA:31,0
DA:32,0
DA:33,96
DA:34,96
DA:35,96
DA:36,96
DA:37,610
DA:38,610
DA:39,610
DA:40,96
DA:41,610
DA:42,610
DA:43,96
DA:44,608
DA:45,608
DA:46,96
DA:47,688
DA:48,688
DA:49,96
DA:50,346
DA:51,346
DA:52,96
DA:53,122
DA:54,122
DA:55,122
DA:56,122
DA:57,122
DA:58,122
DA:59,122
DA:60,122
DA:61,0
DA:62,122
DA:63,122
DA:64,122
DA:65,0
DA:66,0
DA:67,0
DA:68,0
DA:69,0
DA:70,122
DA:71,0
DA:72,0
DA:73,122
DA:74,122
DA:75,96
DA:76,80
DA:77,80
DA:78,80
DA:79,96
DA:80,144
DA:81,144
DA:82,144
DA:83,96
DA:84,0
DA:85,0
DA:86,96
DA:87,96
DA:88,96
DA:89,96
DA:90,96
DA:91,96
DA:92,96
DA:93,96
DA:94,96
DA:95,96
DA:96,96
DA:97,96
DA:98,96
DA:99,96
DA:100,96
DA:101,96
DA:102,96
DA:103,96
DA:104,96
DA:105,96
DA:106,96
DA:107,96
DA:108,96
DA:109,96
DA:110,96
DA:111,96
DA:112,96
DA:113,96
DA:114,96
DA:115,96
DA:116,96
DA:117,96
DA:118,96
DA:119,96
LF:119
LH:105
BRDA:1,0,0,2226
BRDA:6,1,0,0
BRDA:12,2,0,96
BRDA:13,3,0,96
BRDA:15,4,0,0
BRDA:26,5,0,96
BRDA:28,6,0,0
BRDA:36,7,0,658
BRDA:40,8,0,658
BRDA:43,9,0,656
BRDA:46,10,0,750
BRDA:49,11,0,2226
BRDA:52,12,0,2226
BRDA:55,13,0,2226
BRDA:56,14,0,2226
BRDA:56,15,0,2226
BRDA:56,16,0,2226
BRDA:60,17,0,2226
BRDA:60,18,0,2226
BRDA:64,19,0,2226
BRDA:70,20,0,2226
BRDA:79,21,0,2226
BRDA:81,22,0,2226
BRDA:50,23,0,2226
BRDA:75,24,0,2226
BRF:25
BRH:22
end_of_record
TN:
SF:dist/chunks/chunk.XUI2Z2OT.js
FN:20,render
FNF:1
FNH:1
FNDA:58,render
DA:1,96
DA:2,96
DA:3,96
DA:4,96
DA:5,96
DA:6,96
DA:7,96
DA:8,96
DA:9,96
DA:10,96
DA:11,96
DA:12,96
DA:13,96
DA:14,96
DA:15,96
DA:16,96
DA:17,96
DA:18,96
DA:19,96
DA:20,96
DA:21,58
DA:22,58
DA:23,96
DA:24,96
DA:25,96
DA:26,96
DA:27,96
DA:28,96
DA:29,96
DA:30,96
DA:31,96
DA:32,96
DA:33,96
DA:34,96
LF:34
LH:34
BRDA:1,0,0,247
BRDA:20,1,0,247
BRF:2
BRH:2
end_of_record
TN:
SF:dist/chunks/chunk.XVYUENIZ.js
FN:7,animateTo
FN:19,parseDuration
FN:29,prefersReducedMotion
FN:33,stopAnimations
FN:45,shimKeyframesHeightAuto
FN:52,waitForEvent
FN:54,done
FNF:7
FNH:6
FNDA:138,animateTo
FNDA:0,parseDuration
FNDA:138,prefersReducedMotion
FNDA:134,stopAnimations
FNDA:12,shimKeyframesHeightAuto
FNDA:86,waitForEvent
FNDA:83,done
DA:1,96
DA:2,96
DA:3,96
DA:4,96
DA:5,96
DA:6,96
DA:7,138
DA:8,138
DA:9,138
DA:10,0
DA:11,0
DA:12,138
DA:13,138
DA:14,138
DA:15,138
DA:16,138
DA:17,138
DA:18,138
DA:19,0
DA:20,0
DA:21,0
DA:22,0
DA:23,0
DA:24,0
DA:25,0
DA:26,0
DA:27,0
DA:28,0
DA:29,138
DA:30,138
DA:31,138
DA:32,138
DA:33,134
DA:34,134
DA:35,134
DA:36,0
DA:37,0
DA:38,0
DA:39,0
DA:40,0
DA:41,0
DA:42,134
DA:43,134
DA:44,134
DA:45,12
DA:46,12
DA:47,0
DA:48,12
DA:49,12
DA:50,96
DA:51,96
DA:52,86
DA:53,86
DA:54,86
DA:55,83
DA:56,83
DA:57,83
DA:58,83
DA:59,83
DA:60,86
DA:61,86
DA:62,86
DA:63,96
DA:64,96
DA:65,96
DA:66,96
DA:67,96
DA:68,96
DA:69,96
DA:70,96
LF:70
LH:51
BRDA:1,0,0,96
BRDA:7,1,0,218
BRDA:8,2,0,218
BRDA:9,3,0,80
BRDA:9,4,0,80
BRDA:13,5,0,80
BRDA:29,6,0,218
BRDA:33,7,0,214
BRDA:45,8,0,106
BRDA:52,9,0,166
BRDA:53,10,0,166
BRDA:54,11,0,163
BRF:12
BRH:12
end_of_record
TN:
SF:dist/chunks/chunk.YBOYV2PP.js
FNF:0
FNH:0
DA:1,96
DA:2,96
DA:3,96
DA:4,96
DA:5,96
DA:6,96
DA:7,96
DA:8,96
DA:9,96
DA:10,96
DA:11,96
DA:12,96
DA:13,96
DA:14,96
DA:15,96
DA:16,96
DA:17,96
DA:18,96
DA:19,96
DA:20,96
DA:21,96
DA:22,96
DA:23,96
DA:24,96
DA:25,96
DA:26,96
DA:27,96
DA:28,96
DA:29,96
DA:30,96
DA:31,96
DA:32,96
DA:33,96
DA:34,96
DA:35,96
DA:36,96
DA:37,96
DA:38,96
DA:39,96
DA:40,96
DA:41,96
DA:42,96
DA:43,96
DA:44,96
DA:45,96
DA:46,96
DA:47,96
DA:48,96
DA:49,96
DA:50,96
DA:51,96
DA:52,96
DA:53,96
DA:54,96
DA:55,96
DA:56,96
DA:57,96
DA:58,96
DA:59,96
DA:60,96
DA:61,96
DA:62,96
DA:63,96
DA:64,96
DA:65,96
DA:66,96
DA:67,96
DA:68,96
DA:69,96
DA:70,96
DA:71,96
DA:72,96
DA:73,96
DA:74,96
DA:75,96
DA:76,96
DA:77,96
DA:78,96
DA:79,96
DA:80,96
DA:81,96
DA:82,96
DA:83,96
DA:84,96
DA:85,96
LF:85
LH:85
BRDA:1,0,0,96
BRF:1
BRH:1
end_of_record
TN:
SF:dist/chunks/chunk.YE2HZFIX.js
FN:30,LynkMenuItem
FN:36,firstUpdated
FN:39,getTextLabel
FN:42,handleCheckedChange
FN:45,handleDisabledChange
FN:48,handleClick
FN:56,handleDefaultSlotChange
FN:67,render
FNF:8
FNH:7
FNDA:152,LynkMenuItem
FNDA:152,firstUpdated
FNDA:170,getTextLabel
FNDA:160,handleCheckedChange
FNDA:154,handleDisabledChange
FNDA:0,handleClick
FNDA:156,handleDefaultSlotChange
FNDA:162,render
DA:1,96
DA:2,96
DA:3,96
DA:4,96
DA:5,96
DA:6,96
DA:7,96
DA:8,96
DA:9,96
DA:10,96
DA:11,96
DA:12,96
DA:13,96
DA:14,96
DA:15,96
DA:16,96
DA:17,96
DA:18,96
DA:19,96
DA:20,96
DA:21,96
DA:22,96
DA:23,96
DA:24,96
DA:25,96
DA:26,96
DA:27,96
DA:28,96
DA:29,96
DA:30,96
DA:31,152
DA:32,152
DA:33,152
DA:34,152
DA:35,152
DA:36,96
DA:37,152
DA:38,152
DA:39,96
DA:40,170
DA:41,170
DA:42,96
DA:43,160
DA:44,160
DA:45,96
DA:46,154
DA:47,154
DA:48,96
DA:49,0
DA:50,0
DA:51,0
DA:52,0
DA:53,0
DA:54,0
DA:55,0
DA:56,96
DA:57,156
DA:58,156
DA:59,152
DA:60,152
DA:61,152
DA:62,4
DA:63,4
DA:64,4
DA:65,4
DA:66,156
DA:67,96
DA:68,162
DA:69,162
DA:70,162
DA:71,162
DA:72,162
DA:73,162
DA:74,162
DA:75,162
DA:76,162
DA:77,162
DA:78,162
DA:79,162
DA:80,162
DA:81,162
DA:82,162
DA:83,162
DA:84,162
DA:85,162
DA:86,162
DA:87,162
DA:88,162
DA:89,162
DA:90,162
DA:91,162
DA:92,162
DA:93,162
DA:94,162
DA:95,96
DA:96,96
DA:97,96
DA:98,96
DA:99,96
DA:100,96
DA:101,96
DA:102,96
DA:103,96
DA:104,96
DA:105,96
DA:106,96
DA:107,96
DA:108,96
DA:109,96
DA:110,96
DA:111,96
DA:112,96
DA:113,96
DA:114,96
DA:115,96
DA:116,96
DA:117,96
DA:118,96
DA:119,96
DA:120,96
DA:121,96
DA:122,96
DA:123,96
DA:124,96
LF:124
LH:117
BRDA:1,0,0,2777
BRDA:30,1,0,2777
BRDA:36,2,0,2777
BRDA:39,3,0,2777
BRDA:42,4,0,2777
BRDA:43,5,0,2777
BRDA:45,6,0,2777
BRDA:46,7,0,2777
BRDA:56,8,0,2777
BRDA:62,9,0,2777
BRDA:67,10,0,2777
BRDA:46,11,0,2777
BRDA:43,12,0,2777
BRDA:58,13,0,2777
BRF:14
BRH:14
end_of_record
TN:
SF:dist/chunks/chunk.YITIVKMA.js
FNF:0
FNH:0
DA:1,96
DA:2,96
DA:3,96
DA:4,96
DA:5,96
DA:6,96
DA:7,96
DA:8,96
DA:9,96
DA:10,96
DA:11,96
DA:12,96
DA:13,96
DA:14,96
DA:15,96
DA:16,96
DA:17,96
DA:18,96
DA:19,96
DA:20,96
DA:21,96
DA:22,96
DA:23,96
DA:24,96
DA:25,96
DA:26,96
DA:27,96
DA:28,96
DA:29,96
DA:30,96
DA:31,96
DA:32,96
DA:33,96
DA:34,96
DA:35,96
DA:36,96
DA:37,96
DA:38,96
DA:39,96
DA:40,96
DA:41,96
DA:42,96
DA:43,96
DA:44,96
DA:45,96
DA:46,96
DA:47,96
DA:48,96
DA:49,96
DA:50,96
DA:51,96
DA:52,96
DA:53,96
DA:54,96
DA:55,96
DA:56,96
DA:57,96
DA:58,96
DA:59,96
DA:60,96
DA:61,96
DA:62,96
DA:63,96
DA:64,96
DA:65,96
DA:66,96
DA:67,96
DA:68,96
DA:69,96
DA:70,96
DA:71,96
DA:72,96
DA:73,96
DA:74,96
DA:75,96
DA:76,96
DA:77,96
DA:78,96
DA:79,96
DA:80,96
DA:81,96
DA:82,96
DA:83,96
DA:84,96
DA:85,96
DA:86,96
DA:87,96
DA:88,96
DA:89,96
DA:90,96
DA:91,96
DA:92,96
DA:93,96
DA:94,96
DA:95,96
DA:96,96
DA:97,96
DA:98,96
DA:99,96
DA:100,96
DA:101,96
DA:102,96
DA:103,96
DA:104,96
DA:105,96
DA:106,96
DA:107,96
DA:108,96
DA:109,96
DA:110,96
DA:111,96
DA:112,96
DA:113,96
DA:114,96
DA:115,96
DA:116,96
DA:117,96
DA:118,96
DA:119,96
DA:120,96
DA:121,96
DA:122,96
DA:123,96
DA:124,96
DA:125,96
DA:126,96
DA:127,96
DA:128,96
DA:129,96
DA:130,96
DA:131,96
DA:132,96
DA:133,96
DA:134,96
DA:135,96
DA:136,96
DA:137,96
DA:138,96
DA:139,96
DA:140,96
DA:141,96
DA:142,96
DA:143,96
DA:144,96
DA:145,96
DA:146,96
DA:147,96
DA:148,96
DA:149,96
DA:150,96
DA:151,96
DA:152,96
DA:153,96
DA:154,96
DA:155,96
DA:156,96
DA:157,96
DA:158,96
DA:159,96
DA:160,96
DA:161,96
DA:162,96
DA:163,96
DA:164,96
DA:165,96
DA:166,96
DA:167,96
DA:168,96
DA:169,96
DA:170,96
DA:171,96
DA:172,96
DA:173,96
DA:174,96
DA:175,96
DA:176,96
DA:177,96
DA:178,96
DA:179,96
DA:180,96
DA:181,96
DA:182,96
DA:183,96
DA:184,96
DA:185,96
DA:186,96
DA:187,96
DA:188,96
DA:189,96
DA:190,96
DA:191,96
DA:192,96
DA:193,96
DA:194,96
DA:195,96
DA:196,96
DA:197,96
DA:198,96
DA:199,96
DA:200,96
DA:201,96
DA:202,96
DA:203,96
DA:204,96
DA:205,96
DA:206,96
DA:207,96
DA:208,96
DA:209,96
DA:210,96
DA:211,96
DA:212,96
DA:213,96
DA:214,96
DA:215,96
DA:216,96
DA:217,96
DA:218,96
DA:219,96
DA:220,96
DA:221,96
DA:222,96
DA:223,96
DA:224,96
DA:225,96
DA:226,96
DA:227,96
DA:228,96
DA:229,96
DA:230,96
DA:231,96
DA:232,96
DA:233,96
DA:234,96
DA:235,96
DA:236,96
DA:237,96
DA:238,96
DA:239,96
DA:240,96
DA:241,96
DA:242,96
DA:243,96
DA:244,96
DA:245,96
DA:246,96
DA:247,96
DA:248,96
DA:249,96
DA:250,96
DA:251,96
DA:252,96
DA:253,96
DA:254,96
DA:255,96
DA:256,96
DA:257,96
DA:258,96
DA:259,96
DA:260,96
DA:261,96
DA:262,96
DA:263,96
DA:264,96
DA:265,96
DA:266,96
DA:267,96
DA:268,96
DA:269,96
DA:270,96
DA:271,96
DA:272,96
DA:273,96
DA:274,96
DA:275,96
DA:276,96
DA:277,96
DA:278,96
DA:279,96
DA:280,96
DA:281,96
DA:282,96
DA:283,96
DA:284,96
DA:285,96
DA:286,96
DA:287,96
DA:288,96
DA:289,96
DA:290,96
DA:291,96
DA:292,96
DA:293,96
DA:294,96
DA:295,96
DA:296,96
DA:297,96
DA:298,96
DA:299,96
DA:300,96
DA:301,96
DA:302,96
DA:303,96
DA:304,96
DA:305,96
DA:306,96
DA:307,96
DA:308,96
DA:309,96
DA:310,96
DA:311,96
DA:312,96
DA:313,96
DA:314,96
DA:315,96
DA:316,96
DA:317,96
DA:318,96
DA:319,96
DA:320,96
DA:321,96
DA:322,96
DA:323,96
DA:324,96
DA:325,96
DA:326,96
DA:327,96
DA:328,96
DA:329,96
DA:330,96
DA:331,96
DA:332,96
DA:333,96
DA:334,96
DA:335,96
DA:336,96
DA:337,96
DA:338,96
DA:339,96
DA:340,96
DA:341,96
DA:342,96
DA:343,96
DA:344,96
DA:345,96
DA:346,96
DA:347,96
DA:348,96
DA:349,96
DA:350,96
DA:351,96
DA:352,96
DA:353,96
DA:354,96
DA:355,96
DA:356,96
DA:357,96
DA:358,96
DA:359,96
DA:360,96
DA:361,96
DA:362,96
DA:363,96
DA:364,96
DA:365,96
DA:366,96
DA:367,96
DA:368,96
DA:369,96
DA:370,96
DA:371,96
DA:372,96
DA:373,96
LF:373
LH:373
BRDA:1,0,0,96
BRF:1
BRH:1
end_of_record
TN:
SF:dist/chunks/chunk.YJSU43EN.js
FN:23,LynkMutationObserver
FN:31,connectedCallback
FN:39,disconnectedCallback
FN:42,handleDisabledChange
FN:49,handleChange
FN:53,handleMutation
FN:58,startObserver
FN:74,stopObserver
FN:77,render
FNF:9
FNH:7
FNDA:2,LynkMutationObserver
FNDA:2,connectedCallback
FNDA:2,disconnectedCallback
FNDA:2,handleDisabledChange
FNDA:0,handleChange
FNDA:0,handleMutation
FNDA:4,startObserver
FNDA:2,stopObserver
FNDA:2,render
DA:1,96
DA:2,96
DA:3,96
DA:4,96
DA:5,96
DA:6,96
DA:7,96
DA:8,96
DA:9,96
DA:10,96
DA:11,96
DA:12,96
DA:13,96
DA:14,96
DA:15,96
DA:16,96
DA:17,96
DA:18,96
DA:19,96
DA:20,96
DA:21,96
DA:22,96
DA:23,96
DA:24,2
DA:25,2
DA:26,2
DA:27,2
DA:28,2
DA:29,2
DA:30,2
DA:31,96
DA:32,2
DA:33,2
DA:34,2
DA:35,2
DA:36,2
DA:37,2
DA:38,2
DA:39,96
DA:40,2
DA:41,2
DA:42,96
DA:43,2
DA:44,0
DA:45,2
DA:46,2
DA:47,2
DA:48,2
DA:49,96
DA:50,0
DA:51,0
DA:52,0
DA:53,96
DA:54,0
DA:55,0
DA:56,0
DA:57,0
DA:58,96
DA:59,4
DA:60,4
DA:61,4
DA:62,4
DA:63,4
DA:64,4
DA:65,4
DA:66,4
DA:67,4
DA:68,4
DA:69,4
DA:70,4
DA:71,4
DA:72,4
DA:73,4
DA:74,96
DA:75,2
DA:76,2
DA:77,96
DA:78,2
DA:79,2
DA:80,96
DA:81,96
DA:82,96
DA:83,96
DA:84,96
DA:85,96
DA:86,96
DA:87,96
DA:88,96
DA:89,96
DA:90,96
DA:91,96
DA:92,96
DA:93,96
DA:94,96
DA:95,96
DA:96,96
DA:97,96
DA:98,96
DA:99,96
DA:100,96
DA:101,96
DA:102,96
DA:103,96
DA:104,96
DA:105,96
DA:106,96
DA:107,96
DA:108,96
DA:109,96
DA:110,96
DA:111,96
DA:112,96
DA:113,96
DA:114,96
DA:115,96
DA:116,96
LF:116
LH:108
BRDA:1,0,0,1135
BRDA:23,1,0,1135
BRDA:31,2,0,1135
BRDA:39,3,0,1135
BRDA:42,4,0,1135
BRDA:43,5,0,1135
BRDA:58,6,0,1135
BRDA:59,7,0,1135
BRDA:60,8,0,1135
BRDA:60,9,0,1135
BRDA:74,10,0,1135
BRDA:77,11,0,1135
BRF:12
BRH:12
end_of_record
TN:
SF:dist/chunks/chunk.YNVV53OX.js
FN:27,LynkAnimation
FN:42,get currentTime
FN:46,set currentTime
FN:51,connectedCallback
FN:57,disconnectedCallback
FN:61,handleAnimationChange
FN:67,handleAnimationFinish
FN:72,handleAnimationCancel
FN:77,handlePlayChange
FN:92,handlePlaybackRateChange
FN:97,handleSlotChange
FN:101,createAnimation
FN:132,destroyAnimation
FN:140,cancel
FN:144,finish
FN:148,render
FNF:16
FNH:0
FNDA:0,LynkAnimation
FNDA:0,get currentTime
FNDA:0,set currentTime
FNDA:0,connectedCallback
FNDA:0,disconnectedCallback
FNDA:0,handleAnimationChange
FNDA:0,handleAnimationFinish
FNDA:0,handleAnimationCancel
FNDA:0,handlePlayChange
FNDA:0,handlePlaybackRateChange
FNDA:0,handleSlotChange
FNDA:0,createAnimation
FNDA:0,destroyAnimation
FNDA:0,cancel
FNDA:0,finish
FNDA:0,render
DA:1,96
DA:2,96
DA:3,96
DA:4,96
DA:5,96
DA:6,96
DA:7,96
DA:8,96
DA:9,96
DA:10,96
DA:11,96
DA:12,96
DA:13,96
DA:14,96
DA:15,96
DA:16,96
DA:17,96
DA:18,96
DA:19,96
DA:20,96
DA:21,96
DA:22,96
DA:23,96
DA:24,96
DA:25,96
DA:26,96
DA:27,96
DA:28,0
DA:29,0
DA:30,0
DA:31,0
DA:32,0
DA:33,0
DA:34,0
DA:35,0
DA:36,0
DA:37,0
DA:38,0
DA:39,0
DA:40,0
DA:41,0
DA:42,96
DA:43,0
DA:44,0
DA:45,0
DA:46,96
DA:47,0
DA:48,0
DA:49,0
DA:50,0
DA:51,96
DA:52,0
DA:53,0
DA:54,0
DA:55,0
DA:56,0
DA:57,96
DA:58,0
DA:59,0
DA:60,0
DA:61,96
DA:62,0
DA:63,0
DA:64,0
DA:65,0
DA:66,0
DA:67,96
DA:68,0
DA:69,0
DA:70,0
DA:71,0
DA:72,96
DA:73,0
DA:74,0
DA:75,0
DA:76,0
DA:77,96
DA:78,0
DA:79,0
DA:80,0
DA:81,0
DA:82,0
DA:83,0
DA:84,0
DA:85,0
DA:86,0
DA:87,0
DA:88,0
DA:89,0
DA:90,0
DA:91,0
DA:92,96
DA:93,0
DA:94,0
DA:95,0
DA:96,0
DA:97,96
DA:98,0
DA:99,0
DA:100,0
DA:101,96
DA:102,0
DA:103,0
DA:104,0
DA:105,0
DA:106,0
DA:107,0
DA:108,0
DA:109,0
DA:110,0
DA:111,0
DA:112,0
DA:113,0
DA:114,0
DA:115,0
DA:116,0
DA:117,0
DA:118,0
DA:119,0
DA:120,0
DA:121,0
DA:122,0
DA:123,0
DA:124,0
DA:125,0
DA:126,0
DA:127,0
DA:128,0
DA:129,0
DA:130,0
DA:131,0
DA:132,96
DA:133,0
DA:134,0
DA:135,0
DA:136,0
DA:137,0
DA:138,0
DA:139,0
DA:140,96
DA:141,0
DA:142,0
DA:143,0
DA:144,96
DA:145,0
DA:146,0
DA:147,0
DA:148,96
DA:149,0
DA:150,0
DA:151,96
DA:152,96
DA:153,96
DA:154,96
DA:155,96
DA:156,96
DA:157,96
DA:158,96
DA:159,96
DA:160,96
DA:161,96
DA:162,96
DA:163,96
DA:164,96
DA:165,96
DA:166,96
DA:167,96
DA:168,96
DA:169,96
DA:170,96
DA:171,96
DA:172,96
DA:173,96
DA:174,96
DA:175,96
DA:176,96
DA:177,96
DA:178,96
DA:179,96
DA:180,96
DA:181,96
DA:182,96
DA:183,96
DA:184,96
DA:185,96
DA:186,96
DA:187,96
DA:188,96
DA:189,96
DA:190,96
DA:191,96
DA:192,96
DA:193,96
DA:194,96
DA:195,96
DA:196,96
DA:197,96
DA:198,96
DA:199,96
DA:200,96
DA:201,96
DA:202,96
DA:203,96
DA:204,96
DA:205,96
DA:206,96
DA:207,96
DA:208,96
DA:209,96
DA:210,96
DA:211,96
DA:212,96
DA:213,96
DA:214,96
DA:215,96
DA:216,96
LF:216
LH:108
BRDA:1,0,0,96
BRF:1
BRH:1
end_of_record
TN:
SF:dist/chunks/chunk.YRWGXPQM.js
FN:20,LynkFormatDate
FN:26,render
FNF:2
FNH:2
FNDA:80,LynkFormatDate
FNDA:80,render
DA:1,96
DA:2,96
DA:3,96
DA:4,96
DA:5,96
DA:6,96
DA:7,96
DA:8,96
DA:9,96
DA:10,96
DA:11,96
DA:12,96
DA:13,96
DA:14,96
DA:15,96
DA:16,96
DA:17,96
DA:18,96
DA:19,96
DA:20,96
DA:21,80
DA:22,80
DA:23,80
DA:24,80
DA:25,80
DA:26,96
DA:27,80
DA:28,80
DA:29,80
DA:30,0
DA:31,0
DA:32,80
DA:33,80
DA:34,80
DA:35,80
DA:36,80
DA:37,80
DA:38,80
DA:39,80
DA:40,80
DA:41,80
DA:42,80
DA:43,80
DA:44,80
DA:45,80
DA:46,80
DA:47,80
DA:48,80
DA:49,80
DA:50,96
DA:51,96
DA:52,96
DA:53,96
DA:54,96
DA:55,96
DA:56,96
DA:57,96
DA:58,96
DA:59,96
DA:60,96
DA:61,96
DA:62,96
DA:63,96
DA:64,96
DA:65,96
DA:66,96
DA:67,96
DA:68,96
DA:69,96
DA:70,96
DA:71,96
DA:72,96
DA:73,96
DA:74,96
DA:75,96
DA:76,96
DA:77,96
DA:78,96
DA:79,96
DA:80,96
DA:81,96
DA:82,96
DA:83,96
DA:84,96
DA:85,96
DA:86,96
DA:87,96
DA:88,96
DA:89,96
DA:90,96
DA:91,96
DA:92,96
DA:93,96
LF:93
LH:91
BRDA:1,0,0,801
BRDA:20,1,0,801
BRDA:26,2,0,801
BRDA:28,3,0,801
BRDA:28,4,0,801
BRDA:29,5,0,801
BRF:6
BRH:6
end_of_record
TN:
SF:dist/chunks/chunk.Z4ZFEZT3.js
FNF:0
FNH:0
DA:1,96
DA:2,96
DA:3,96
DA:4,96
DA:5,96
DA:6,96
DA:7,96
DA:8,96
DA:9,96
DA:10,96
DA:11,96
DA:12,96
DA:13,96
DA:14,96
DA:15,96
DA:16,96
DA:17,96
DA:18,96
DA:19,96
DA:20,96
DA:21,96
DA:22,96
DA:23,96
DA:24,96
DA:25,96
DA:26,96
DA:27,96
DA:28,96
DA:29,96
DA:30,96
DA:31,96
DA:32,96
DA:33,96
DA:34,96
DA:35,96
DA:36,96
DA:37,96
DA:38,96
DA:39,96
DA:40,96
DA:41,96
DA:42,96
LF:42
LH:42
BRDA:1,0,0,96
BRF:1
BRH:1
end_of_record
TN:
SF:dist/chunks/chunk.ZIBL24PE.js
FNF:0
FNH:0
DA:1,96
DA:2,96
DA:3,96
DA:4,96
DA:5,96
DA:6,96
DA:7,96
DA:8,96
DA:9,96
DA:10,96
DA:11,96
DA:12,96
DA:13,96
DA:14,96
DA:15,96
DA:16,96
DA:17,96
DA:18,96
DA:19,96
DA:20,96
DA:21,96
DA:22,96
DA:23,96
DA:24,96
DA:25,96
DA:26,96
DA:27,96
DA:28,96
DA:29,96
LF:29
LH:29
BRDA:1,0,0,96
BRF:1
BRH:1
end_of_record
TN:
SF:dist/chunks/chunk.ZIN5F5WZ.js
FN:33,LynkTab
FN:43,connectedCallback
FN:47,focus
FN:50,blur
FN:53,handleCloseClick
FN:56,handleActiveChange
FN:59,handleDisabledChange
FN:62,render
FNF:8
FNH:8
FNDA:16,LynkTab
FNDA:16,connectedCallback
FNDA:4,focus
FNDA:2,blur
FNDA:2,handleCloseClick
FNDA:18,handleActiveChange
FNDA:16,handleDisabledChange
FNDA:18,render
DA:1,96
DA:2,96
DA:3,96
DA:4,96
DA:5,96
DA:6,96
DA:7,96
DA:8,96
DA:9,96
DA:10,96
DA:11,96
DA:12,96
DA:13,96
DA:14,96
DA:15,96
DA:16,96
DA:17,96
DA:18,96
DA:19,96
DA:20,96
DA:21,96
DA:22,96
DA:23,96
DA:24,96
DA:25,96
DA:26,96
DA:27,96
DA:28,96
DA:29,96
DA:30,96
DA:31,96
DA:32,96
DA:33,96
DA:34,16
DA:35,16
DA:36,16
DA:37,16
DA:38,16
DA:39,16
DA:40,16
DA:41,16
DA:42,16
DA:43,96
DA:44,16
DA:45,16
DA:46,16
DA:47,96
DA:48,4
DA:49,4
DA:50,96
DA:51,2
DA:52,2
DA:53,96
DA:54,2
DA:55,2
DA:56,96
DA:57,18
DA:58,18
DA:59,96
DA:60,16
DA:61,16
DA:62,96
DA:63,18
DA:64,18
DA:65,18
DA:66,18
DA:67,18
DA:68,18
DA:69,18
DA:70,18
DA:71,18
DA:72,18
DA:73,18
DA:74,18
DA:75,18
DA:76,18
DA:77,4
DA:78,4
DA:79,4
DA:80,4
DA:81,4
DA:82,4
DA:83,4
DA:84,4
DA:85,4
DA:86,4
DA:87,18
DA:88,18
DA:89,18
DA:90,18
DA:91,96
DA:92,96
DA:93,96
DA:94,96
DA:95,96
DA:96,96
DA:97,96
DA:98,96
DA:99,96
DA:100,96
DA:101,96
DA:102,96
DA:103,96
DA:104,96
DA:105,96
DA:106,96
DA:107,96
DA:108,96
DA:109,96
DA:110,96
DA:111,96
DA:112,96
DA:113,96
DA:114,96
DA:115,96
DA:116,96
DA:117,96
DA:118,96
DA:119,96
DA:120,96
LF:120
LH:120
BRDA:1,0,0,1950
BRDA:33,1,0,1950
BRDA:43,2,0,1950
BRDA:47,3,0,1950
BRDA:50,4,0,1950
BRDA:53,5,0,1950
BRDA:56,6,0,1950
BRDA:57,7,0,1950
BRDA:57,8,0,1950
BRDA:59,9,0,1950
BRDA:60,10,0,1950
BRDA:60,11,0,1950
BRDA:62,12,0,1950
BRDA:63,13,0,1950
BRDA:63,14,0,1950
BRDA:73,15,0,1950
BRDA:73,16,0,1950
BRDA:76,17,0,1950
BRDA:87,18,0,1950
BRF:19
BRH:19
end_of_record
TN:
SF:src/components/table/models.ts
FN:18,<instance_members_initializer>
FN:19,<static_initializer>
FN:22,LynkTableSortEvent
FNF:3
FNH:3
FNDA:12,<instance_members_initializer>
FNDA:2,<static_initializer>
FNDA:12,LynkTableSortEvent
DA:1,2
DA:2,2
DA:3,2
DA:4,2
DA:5,2
DA:6,2
DA:7,2
DA:8,2
DA:9,2
DA:10,2
DA:11,2
DA:12,2
DA:13,2
DA:14,2
DA:15,2
DA:16,2
DA:17,2
DA:18,2
DA:19,12
DA:20,12
DA:21,12
DA:22,12
DA:23,12
DA:24,12
DA:25,12
DA:26,12
DA:27,12
DA:28,12
DA:29,12
LF:29
LH:29
BRDA:12,0,0,2
BRDA:18,1,0,12
BRDA:19,2,0,2
BRDA:22,3,0,12
BRF:4
BRH:4
end_of_record
TN:
SF:src/utilities/form.ts
FN:5,serialize
FNF:1
FNH:1
FNDA:6,serialize
DA:1,6
DA:2,6
DA:3,6
DA:4,6
DA:5,6
DA:6,6
DA:7,6
DA:8,6
DA:9,6
DA:10,6
DA:11,0
DA:12,0
DA:13,0
DA:14,0
DA:15,0
DA:16,0
DA:17,6
DA:18,6
DA:19,6
DA:20,6
DA:21,6
DA:22,6
DA:23,6
LF:23
LH:17
BRDA:5,0,0,6
BRDA:9,1,0,6
BRDA:10,2,0,0
BRF:3
BRH:2
end_of_record
